#
# There is insufficient memory for the Java Runtime Environment to continue.
# Native memory allocation (malloc) failed to allocate 32744 bytes for Chunk::new
# Possible reasons:
#   The system is out of physical RAM or swap space
#   The process is running with CompressedOops enabled, and the Java Heap may be blocking the growth of the native heap
# Possible solutions:
#   Reduce memory load on the system
#   Increase physical memory or swap space
#   Check if swap backing store is full
#   Decrease Java heap size (-Xmx/-Xms)
#   Decrease number of Java threads
#   Decrease Java thread stack sizes (-Xss)
#   Set larger code cache with -XX:ReservedCodeCacheSize=
#   JVM is running with Zero Based Compressed Oops mode in which the Java heap is
#     placed in the first 32GB address space. The Java Heap base address is the
#     maximum limit for the native heap growth. Please use -XX:HeapBaseMinAddress
#     to set the Java Heap base and to place the Java Heap above 32GB virtual address.
# This output file may be truncated or incomplete.
#
#  Out of Memory Error (arena.cpp:184), pid=30324, tid=15556
#
# JRE version: Java(TM) SE Runtime Environment (19.0+36) (build 19+36-2238)
# Java VM: Java HotSpot(TM) 64-Bit Server VM (19+36-2238, mixed mode, sharing, tiered, compressed oops, compressed class ptrs, g1 gc, windows-amd64)
# No core dump will be written. Minidumps are not enabled by default on client versions of Windows
#

---------------  S U M M A R Y ------------

Command Line: -Dfile.encoding=UTF-8 --module-path=C:\Users\amitr\OneDrive\Pictures\Documents\NetBeansProjects\Bank Management System\build\classes bank.management.system.SignupThree

Host: Intel(R) Core(TM) i5-10300H CPU @ 2.50GHz, 8 cores, 15G,  Windows 11 , 64 bit Build 22621 (10.0.22621.1928)
Time: Fri Jul 28 02:03:12 2023 India Standard Time elapsed time: 2428.999590 seconds (0d 0h 40m 28s)

---------------  T H R E A D  ---------------

Current thread (0x00000237f3c962b0):  JavaThread "C2 CompilerThread0" daemon [_thread_in_native, id=15556, stack(0x000000f799800000,0x000000f799900000)]


Current CompileTask:
C2:2428999 1099       4       java.util.Arrays::binarySearch0 (95 bytes)

Stack: [0x000000f799800000,0x000000f799900000]
Native frames: (J=compiled Java code, j=interpreted, Vv=VM code, C=native code)
V  [jvm.dll+0x6ee8fa]
V  [jvm.dll+0x857a1e]
V  [jvm.dll+0x85940e]
V  [jvm.dll+0x859ac3]
V  [jvm.dll+0x28291f]
V  [jvm.dll+0xc9b5f]
V  [jvm.dll+0xc9ee5]
V  [jvm.dll+0xc9c84]
V  [jvm.dll+0x6cdeba]
V  [jvm.dll+0x91d48]
V  [jvm.dll+0x39c30d]
V  [jvm.dll+0x3a1a85]
V  [jvm.dll+0x396190]
V  [jvm.dll+0x70b080]
V  [jvm.dll+0x70434c]
V  [jvm.dll+0x705a37]
V  [jvm.dll+0x70920b]
V  [jvm.dll+0x701356]
V  [jvm.dll+0x7009a1]
V  [jvm.dll+0x6fe883]
V  [jvm.dll+0x1d9eec]
V  [jvm.dll+0x24b223]
V  [jvm.dll+0x1d6d61]
V  [jvm.dll+0x25b0fa]
V  [jvm.dll+0x259588]
V  [jvm.dll+0x807928]
V  [jvm.dll+0x8015fa]
V  [jvm.dll+0x6ed5eb]
C  [ucrtbase.dll+0x29363]
C  [KERNEL32.DLL+0x126ad]
C  [ntdll.dll+0x5aa68]


---------------  P R O C E S S  ---------------

Threads class SMR info:
_java_thread_list=0x00000237fa68e460, length=16, elements={
0x00000237f3c8b090, 0x00000237f3c8bbc0, 0x00000237f3c8ea60, 0x00000237f3c8f590,
0x00000237f3c91fd0, 0x00000237f3c94910, 0x00000237f3c962b0, 0x00000237f3ca5540,
0x00000237f3ca5eb0, 0x00000237f3c61290, 0x00000237f864dd40, 0x00000237f876d2d0,
0x00000237f876d810, 0x00000237f86fce20, 0x00000237f937a2c0, 0x00000237cefd7b70
}

Java Threads: ( => current thread )
  0x00000237f3c8b090 JavaThread "Reference Handler" daemon [_thread_blocked, id=13916, stack(0x000000f799200000,0x000000f799300000)]
  0x00000237f3c8bbc0 JavaThread "Finalizer" daemon [_thread_blocked, id=10684, stack(0x000000f799300000,0x000000f799400000)]
  0x00000237f3c8ea60 JavaThread "Signal Dispatcher" daemon [_thread_blocked, id=15904, stack(0x000000f799400000,0x000000f799500000)]
  0x00000237f3c8f590 JavaThread "Attach Listener" daemon [_thread_blocked, id=9628, stack(0x000000f799500000,0x000000f799600000)]
  0x00000237f3c91fd0 JavaThread "Service Thread" daemon [_thread_blocked, id=36588, stack(0x000000f799600000,0x000000f799700000)]
  0x00000237f3c94910 JavaThread "Monitor Deflation Thread" daemon [_thread_blocked, id=22052, stack(0x000000f799700000,0x000000f799800000)]
=>0x00000237f3c962b0 JavaThread "C2 CompilerThread0" daemon [_thread_in_native, id=15556, stack(0x000000f799800000,0x000000f799900000)]
  0x00000237f3ca5540 JavaThread "C1 CompilerThread0" daemon [_thread_blocked, id=35288, stack(0x000000f799900000,0x000000f799a00000)]
  0x00000237f3ca5eb0 JavaThread "Sweeper thread" daemon [_thread_blocked, id=27220, stack(0x000000f799a00000,0x000000f799b00000)]
  0x00000237f3c61290 JavaThread "Common-Cleaner" daemon [_thread_blocked, id=8532, stack(0x000000f799b00000,0x000000f799c00000)]
  0x00000237f864dd40 JavaThread "Notification Thread" daemon [_thread_blocked, id=13160, stack(0x000000f799c00000,0x000000f799d00000)]
  0x00000237f876d2d0 JavaThread "Java2D Disposer" daemon [_thread_blocked, id=24036, stack(0x000000f799f00000,0x000000f79a000000)]
  0x00000237f876d810 JavaThread "AWT-Shutdown" [_thread_blocked, id=9692, stack(0x000000f79a000000,0x000000f79a100000)]
  0x00000237f86fce20 JavaThread "AWT-Windows" daemon [_thread_in_native, id=25284, stack(0x000000f79a100000,0x000000f79a200000)]
  0x00000237f937a2c0 JavaThread "AWT-EventQueue-0" [_thread_blocked, id=21188, stack(0x000000f79a200000,0x000000f79a300000)]
  0x00000237cefd7b70 JavaThread "DestroyJavaVM" [_thread_blocked, id=27056, stack(0x000000f798b00000,0x000000f798c00000)]

Other Threads:
  0x00000237f3c71dd0 VMThread "VM Thread" [stack: 0x000000f799100000,0x000000f799200000] [id=32776]
  0x00000237f864e280 WatcherThread "VM Periodic Task Thread" [stack: 0x000000f799d00000,0x000000f799e00000] [id=21392]
  0x00000237cf04a7f0 WorkerThread "GC Thread#0" [stack: 0x000000f798c00000,0x000000f798d00000] [id=15176]
  0x00000237cf05b4a0 ConcurrentGCThread "G1 Main Marker" [stack: 0x000000f798d00000,0x000000f798e00000] [id=21324]
  0x00000237cf05c1d0 WorkerThread "G1 Conc#0" [stack: 0x000000f798e00000,0x000000f798f00000] [id=13212]
  0x00000237cf09e730 ConcurrentGCThread "G1 Refine#0" [stack: 0x000000f798f00000,0x000000f799000000] [id=9136]
  0x00000237f3b2d610 ConcurrentGCThread "G1 Service" [stack: 0x000000f799000000,0x000000f799100000] [id=15668]

Threads with active compile tasks:
C2 CompilerThread0  2429027 1099       4       java.util.Arrays::binarySearch0 (95 bytes)

VM state: not at safepoint (normal execution)

VM Mutex/Monitor currently owned by a thread: None

Heap address: 0x0000000702a00000, size: 4054 MB, Compressed Oops mode: Zero based, Oop shift amount: 3

CDS archive(s) mapped at: [0x0000000800000000-0x0000000800c40000-0x0000000800c40000), size 12845056, SharedBaseAddress: 0x0000000800000000, ArchiveRelocationMode: 0.
Compressed class space mapped at: 0x0000000801000000-0x0000000841000000, reserved size: 1073741824
Narrow klass base: 0x0000000800000000, Narrow klass shift: 0, Narrow klass range: 0x100000000

GC Precious Log:
 CardTable entry size: 512
 Card Set container configuration: InlinePtr #cards 4 size 8 Array Of Cards #cards 8 size 32 Howl #buckets 8 coarsen threshold 3686 Howl Bitmap #cards 512 size 80 coarsen threshold 460 Card regions per heap region 1 cards per card region 4096
 CPUs: 8 total, 8 available
 Memory: 16215M
 Large Page Support: Disabled
 NUMA Support: Disabled
 Compressed Oops: Enabled (Zero based)
 Heap Region Size: 2M
 Heap Min Capacity: 8M
 Heap Initial Capacity: 254M
 Heap Max Capacity: 4054M
 Pre-touch: Disabled
 Parallel Workers: 8
 Concurrent Workers: 2
 Concurrent Refinement Workers: 8
 Periodic GC: Disabled

Heap:
 garbage-first heap   total 260096K, used 20480K [0x0000000702a00000, 0x0000000800000000)
  region size 2048K, 9 young (18432K), 0 survivors (0K)
 Metaspace       used 6991K, committed 7168K, reserved 1114112K
  class space    used 730K, committed 832K, reserved 1048576K

Heap Regions: E=young(eden), S=young(survivor), O=old, HS=humongous(starts), HC=humongous(continues), CS=collection set, F=free, OA=open archive, CA=closed archive, TAMS=top-at-mark-start (previous, next)
|   0|0x0000000702a00000, 0x0000000702c00000, 0x0000000702c00000|100%|HS|  |TAMS 0x0000000702a00000, 0x0000000702a00000| Complete 
|   1|0x0000000702c00000, 0x0000000702e00000, 0x0000000702e00000|100%|HC|  |TAMS 0x0000000702c00000, 0x0000000702c00000| Complete 
|   2|0x0000000702e00000, 0x0000000702e00000, 0x0000000703000000|  0%| F|  |TAMS 0x0000000702e00000, 0x0000000702e00000| Untracked 
|   3|0x0000000703000000, 0x0000000703000000, 0x0000000703200000|  0%| F|  |TAMS 0x0000000703000000, 0x0000000703000000| Untracked 
|   4|0x0000000703200000, 0x0000000703200000, 0x0000000703400000|  0%| F|  |TAMS 0x0000000703200000, 0x0000000703200000| Untracked 
|   5|0x0000000703400000, 0x0000000703400000, 0x0000000703600000|  0%| F|  |TAMS 0x0000000703400000, 0x0000000703400000| Untracked 
|   6|0x0000000703600000, 0x0000000703600000, 0x0000000703800000|  0%| F|  |TAMS 0x0000000703600000, 0x0000000703600000| Untracked 
|   7|0x0000000703800000, 0x0000000703800000, 0x0000000703a00000|  0%| F|  |TAMS 0x0000000703800000, 0x0000000703800000| Untracked 
|   8|0x0000000703a00000, 0x0000000703a00000, 0x0000000703c00000|  0%| F|  |TAMS 0x0000000703a00000, 0x0000000703a00000| Untracked 
|   9|0x0000000703c00000, 0x0000000703c00000, 0x0000000703e00000|  0%| F|  |TAMS 0x0000000703c00000, 0x0000000703c00000| Untracked 
|  10|0x0000000703e00000, 0x0000000703e00000, 0x0000000704000000|  0%| F|  |TAMS 0x0000000703e00000, 0x0000000703e00000| Untracked 
|  11|0x0000000704000000, 0x0000000704000000, 0x0000000704200000|  0%| F|  |TAMS 0x0000000704000000, 0x0000000704000000| Untracked 
|  12|0x0000000704200000, 0x0000000704200000, 0x0000000704400000|  0%| F|  |TAMS 0x0000000704200000, 0x0000000704200000| Untracked 
|  13|0x0000000704400000, 0x0000000704400000, 0x0000000704600000|  0%| F|  |TAMS 0x0000000704400000, 0x0000000704400000| Untracked 
|  14|0x0000000704600000, 0x0000000704600000, 0x0000000704800000|  0%| F|  |TAMS 0x0000000704600000, 0x0000000704600000| Untracked 
|  15|0x0000000704800000, 0x0000000704800000, 0x0000000704a00000|  0%| F|  |TAMS 0x0000000704800000, 0x0000000704800000| Untracked 
|  16|0x0000000704a00000, 0x0000000704a00000, 0x0000000704c00000|  0%| F|  |TAMS 0x0000000704a00000, 0x0000000704a00000| Untracked 
|  17|0x0000000704c00000, 0x0000000704c00000, 0x0000000704e00000|  0%| F|  |TAMS 0x0000000704c00000, 0x0000000704c00000| Untracked 
|  18|0x0000000704e00000, 0x0000000704e00000, 0x0000000705000000|  0%| F|  |TAMS 0x0000000704e00000, 0x0000000704e00000| Untracked 
|  19|0x0000000705000000, 0x0000000705000000, 0x0000000705200000|  0%| F|  |TAMS 0x0000000705000000, 0x0000000705000000| Untracked 
|  20|0x0000000705200000, 0x0000000705200000, 0x0000000705400000|  0%| F|  |TAMS 0x0000000705200000, 0x0000000705200000| Untracked 
|  21|0x0000000705400000, 0x0000000705400000, 0x0000000705600000|  0%| F|  |TAMS 0x0000000705400000, 0x0000000705400000| Untracked 
|  22|0x0000000705600000, 0x0000000705600000, 0x0000000705800000|  0%| F|  |TAMS 0x0000000705600000, 0x0000000705600000| Untracked 
|  23|0x0000000705800000, 0x0000000705800000, 0x0000000705a00000|  0%| F|  |TAMS 0x0000000705800000, 0x0000000705800000| Untracked 
|  24|0x0000000705a00000, 0x0000000705a00000, 0x0000000705c00000|  0%| F|  |TAMS 0x0000000705a00000, 0x0000000705a00000| Untracked 
|  25|0x0000000705c00000, 0x0000000705c00000, 0x0000000705e00000|  0%| F|  |TAMS 0x0000000705c00000, 0x0000000705c00000| Untracked 
|  26|0x0000000705e00000, 0x0000000705e00000, 0x0000000706000000|  0%| F|  |TAMS 0x0000000705e00000, 0x0000000705e00000| Untracked 
|  27|0x0000000706000000, 0x0000000706000000, 0x0000000706200000|  0%| F|  |TAMS 0x0000000706000000, 0x0000000706000000| Untracked 
|  28|0x0000000706200000, 0x0000000706200000, 0x0000000706400000|  0%| F|  |TAMS 0x0000000706200000, 0x0000000706200000| Untracked 
|  29|0x0000000706400000, 0x0000000706400000, 0x0000000706600000|  0%| F|  |TAMS 0x0000000706400000, 0x0000000706400000| Untracked 
|  30|0x0000000706600000, 0x0000000706600000, 0x0000000706800000|  0%| F|  |TAMS 0x0000000706600000, 0x0000000706600000| Untracked 
|  31|0x0000000706800000, 0x0000000706800000, 0x0000000706a00000|  0%| F|  |TAMS 0x0000000706800000, 0x0000000706800000| Untracked 
|  32|0x0000000706a00000, 0x0000000706a00000, 0x0000000706c00000|  0%| F|  |TAMS 0x0000000706a00000, 0x0000000706a00000| Untracked 
|  33|0x0000000706c00000, 0x0000000706c00000, 0x0000000706e00000|  0%| F|  |TAMS 0x0000000706c00000, 0x0000000706c00000| Untracked 
|  34|0x0000000706e00000, 0x0000000706e00000, 0x0000000707000000|  0%| F|  |TAMS 0x0000000706e00000, 0x0000000706e00000| Untracked 
|  35|0x0000000707000000, 0x0000000707000000, 0x0000000707200000|  0%| F|  |TAMS 0x0000000707000000, 0x0000000707000000| Untracked 
|  36|0x0000000707200000, 0x0000000707200000, 0x0000000707400000|  0%| F|  |TAMS 0x0000000707200000, 0x0000000707200000| Untracked 
|  37|0x0000000707400000, 0x0000000707400000, 0x0000000707600000|  0%| F|  |TAMS 0x0000000707400000, 0x0000000707400000| Untracked 
|  38|0x0000000707600000, 0x0000000707600000, 0x0000000707800000|  0%| F|  |TAMS 0x0000000707600000, 0x0000000707600000| Untracked 
|  39|0x0000000707800000, 0x0000000707800000, 0x0000000707a00000|  0%| F|  |TAMS 0x0000000707800000, 0x0000000707800000| Untracked 
|  40|0x0000000707a00000, 0x0000000707a00000, 0x0000000707c00000|  0%| F|  |TAMS 0x0000000707a00000, 0x0000000707a00000| Untracked 
|  41|0x0000000707c00000, 0x0000000707c00000, 0x0000000707e00000|  0%| F|  |TAMS 0x0000000707c00000, 0x0000000707c00000| Untracked 
|  42|0x0000000707e00000, 0x0000000707e00000, 0x0000000708000000|  0%| F|  |TAMS 0x0000000707e00000, 0x0000000707e00000| Untracked 
|  43|0x0000000708000000, 0x0000000708000000, 0x0000000708200000|  0%| F|  |TAMS 0x0000000708000000, 0x0000000708000000| Untracked 
|  44|0x0000000708200000, 0x0000000708200000, 0x0000000708400000|  0%| F|  |TAMS 0x0000000708200000, 0x0000000708200000| Untracked 
|  45|0x0000000708400000, 0x0000000708400000, 0x0000000708600000|  0%| F|  |TAMS 0x0000000708400000, 0x0000000708400000| Untracked 
|  46|0x0000000708600000, 0x0000000708600000, 0x0000000708800000|  0%| F|  |TAMS 0x0000000708600000, 0x0000000708600000| Untracked 
|  47|0x0000000708800000, 0x0000000708800000, 0x0000000708a00000|  0%| F|  |TAMS 0x0000000708800000, 0x0000000708800000| Untracked 
|  48|0x0000000708a00000, 0x0000000708a00000, 0x0000000708c00000|  0%| F|  |TAMS 0x0000000708a00000, 0x0000000708a00000| Untracked 
|  49|0x0000000708c00000, 0x0000000708c00000, 0x0000000708e00000|  0%| F|  |TAMS 0x0000000708c00000, 0x0000000708c00000| Untracked 
|  50|0x0000000708e00000, 0x0000000708e00000, 0x0000000709000000|  0%| F|  |TAMS 0x0000000708e00000, 0x0000000708e00000| Untracked 
|  51|0x0000000709000000, 0x0000000709000000, 0x0000000709200000|  0%| F|  |TAMS 0x0000000709000000, 0x0000000709000000| Untracked 
|  52|0x0000000709200000, 0x0000000709200000, 0x0000000709400000|  0%| F|  |TAMS 0x0000000709200000, 0x0000000709200000| Untracked 
|  53|0x0000000709400000, 0x0000000709400000, 0x0000000709600000|  0%| F|  |TAMS 0x0000000709400000, 0x0000000709400000| Untracked 
|  54|0x0000000709600000, 0x0000000709600000, 0x0000000709800000|  0%| F|  |TAMS 0x0000000709600000, 0x0000000709600000| Untracked 
|  55|0x0000000709800000, 0x0000000709800000, 0x0000000709a00000|  0%| F|  |TAMS 0x0000000709800000, 0x0000000709800000| Untracked 
|  56|0x0000000709a00000, 0x0000000709a00000, 0x0000000709c00000|  0%| F|  |TAMS 0x0000000709a00000, 0x0000000709a00000| Untracked 
|  57|0x0000000709c00000, 0x0000000709c00000, 0x0000000709e00000|  0%| F|  |TAMS 0x0000000709c00000, 0x0000000709c00000| Untracked 
|  58|0x0000000709e00000, 0x0000000709e00000, 0x000000070a000000|  0%| F|  |TAMS 0x0000000709e00000, 0x0000000709e00000| Untracked 
|  59|0x000000070a000000, 0x000000070a000000, 0x000000070a200000|  0%| F|  |TAMS 0x000000070a000000, 0x000000070a000000| Untracked 
|  60|0x000000070a200000, 0x000000070a200000, 0x000000070a400000|  0%| F|  |TAMS 0x000000070a200000, 0x000000070a200000| Untracked 
|  61|0x000000070a400000, 0x000000070a400000, 0x000000070a600000|  0%| F|  |TAMS 0x000000070a400000, 0x000000070a400000| Untracked 
|  62|0x000000070a600000, 0x000000070a600000, 0x000000070a800000|  0%| F|  |TAMS 0x000000070a600000, 0x000000070a600000| Untracked 
|  63|0x000000070a800000, 0x000000070a800000, 0x000000070aa00000|  0%| F|  |TAMS 0x000000070a800000, 0x000000070a800000| Untracked 
|  64|0x000000070aa00000, 0x000000070aa00000, 0x000000070ac00000|  0%| F|  |TAMS 0x000000070aa00000, 0x000000070aa00000| Untracked 
|  65|0x000000070ac00000, 0x000000070ac00000, 0x000000070ae00000|  0%| F|  |TAMS 0x000000070ac00000, 0x000000070ac00000| Untracked 
|  66|0x000000070ae00000, 0x000000070ae00000, 0x000000070b000000|  0%| F|  |TAMS 0x000000070ae00000, 0x000000070ae00000| Untracked 
|  67|0x000000070b000000, 0x000000070b000000, 0x000000070b200000|  0%| F|  |TAMS 0x000000070b000000, 0x000000070b000000| Untracked 
|  68|0x000000070b200000, 0x000000070b200000, 0x000000070b400000|  0%| F|  |TAMS 0x000000070b200000, 0x000000070b200000| Untracked 
|  69|0x000000070b400000, 0x000000070b400000, 0x000000070b600000|  0%| F|  |TAMS 0x000000070b400000, 0x000000070b400000| Untracked 
|  70|0x000000070b600000, 0x000000070b600000, 0x000000070b800000|  0%| F|  |TAMS 0x000000070b600000, 0x000000070b600000| Untracked 
|  71|0x000000070b800000, 0x000000070b800000, 0x000000070ba00000|  0%| F|  |TAMS 0x000000070b800000, 0x000000070b800000| Untracked 
|  72|0x000000070ba00000, 0x000000070ba00000, 0x000000070bc00000|  0%| F|  |TAMS 0x000000070ba00000, 0x000000070ba00000| Untracked 
|  73|0x000000070bc00000, 0x000000070bc00000, 0x000000070be00000|  0%| F|  |TAMS 0x000000070bc00000, 0x000000070bc00000| Untracked 
|  74|0x000000070be00000, 0x000000070be00000, 0x000000070c000000|  0%| F|  |TAMS 0x000000070be00000, 0x000000070be00000| Untracked 
|  75|0x000000070c000000, 0x000000070c000000, 0x000000070c200000|  0%| F|  |TAMS 0x000000070c000000, 0x000000070c000000| Untracked 
|  76|0x000000070c200000, 0x000000070c200000, 0x000000070c400000|  0%| F|  |TAMS 0x000000070c200000, 0x000000070c200000| Untracked 
|  77|0x000000070c400000, 0x000000070c400000, 0x000000070c600000|  0%| F|  |TAMS 0x000000070c400000, 0x000000070c400000| Untracked 
|  78|0x000000070c600000, 0x000000070c600000, 0x000000070c800000|  0%| F|  |TAMS 0x000000070c600000, 0x000000070c600000| Untracked 
|  79|0x000000070c800000, 0x000000070c800000, 0x000000070ca00000|  0%| F|  |TAMS 0x000000070c800000, 0x000000070c800000| Untracked 
|  80|0x000000070ca00000, 0x000000070ca00000, 0x000000070cc00000|  0%| F|  |TAMS 0x000000070ca00000, 0x000000070ca00000| Untracked 
|  81|0x000000070cc00000, 0x000000070cc00000, 0x000000070ce00000|  0%| F|  |TAMS 0x000000070cc00000, 0x000000070cc00000| Untracked 
|  82|0x000000070ce00000, 0x000000070ce00000, 0x000000070d000000|  0%| F|  |TAMS 0x000000070ce00000, 0x000000070ce00000| Untracked 
|  83|0x000000070d000000, 0x000000070d000000, 0x000000070d200000|  0%| F|  |TAMS 0x000000070d000000, 0x000000070d000000| Untracked 
|  84|0x000000070d200000, 0x000000070d200000, 0x000000070d400000|  0%| F|  |TAMS 0x000000070d200000, 0x000000070d200000| Untracked 
|  85|0x000000070d400000, 0x000000070d400000, 0x000000070d600000|  0%| F|  |TAMS 0x000000070d400000, 0x000000070d400000| Untracked 
|  86|0x000000070d600000, 0x000000070d600000, 0x000000070d800000|  0%| F|  |TAMS 0x000000070d600000, 0x000000070d600000| Untracked 
|  87|0x000000070d800000, 0x000000070d800000, 0x000000070da00000|  0%| F|  |TAMS 0x000000070d800000, 0x000000070d800000| Untracked 
|  88|0x000000070da00000, 0x000000070da00000, 0x000000070dc00000|  0%| F|  |TAMS 0x000000070da00000, 0x000000070da00000| Untracked 
|  89|0x000000070dc00000, 0x000000070dc00000, 0x000000070de00000|  0%| F|  |TAMS 0x000000070dc00000, 0x000000070dc00000| Untracked 
|  90|0x000000070de00000, 0x000000070de00000, 0x000000070e000000|  0%| F|  |TAMS 0x000000070de00000, 0x000000070de00000| Untracked 
|  91|0x000000070e000000, 0x000000070e000000, 0x000000070e200000|  0%| F|  |TAMS 0x000000070e000000, 0x000000070e000000| Untracked 
|  92|0x000000070e200000, 0x000000070e200000, 0x000000070e400000|  0%| F|  |TAMS 0x000000070e200000, 0x000000070e200000| Untracked 
|  93|0x000000070e400000, 0x000000070e400000, 0x000000070e600000|  0%| F|  |TAMS 0x000000070e400000, 0x000000070e400000| Untracked 
|  94|0x000000070e600000, 0x000000070e600000, 0x000000070e800000|  0%| F|  |TAMS 0x000000070e600000, 0x000000070e600000| Untracked 
|  95|0x000000070e800000, 0x000000070e800000, 0x000000070ea00000|  0%| F|  |TAMS 0x000000070e800000, 0x000000070e800000| Untracked 
|  96|0x000000070ea00000, 0x000000070ea00000, 0x000000070ec00000|  0%| F|  |TAMS 0x000000070ea00000, 0x000000070ea00000| Untracked 
|  97|0x000000070ec00000, 0x000000070ec00000, 0x000000070ee00000|  0%| F|  |TAMS 0x000000070ec00000, 0x000000070ec00000| Untracked 
|  98|0x000000070ee00000, 0x000000070ee00000, 0x000000070f000000|  0%| F|  |TAMS 0x000000070ee00000, 0x000000070ee00000| Untracked 
|  99|0x000000070f000000, 0x000000070f000000, 0x000000070f200000|  0%| F|  |TAMS 0x000000070f000000, 0x000000070f000000| Untracked 
| 100|0x000000070f200000, 0x000000070f200000, 0x000000070f400000|  0%| F|  |TAMS 0x000000070f200000, 0x000000070f200000| Untracked 
| 101|0x000000070f400000, 0x000000070f400000, 0x000000070f600000|  0%| F|  |TAMS 0x000000070f400000, 0x000000070f400000| Untracked 
| 102|0x000000070f600000, 0x000000070f600000, 0x000000070f800000|  0%| F|  |TAMS 0x000000070f600000, 0x000000070f600000| Untracked 
| 103|0x000000070f800000, 0x000000070f800000, 0x000000070fa00000|  0%| F|  |TAMS 0x000000070f800000, 0x000000070f800000| Untracked 
| 104|0x000000070fa00000, 0x000000070fa00000, 0x000000070fc00000|  0%| F|  |TAMS 0x000000070fa00000, 0x000000070fa00000| Untracked 
| 105|0x000000070fc00000, 0x000000070fc00000, 0x000000070fe00000|  0%| F|  |TAMS 0x000000070fc00000, 0x000000070fc00000| Untracked 
| 106|0x000000070fe00000, 0x000000070fe00000, 0x0000000710000000|  0%| F|  |TAMS 0x000000070fe00000, 0x000000070fe00000| Untracked 
| 107|0x0000000710000000, 0x0000000710000000, 0x0000000710200000|  0%| F|  |TAMS 0x0000000710000000, 0x0000000710000000| Untracked 
| 108|0x0000000710200000, 0x0000000710200000, 0x0000000710400000|  0%| F|  |TAMS 0x0000000710200000, 0x0000000710200000| Untracked 
| 109|0x0000000710400000, 0x0000000710400000, 0x0000000710600000|  0%| F|  |TAMS 0x0000000710400000, 0x0000000710400000| Untracked 
| 110|0x0000000710600000, 0x0000000710600000, 0x0000000710800000|  0%| F|  |TAMS 0x0000000710600000, 0x0000000710600000| Untracked 
| 111|0x0000000710800000, 0x0000000710800000, 0x0000000710a00000|  0%| F|  |TAMS 0x0000000710800000, 0x0000000710800000| Untracked 
| 112|0x0000000710a00000, 0x0000000710a00000, 0x0000000710c00000|  0%| F|  |TAMS 0x0000000710a00000, 0x0000000710a00000| Untracked 
| 113|0x0000000710c00000, 0x0000000710c00000, 0x0000000710e00000|  0%| F|  |TAMS 0x0000000710c00000, 0x0000000710c00000| Untracked 
| 114|0x0000000710e00000, 0x0000000710e00000, 0x0000000711000000|  0%| F|  |TAMS 0x0000000710e00000, 0x0000000710e00000| Untracked 
| 115|0x0000000711000000, 0x0000000711000000, 0x0000000711200000|  0%| F|  |TAMS 0x0000000711000000, 0x0000000711000000| Untracked 
| 116|0x0000000711200000, 0x0000000711200000, 0x0000000711400000|  0%| F|  |TAMS 0x0000000711200000, 0x0000000711200000| Untracked 
| 117|0x0000000711400000, 0x0000000711400000, 0x0000000711600000|  0%| F|  |TAMS 0x0000000711400000, 0x0000000711400000| Untracked 
| 118|0x0000000711600000, 0x0000000711753268, 0x0000000711800000| 66%| E|  |TAMS 0x0000000711600000, 0x0000000711600000| Complete 
| 119|0x0000000711800000, 0x0000000711a00000, 0x0000000711a00000|100%| E|CS|TAMS 0x0000000711800000, 0x0000000711800000| Complete 
| 120|0x0000000711a00000, 0x0000000711c00000, 0x0000000711c00000|100%| E|CS|TAMS 0x0000000711a00000, 0x0000000711a00000| Complete 
| 121|0x0000000711c00000, 0x0000000711e00000, 0x0000000711e00000|100%| E|CS|TAMS 0x0000000711c00000, 0x0000000711c00000| Complete 
| 122|0x0000000711e00000, 0x0000000712000000, 0x0000000712000000|100%| E|CS|TAMS 0x0000000711e00000, 0x0000000711e00000| Complete 
| 123|0x0000000712000000, 0x0000000712200000, 0x0000000712200000|100%| E|CS|TAMS 0x0000000712000000, 0x0000000712000000| Complete 
| 124|0x0000000712200000, 0x0000000712400000, 0x0000000712400000|100%| E|CS|TAMS 0x0000000712200000, 0x0000000712200000| Complete 
| 125|0x0000000712400000, 0x0000000712600000, 0x0000000712600000|100%| E|CS|TAMS 0x0000000712400000, 0x0000000712400000| Complete 
| 126|0x0000000712600000, 0x0000000712800000, 0x0000000712800000|100%| E|CS|TAMS 0x0000000712600000, 0x0000000712600000| Complete 

Card table byte_map: [0x00000237e8960000,0x00000237e9150000] _byte_map_base: 0x00000237e514b000

Marking Bits (Prev, Next): (CMBitMap*) 0x00000237cf04ae20, (CMBitMap*) 0x00000237cf04ae60
 Prev Bits: [0x00000237e9940000, 0x00000237ed898000)
 Next Bits: [0x00000237ed8a0000, 0x00000237f17f8000)

Polling page: 0x00000237d86e0000

Metaspace:

Usage:
  Non-class:      6.11 MB used.
      Class:    730.56 KB used.
       Both:      6.83 MB used.

Virtual space:
  Non-class space:       64.00 MB reserved,       6.19 MB ( 10%) committed,  1 nodes.
      Class space:        1.00 GB reserved,     832.00 KB ( <1%) committed,  1 nodes.
             Both:        1.06 GB reserved,       7.00 MB ( <1%) committed. 

Chunk freelists:
   Non-Class:  1.00 MB
       Class:  3.24 MB
        Both:  4.24 MB

MaxMetaspaceSize: unlimited
CompressedClassSpaceSize: 1.00 GB
Initial GC threshold: 21.00 MB
Current GC threshold: 21.00 MB
CDS: on
MetaspaceReclaimPolicy: balanced
 - commit_granule_bytes: 65536.
 - commit_granule_words: 8192.
 - virtual_space_node_default_size: 8388608.
 - enlarge_chunks_in_place: 1.
 - new_chunks_are_fully_committed: 0.
 - uncommit_free_chunks: 1.
 - use_allocation_guard: 0.


Internal statistics:

num_allocs_failed_limit: 0.
num_arena_births: 142.
num_arena_deaths: 0.
num_vsnodes_births: 2.
num_vsnodes_deaths: 0.
num_space_committed: 112.
num_space_uncommitted: 0.
num_chunks_returned_to_freelist: 0.
num_chunks_taken_from_freelist: 154.
num_chunk_merges: 0.
num_chunk_splits: 105.
num_chunks_enlarged: 69.
num_inconsistent_stats: 0.

CodeHeap 'non-profiled nmethods': size=120000Kb used=403Kb max_used=403Kb free=119596Kb
 bounds [0x00000237e01d0000, 0x00000237e0440000, 0x00000237e7700000]
CodeHeap 'profiled nmethods': size=120000Kb used=1720Kb max_used=1720Kb free=118279Kb
 bounds [0x00000237d8700000, 0x00000237d8970000, 0x00000237dfc30000]
CodeHeap 'non-nmethods': size=5760Kb used=1349Kb max_used=1408Kb free=4410Kb
 bounds [0x00000237dfc30000, 0x00000237dfea0000, 0x00000237e01d0000]
 total_blobs=1687 nmethods=1098 adapters=500
 compilation: enabled
              stopped_count=0, restarted_count=0
 full_count=0

Compilation events (20 events):
Event: 2.778 Thread 0x00000237f3ca5540 nmethod 1087 0x00000237d88a7c10 code [0x00000237d88a7e00, 0x00000237d88a8438]
Event: 2.785 Thread 0x00000237f3ca5540 1089       3       sun.awt.AWTAutoShutdown::notifyToolkitThreadBusy (8 bytes)
Event: 2.785 Thread 0x00000237f3ca5540 nmethod 1089 0x00000237d88a8610 code [0x00000237d88a87c0, 0x00000237d88a8948]
Event: 2.787 Thread 0x00000237f3ca5540 1090       3       sun.awt.AWTAutoShutdown::notifyToolkitThreadFree (8 bytes)
Event: 2.788 Thread 0x00000237f3ca5540 nmethod 1090 0x00000237d88a8a10 code [0x00000237d88a8bc0, 0x00000237d88a8d48]
Event: 3.059 Thread 0x00000237f3ca5540 1091       3       java.awt.EventQueue::eventToCacheIndex (80 bytes)
Event: 3.060 Thread 0x00000237f3ca5540 nmethod 1091 0x00000237d88a8e10 code [0x00000237d88a9000, 0x00000237d88a95d8]
Event: 3.826 Thread 0x00000237f3ca5540 1093   !   3       sun.awt.PostEventQueue::flush (168 bytes)
Event: 3.827 Thread 0x00000237f3ca5540 nmethod 1093 0x00000237d88a9690 code [0x00000237d88a9940, 0x00000237d88aa6c8]
Event: 3.827 Thread 0x00000237f3ca5540 1094  s    3       java.awt.KeyboardFocusManager::getCurrentKeyboardFocusManager (32 bytes)
Event: 3.827 Thread 0x00000237f3ca5540 nmethod 1094 0x00000237d88aad10 code [0x00000237d88aaee0, 0x00000237d88ab2e8]
Event: 3.827 Thread 0x00000237f3ca5540 1092       3       sun.awt.SunToolkit::flushPendingEvents (19 bytes)
Event: 3.827 Thread 0x00000237f3ca5540 nmethod 1092 0x00000237d88ab410 code [0x00000237d88ab5e0, 0x00000237d88ab898]
Event: 3.839 Thread 0x00000237f3ca5540 1095       3       java.security.AccessControlContext::optimize (319 bytes)
Event: 3.841 Thread 0x00000237f3ca5540 nmethod 1095 0x00000237d88ab990 code [0x00000237d88abd40, 0x00000237d88ad478]
Event: 600.115 Thread 0x00000237f3ca5540 1096       3       java.util.concurrent.locks.ReentrantLock$Sync::isHeldExclusively (16 bytes)
Event: 600.115 Thread 0x00000237f3ca5540 nmethod 1096 0x00000237d88adb10 code [0x00000237d88adcc0, 0x00000237d88ade58]
Event: 840.141 Thread 0x00000237f3ca5540 1098       3       jdk.internal.misc.Unsafe::weakCompareAndSetInt (11 bytes)
Event: 840.142 Thread 0x00000237f3ca5540 nmethod 1098 0x00000237d88adf10 code [0x00000237d88ae0a0, 0x00000237d88ae1b8]
Event: 2428.984 Thread 0x00000237f3c962b0 1099       4       java.util.Arrays::binarySearch0 (95 bytes)

GC Heap History (0 events):
No events

Dll operation events (9 events):
Event: 0.006 Loaded shared library C:\Program Files\Java\jdk-19\bin\java.dll
Event: 0.014 Loaded shared library C:\Program Files\Java\jdk-19\bin\jsvml.dll
Event: 0.059 Loaded shared library C:\Program Files\Java\jdk-19\bin\net.dll
Event: 0.061 Loaded shared library C:\Program Files\Java\jdk-19\bin\nio.dll
Event: 0.080 Loaded shared library C:\Program Files\Java\jdk-19\bin\zip.dll
Event: 0.092 Loaded shared library C:\Program Files\Java\jdk-19\bin\jimage.dll
Event: 0.103 Loaded shared library C:\Program Files\Java\jdk-19\bin\awt.dll
Event: 0.258 Loaded shared library C:\Program Files\Java\jdk-19\bin\freetype.dll
Event: 0.258 Loaded shared library C:\Program Files\Java\jdk-19\bin\fontmanager.dll

Deoptimization events (20 events):
Event: 0.279 Thread 0x00000237cefd7b70 Uncommon trap: trap_request=0xffffff45 fr.pc=0x00000237e01f8b50 relative=0x0000000000000510
Event: 0.279 Thread 0x00000237cefd7b70 Uncommon trap: reason=unstable_if action=reinterpret pc=0x00000237e01f8b50 method=java.lang.StringLatin1.replace([BCC)Ljava/lang/String; @ 19 c2
Event: 0.279 Thread 0x00000237cefd7b70 DEOPT PACKING pc=0x00000237e01f8b50 sp=0x000000f798bfe8f0
Event: 0.279 Thread 0x00000237cefd7b70 DEOPT UNPACKING pc=0x00000237dfc96da3 sp=0x000000f798bfe870 mode 2
Event: 0.334 Thread 0x00000237f937a2c0 Uncommon trap: trap_request=0xffffff45 fr.pc=0x00000237e0205284 relative=0x00000000000004c4
Event: 0.334 Thread 0x00000237f937a2c0 Uncommon trap: reason=unstable_if action=reinterpret pc=0x00000237e0205284 method=java.lang.StringLatin1.toLowerCase(Ljava/lang/String;[BLjava/util/Locale;)Ljava/lang/String; @ 43 c2
Event: 0.334 Thread 0x00000237f937a2c0 DEOPT PACKING pc=0x00000237e0205284 sp=0x000000f79a2fd1e0
Event: 0.334 Thread 0x00000237f937a2c0 DEOPT UNPACKING pc=0x00000237dfc96da3 sp=0x000000f79a2fd150 mode 2
Event: 0.364 Thread 0x00000237f937a2c0 DEOPT PACKING pc=0x00000237d8719be7 sp=0x000000f79a2fcdb0
Event: 0.364 Thread 0x00000237f937a2c0 DEOPT UNPACKING pc=0x00000237dfc97543 sp=0x000000f79a2fc1d0 mode 0
Event: 0.396 Thread 0x00000237f937a2c0 DEOPT PACKING pc=0x00000237d8707a51 sp=0x000000f79a2fce00
Event: 0.396 Thread 0x00000237f937a2c0 DEOPT UNPACKING pc=0x00000237dfc97543 sp=0x000000f79a2fc278 mode 0
Event: 0.503 Thread 0x00000237f937a2c0 Uncommon trap: trap_request=0xffffff45 fr.pc=0x00000237e01da2bc relative=0x000000000000009c
Event: 0.503 Thread 0x00000237f937a2c0 Uncommon trap: reason=unstable_if action=reinterpret pc=0x00000237e01da2bc method=java.lang.String.isLatin1()Z @ 10 c2
Event: 0.503 Thread 0x00000237f937a2c0 DEOPT PACKING pc=0x00000237e01da2bc sp=0x000000f79a2fcff0
Event: 0.503 Thread 0x00000237f937a2c0 DEOPT UNPACKING pc=0x00000237dfc96da3 sp=0x000000f79a2fcf20 mode 2
Event: 0.517 Thread 0x00000237f937a2c0 Uncommon trap: trap_request=0xffffff45 fr.pc=0x00000237e02177cc relative=0x000000000000040c
Event: 0.517 Thread 0x00000237f937a2c0 Uncommon trap: reason=unstable_if action=reinterpret pc=0x00000237e02177cc method=java.lang.Character.isSurrogate(C)Z @ 3 c2
Event: 0.517 Thread 0x00000237f937a2c0 DEOPT PACKING pc=0x00000237e02177cc sp=0x000000f79a2fccc0
Event: 0.517 Thread 0x00000237f937a2c0 DEOPT UNPACKING pc=0x00000237dfc96da3 sp=0x000000f79a2fcbd8 mode 2

Classes loaded (20 events):
Event: 1.827 Loading class java/awt/Toolkit$SelectiveAWTEventListener
Event: 1.827 Loading class java/awt/Toolkit$SelectiveAWTEventListener done
Event: 1.827 Loading class java/awt/Toolkit$ToolkitEventMulticaster
Event: 1.827 Loading class java/awt/Toolkit$ToolkitEventMulticaster done
Event: 1.828 Loading class java/awt/event/MouseWheelEvent
Event: 1.828 Loading class java/awt/event/MouseWheelEvent done
Event: 1.922 Loading class javax/swing/event/ChangeEvent
Event: 1.922 Loading class javax/swing/event/ChangeEvent done
Event: 2.026 Loading class java/awt/LightweightDispatcher$2
Event: 2.026 Loading class java/awt/LightweightDispatcher$2 done
Event: 3.826 Loading class java/awt/KeyboardFocusManager$2
Event: 3.826 Loading class java/awt/KeyboardFocusManager$2 done
Event: 3.827 Loading class sun/awt/SunToolkit$1
Event: 3.827 Loading class sun/awt/SunToolkit$1 done
Event: 2428.982 Loading class java/util/WeakHashMap$KeyIterator
Event: 2428.982 Loading class java/util/WeakHashMap$HashIterator
Event: 2428.982 Loading class java/util/WeakHashMap$HashIterator done
Event: 2428.982 Loading class java/util/WeakHashMap$KeyIterator done
Event: 2428.982 Loading class javax/swing/RepaintManager$DisplayChangedRunnable
Event: 2428.982 Loading class javax/swing/RepaintManager$DisplayChangedRunnable done

Classes unloaded (0 events):
No events

Classes redefined (0 events):
No events

Internal exceptions (17 events):
Event: 0.062 Thread 0x00000237cefd7b70 Exception <a 'sun/nio/fs/WindowsException'{0x000000071279cef0}> (0x000000071279cef0) 
thrown [s\open\src\hotspot\share\prims\jni.cpp, line 517]
Event: 0.062 Thread 0x00000237cefd7b70 Exception <a 'sun/nio/fs/WindowsException'{0x000000071279d4d0}> (0x000000071279d4d0) 
thrown [s\open\src\hotspot\share\prims\jni.cpp, line 517]
Event: 0.063 Thread 0x00000237cefd7b70 Exception <a 'sun/nio/fs/WindowsException'{0x000000071279fb88}> (0x000000071279fb88) 
thrown [s\open\src\hotspot\share\prims\jni.cpp, line 517]
Event: 0.064 Thread 0x00000237cefd7b70 Exception <a 'sun/nio/fs/WindowsException'{0x00000007127a0768}> (0x00000007127a0768) 
thrown [s\open\src\hotspot\share\prims\jni.cpp, line 517]
Event: 0.064 Thread 0x00000237cefd7b70 Exception <a 'sun/nio/fs/WindowsException'{0x00000007127a1348}> (0x00000007127a1348) 
thrown [s\open\src\hotspot\share\prims\jni.cpp, line 517]
Event: 0.096 Thread 0x00000237cefd7b70 Exception <a 'java/lang/ClassNotFoundException'{0x0000000712514f08}: sun/awt/resources/spi/awtProvider> (0x0000000712514f08) 
thrown [s\open\src\hotspot\share\classfile\systemDictionary.cpp, line 255]
Event: 0.115 Thread 0x00000237cefd7b70 Exception <a 'java/io/FileNotFoundException'{0x000000071256c790}> (0x000000071256c790) 
thrown [s\open\src\hotspot\share\prims\jni.cpp, line 517]
Event: 0.120 Thread 0x00000237cefd7b70 Exception <a 'java/io/FileNotFoundException'{0x0000000712598c88}> (0x0000000712598c88) 
thrown [s\open\src\hotspot\share\prims\jni.cpp, line 517]
Event: 0.151 Thread 0x00000237cefd7b70 Exception <a 'java/lang/NoSuchMethodError'{0x00000007125dda68}: 'java.lang.Object java.lang.invoke.DirectMethodHandle$Holder.invokeStaticInit(java.lang.Object)'> (0x00000007125dda68) 
thrown [s\open\src\hotspot\share\interpreter\linkResolver.cpp, line 774]
Event: 0.179 Thread 0x00000237cefd7b70 Exception <a 'java/lang/NoSuchMethodError'{0x0000000712314218}: 'void java.lang.invoke.DirectMethodHandle$Holder.invokeSpecial(java.lang.Object, java.lang.Object, java.lang.Object)'> (0x0000000712314218) 
thrown [s\open\src\hotspot\share\interpreter\linkResolver.cpp, line 774]
Event: 0.186 Thread 0x00000237cefd7b70 Exception <a 'java/lang/NoSuchMethodError'{0x000000071233ed58}: 'java.lang.Object java.lang.invoke.DirectMethodHandle$Holder.newInvokeSpecial(java.lang.Object, java.lang.Object, java.lang.Object, java.lang.Object, java.lang.Object)'> (0x000000071233ed58) 
thrown [s\open\src\hotspot\share\interpreter\linkResolver.cpp, line 774]
Event: 0.193 Thread 0x00000237cefd7b70 Exception <a 'java/lang/NoSuchMethodError'{0x0000000712370a80}: 'java.lang.Object java.lang.invoke.DirectMethodHandle$Holder.invokeStatic(java.lang.Object, int, java.lang.Object)'> (0x0000000712370a80) 
thrown [s\open\src\hotspot\share\interpreter\linkResolver.cpp, line 774]
Event: 0.217 Thread 0x00000237cefd7b70 Exception <a 'java/lang/ClassNotFoundException'{0x000000071202c6b8}: com/sun/swing/internal/plaf/metal/resources/spi/metalProvider> (0x000000071202c6b8) 
thrown [s\open\src\hotspot\share\classfile\systemDictionary.cpp, line 255]
Event: 0.218 Thread 0x00000237cefd7b70 Exception <a 'java/lang/ClassNotFoundException'{0x0000000712030688}: com/sun/swing/internal/plaf/basic/resources/spi/basicProvider> (0x0000000712030688) 
thrown [s\open\src\hotspot\share\classfile\systemDictionary.cpp, line 255]
Event: 0.224 Thread 0x00000237cefd7b70 Exception <a 'java/lang/NoSuchMethodError'{0x0000000712050348}: 'int java.lang.invoke.Invokers$Holder.invokeExact_MT(java.lang.Object, java.lang.Object)'> (0x0000000712050348) 
thrown [s\open\src\hotspot\share\interpreter\linkResolver.cpp, line 774]
Event: 0.255 Thread 0x00000237cefd7b70 Exception <a 'java/lang/NoSuchMethodError'{0x00000007120f44e0}: 'void java.lang.invoke.DirectMethodHandle$Holder.invokeStaticInit(java.lang.Object)'> (0x00000007120f44e0) 
thrown [s\open\src\hotspot\share\interpreter\linkResolver.cpp, line 774]
Event: 0.296 Thread 0x00000237f86fce20 Exception <a 'java/lang/NoSuchMethodError'{0x0000000712281708}: 'void java.lang.invoke.DirectMethodHandle$Holder.invokeVirtual(java.lang.Object, java.lang.Object)'> (0x0000000712281708) 
thrown [s\open\src\hotspot\share\interpreter\linkResolver.cpp, line 774]

VM Operations (16 events):
Event: 0.065 Executing VM operation: HandshakeAllThreads
Event: 0.065 Executing VM operation: HandshakeAllThreads done
Event: 0.127 Executing VM operation: HandshakeAllThreads
Event: 0.127 Executing VM operation: HandshakeAllThreads done
Event: 0.229 Executing VM operation: HandshakeAllThreads
Event: 0.229 Executing VM operation: HandshakeAllThreads done
Event: 0.569 Executing VM operation: HandshakeAllThreads
Event: 0.569 Executing VM operation: HandshakeAllThreads done
Event: 0.569 Executing VM operation: HandshakeAllThreads
Event: 0.569 Executing VM operation: HandshakeAllThreads done
Event: 1.573 Executing VM operation: Cleanup
Event: 1.573 Executing VM operation: Cleanup done
Event: 2.587 Executing VM operation: Cleanup
Event: 2.587 Executing VM operation: Cleanup done
Event: 3.600 Executing VM operation: Cleanup
Event: 3.600 Executing VM operation: Cleanup done

Events (20 events):
Event: 0.014 Thread 0x00000237cefd7b70 Thread added: 0x00000237cefd7b70
Event: 0.025 Thread 0x00000237f3c8b090 Thread added: 0x00000237f3c8b090
Event: 0.025 Thread 0x00000237f3c8bbc0 Thread added: 0x00000237f3c8bbc0
Event: 0.025 Thread 0x00000237f3c8ea60 Thread added: 0x00000237f3c8ea60
Event: 0.025 Thread 0x00000237f3c8f590 Thread added: 0x00000237f3c8f590
Event: 0.025 Thread 0x00000237f3c91fd0 Thread added: 0x00000237f3c91fd0
Event: 0.025 Thread 0x00000237f3c94910 Thread added: 0x00000237f3c94910
Event: 0.025 Thread 0x00000237f3c962b0 Thread added: 0x00000237f3c962b0
Event: 0.026 Thread 0x00000237f3ca5540 Thread added: 0x00000237f3ca5540
Event: 0.026 Thread 0x00000237f3ca5eb0 Thread added: 0x00000237f3ca5eb0
Event: 0.046 Thread 0x00000237f3c61290 Thread added: 0x00000237f3c61290
Event: 0.076 Thread 0x00000237f864dd40 Thread added: 0x00000237f864dd40
Event: 0.083 Thread 0x00000237cefd8a50 Thread added: 0x00000237cefd8a50
Event: 0.151 Thread 0x00000237f876d2d0 Thread added: 0x00000237f876d2d0
Event: 0.152 Thread 0x00000237f876d810 Thread added: 0x00000237f876d810
Event: 0.153 Thread 0x00000237f86fce20 Thread added: 0x00000237f86fce20
Event: 0.244 Thread 0x00000237f937a2c0 Thread added: 0x00000237f937a2c0
Event: 0.301 Thread 0x00000237cefd7b70 Thread exited: 0x00000237cefd7b70
Event: 0.301 Thread 0x00000237cefd7b70 Thread added: 0x00000237cefd7b70
Event: 1.826 Thread 0x00000237cefd8a50 Thread exited: 0x00000237cefd8a50


Dynamic libraries:
0x00007ff72edf0000 - 0x00007ff72ee00000 	C:\Program Files\Java\jdk-19\bin\java.exe
0x00007fff89b90000 - 0x00007fff89da4000 	C:\WINDOWS\SYSTEM32\ntdll.dll
0x00007fff87e80000 - 0x00007fff87f42000 	C:\WINDOWS\System32\KERNEL32.DLL
0x00007fff86f90000 - 0x00007fff87333000 	C:\WINDOWS\System32\KERNELBASE.dll
0x00007fff87700000 - 0x00007fff87811000 	C:\WINDOWS\System32\ucrtbase.dll
0x00007fff772d0000 - 0x00007fff772eb000 	C:\Program Files\Java\jdk-19\bin\VCRUNTIME140.dll
0x00007fff56870000 - 0x00007fff56888000 	C:\Program Files\Java\jdk-19\bin\jli.dll
0x00007fff88540000 - 0x00007fff885ee000 	C:\WINDOWS\System32\ADVAPI32.dll
0x00007fff87cf0000 - 0x00007fff87d97000 	C:\WINDOWS\System32\msvcrt.dll
0x00007fff87c40000 - 0x00007fff87ce4000 	C:\WINDOWS\System32\sechost.dll
0x00007fff88420000 - 0x00007fff88537000 	C:\WINDOWS\System32\RPCRT4.dll
0x00007fff87a30000 - 0x00007fff87bda000 	C:\WINDOWS\System32\USER32.dll
0x00007fff87820000 - 0x00007fff87846000 	C:\WINDOWS\System32\win32u.dll
0x00007fff74a80000 - 0x00007fff74d0e000 	C:\WINDOWS\WinSxS\amd64_microsoft.windows.common-controls_6595b64144ccf1df_6.0.22621.1635_none_270f70857386168e\COMCTL32.dll
0x00007fff87a00000 - 0x00007fff87a29000 	C:\WINDOWS\System32\GDI32.dll
0x00007fff87850000 - 0x00007fff87969000 	C:\WINDOWS\System32\gdi32full.dll
0x00007fff87340000 - 0x00007fff873da000 	C:\WINDOWS\System32\msvcp_win.dll
0x00007fff7fac0000 - 0x00007fff7faca000 	C:\WINDOWS\SYSTEM32\VERSION.dll
0x00007fff87be0000 - 0x00007fff87c11000 	C:\WINDOWS\System32\IMM32.DLL
0x00007fff823a0000 - 0x00007fff823ac000 	C:\Program Files\Java\jdk-19\bin\vcruntime140_1.dll
0x00007fff5fce0000 - 0x00007fff5fd6e000 	C:\Program Files\Java\jdk-19\bin\msvcp140.dll
0x00007fff3d9b0000 - 0x00007fff3e670000 	C:\Program Files\Java\jdk-19\bin\server\jvm.dll
0x00007fff682a0000 - 0x00007fff682a9000 	C:\WINDOWS\SYSTEM32\WSOCK32.dll
0x00007fff758c0000 - 0x00007fff758f4000 	C:\WINDOWS\SYSTEM32\WINMM.dll
0x00007fff88d40000 - 0x00007fff88db1000 	C:\WINDOWS\System32\WS2_32.dll
0x00007fff860c0000 - 0x00007fff860d8000 	C:\WINDOWS\SYSTEM32\kernel.appcore.dll
0x00007fff7f870000 - 0x00007fff7f87a000 	C:\Program Files\Java\jdk-19\bin\jimage.dll
0x00007fff846e0000 - 0x00007fff8490e000 	C:\WINDOWS\SYSTEM32\DBGHELP.DLL
0x00007fff88090000 - 0x00007fff88419000 	C:\WINDOWS\System32\combase.dll
0x00007fff87f50000 - 0x00007fff88027000 	C:\WINDOWS\System32\OLEAUT32.dll
0x00007fff62d60000 - 0x00007fff62d92000 	C:\WINDOWS\SYSTEM32\dbgcore.DLL
0x00007fff87680000 - 0x00007fff876fa000 	C:\WINDOWS\System32\bcryptPrimitives.dll
0x00007fff74ff0000 - 0x00007fff75016000 	C:\Program Files\Java\jdk-19\bin\java.dll
0x00007fff5d6a0000 - 0x00007fff5d777000 	C:\Program Files\Java\jdk-19\bin\jsvml.dll
0x00007fff88f90000 - 0x00007fff89789000 	C:\WINDOWS\System32\SHELL32.dll
0x00007fff84f80000 - 0x00007fff8584e000 	C:\WINDOWS\SYSTEM32\windows.storage.dll
0x00007fff84e40000 - 0x00007fff84f7e000 	C:\WINDOWS\SYSTEM32\wintypes.dll
0x00007fff887c0000 - 0x00007fff888b1000 	C:\WINDOWS\System32\SHCORE.dll
0x00007fff87da0000 - 0x00007fff87dfe000 	C:\WINDOWS\System32\shlwapi.dll
0x00007fff86ec0000 - 0x00007fff86ee6000 	C:\WINDOWS\SYSTEM32\profapi.dll
0x00007fff75dc0000 - 0x00007fff75dd3000 	C:\Program Files\Java\jdk-19\bin\net.dll
0x00007fff809a0000 - 0x00007fff80ad7000 	C:\WINDOWS\SYSTEM32\WINHTTP.dll
0x00007fff86540000 - 0x00007fff865a9000 	C:\WINDOWS\system32\mswsock.dll
0x00007fff734e0000 - 0x00007fff734f6000 	C:\Program Files\Java\jdk-19\bin\nio.dll
0x00007fff71670000 - 0x00007fff71688000 	C:\Program Files\Java\jdk-19\bin\zip.dll
0x00007fff3d810000 - 0x00007fff3d9a1000 	C:\Program Files\Java\jdk-19\bin\awt.dll
0x00007fff83fd0000 - 0x00007fff84067000 	C:\WINDOWS\SYSTEM32\apphelp.dll
0x00007fff84410000 - 0x00007fff8443b000 	C:\WINDOWS\system32\DWMAPI.DLL
0x00007fff841b0000 - 0x00007fff8425b000 	C:\WINDOWS\system32\uxtheme.dll
0x00007fff714e0000 - 0x00007fff715e0000 	C:\WINDOWS\system32\opengl32.dll
0x00007fff760c0000 - 0x00007fff760ed000 	C:\WINDOWS\SYSTEM32\GLU32.dll
0x00007fff842c0000 - 0x00007fff842f8000 	C:\WINDOWS\SYSTEM32\dxcore.dll
0x00007fff897f0000 - 0x00007fff89917000 	C:\WINDOWS\System32\MSCTF.dll
0x00007fff89920000 - 0x00007fff89abc000 	C:\WINDOWS\System32\ole32.dll
0x00007fff565d0000 - 0x00007fff56656000 	C:\Program Files\Java\jdk-19\bin\freetype.dll
0x00007fff430e0000 - 0x00007fff43189000 	C:\Program Files\Java\jdk-19\bin\fontmanager.dll
0x00007fff72af0000 - 0x00007fff72c1d000 	C:\WINDOWS\SYSTEM32\textinputframework.dll
0x00007fff83cf0000 - 0x00007fff83e23000 	C:\WINDOWS\SYSTEM32\CoreMessaging.dll
0x00007fff7fb30000 - 0x00007fff7fe9c000 	C:\WINDOWS\SYSTEM32\CoreUIComponents.dll
0x00007fff867c0000 - 0x00007fff867cc000 	C:\WINDOWS\SYSTEM32\CRYPTBASE.DLL

dbghelp: loaded successfully - version: 4.0.5 - missing functions: none
symbol engine: initialized successfully - sym options: 0x614 - pdb path: .;C:\Program Files\Java\jdk-19\bin;C:\WINDOWS\SYSTEM32;C:\WINDOWS\WinSxS\amd64_microsoft.windows.common-controls_6595b64144ccf1df_6.0.22621.1635_none_270f70857386168e;C:\Program Files\Java\jdk-19\bin\server

VM Arguments:
jvm_args: -Dfile.encoding=UTF-8 --module-path=C:\Users\amitr\OneDrive\Pictures\Documents\NetBeansProjects\Bank Management System\build\classes 
java_command: bank.management.system.SignupThree
java_class_path (initial): C:\Users\amitr\OneDrive\Desktop\Bank management system\jcalendar-tz-1.3.3-4.jar;C:\Users\amitr\OneDrive\Desktop\Bank management system\mysql-connector-java-8.0.28.jar;C:\Users\amitr\OneDrive\Pictures\Documents\NetBeansProjects\Bank Management System\build\classes
Launcher Type: SUN_STANDARD

[Global flags]
     intx CICompilerCount                          = 4                                         {product} {ergonomic}
     uint ConcGCThreads                            = 2                                         {product} {ergonomic}
     uint G1ConcRefinementThreads                  = 8                                         {product} {ergonomic}
   size_t G1HeapRegionSize                         = 2097152                                   {product} {ergonomic}
    uintx GCDrainStackTargetSize                   = 64                                        {product} {ergonomic}
   size_t InitialHeapSize                          = 266338304                                 {product} {ergonomic}
   size_t MarkStackSize                            = 4194304                                   {product} {ergonomic}
   size_t MaxHeapSize                              = 4250927104                                {product} {ergonomic}
   size_t MaxNewSize                               = 2550136832                                {product} {ergonomic}
   size_t MinHeapDeltaBytes                        = 2097152                                   {product} {ergonomic}
   size_t MinHeapSize                              = 8388608                                   {product} {ergonomic}
    uintx NonNMethodCodeHeapSize                   = 5839372                                {pd product} {ergonomic}
    uintx NonProfiledCodeHeapSize                  = 122909434                              {pd product} {ergonomic}
    uintx ProfiledCodeHeapSize                     = 122909434                              {pd product} {ergonomic}
    uintx ReservedCodeCacheSize                    = 251658240                              {pd product} {ergonomic}
     bool SegmentedCodeCache                       = true                                      {product} {ergonomic}
   size_t SoftMaxHeapSize                          = 4250927104                             {manageable} {ergonomic}
     bool UseCompressedClassPointers               = true                           {product lp64_product} {ergonomic}
     bool UseCompressedOops                        = true                           {product lp64_product} {ergonomic}
     bool UseG1GC                                  = true                                      {product} {ergonomic}
     bool UseLargePagesIndividualAllocation        = false                                  {pd product} {ergonomic}

Logging:
Log output configuration:
 #0: stdout all=warning uptime,level,tags foldmultilines=false
 #1: stderr all=off uptime,level,tags foldmultilines=false

Environment Variables:
JAVA_HOME=C:\Program Files\Java\jdk-19
PATH=C:\Python3.11.1\Scripts\;C:\Python3.11.1\;C:\Program Files\Common Files\Oracle\Java\javapath;C:\Windows\system32;C:\Windows;C:\Windows\System32\Wbem;C:\Windows\System32\WindowsPowerShell\v1.0\;C:\Windows\System32\OpenSSH\;C:\Program Files (x86)\NVIDIA Corporation\PhysX\Common;C:\Program Files\NVIDIA Corporation\NVIDIA NvDLISR;C:\Program Files\Microsoft SQL Server\150\Tools\Binn\;C:\msys64\mingw64\bin;C:\WINDOWS\system32;C:\WINDOWS;C:\WINDOWS\System32\Wbem;C:\WINDOWS\System32\WindowsPowerShell\v1.0\;C:\WINDOWS\System32\OpenSSH\;C:\Program Files\Java\jdk-19\bin;C:\msys64\mingw64\bin;C:\Program Files\dotnet\;C:\Program Files\PowerShell\7\;C:\Program Files\MySQL\MySQL Server 8.0\bin;C:\Program Files\MySQL\MySQL Shell 8.0\bin\;C:\Users\amitr\AppData\Local\Microsoft\WindowsApps;C:\Users\amitr\AppData\Local\Programs\Microsoft VS Code\bin;;C:\Program Files\JetBrains\PyCharm Community Edition 2022.2.4\bin;
USERNAME=amitr
OS=Windows_NT
PROCESSOR_IDENTIFIER=Intel64 Family 6 Model 165 Stepping 2, GenuineIntel
TMP=C:\Users\amitr\AppData\Local\Temp
TEMP=C:\Users\amitr\AppData\Local\Temp



---------------  S Y S T E M  ---------------

OS:
 Windows 11 , 64 bit Build 22621 (10.0.22621.1928)
OS uptime: 7 days 0:52 hours

CPU: total 8 (initial active 8) (4 cores per cpu, 2 threads per core) family 6 model 165 stepping 2 microcode 0xea, cx8, cmov, fxsr, ht, mmx, 3dnowpref, sse, sse2, sse3, ssse3, sse4.1, sse4.2, popcnt, lzcnt, tsc, tscinvbit, avx, avx2, aes, erms, clmul, bmi1, bmi2, adx, fma, vzeroupper, clflush, clflushopt, rdtscp

Memory: 4k page, system-wide physical 16215M (4800M free)
TotalPageFile size 46540M (AvailPageFile size 0M)
current process WorkingSet (physical memory assigned to process): 68M, peak: 84M
current process commit charge ("private bytes"): 352M, peak: 370M

vm_info: Java HotSpot(TM) 64-Bit Server VM (19+36-2238) for windows-amd64 JRE (19+36-2238), built on 2022-08-12T20:29:01Z by "mach5one" with MS VC++ 17.1 (VS2022)

END.
