#
# A fatal error has been detected by the Java Runtime Environment:
#
#  EXCEPTION_ACCESS_VIOLATION (0xc0000005) at pc=0x00007fff87705888, pid=3756, tid=3428
#
# JRE version: Java(TM) SE Runtime Environment (19.0+36) (build 19+36-2238)
# Java VM: Java HotSpot(TM) 64-Bit Server VM (19+36-2238, mixed mode, sharing, tiered, compressed oops, compressed class ptrs, g1 gc, windows-amd64)
# Problematic frame:
# C  [ucrtbase.dll+0x5888]
#
# No core dump will be written. Minidumps are not enabled by default on client versions of Windows
#
# If you would like to submit a bug report, please visit:
#   https://bugreport.java.com/bugreport/crash.jsp
#

---------------  S U M M A R Y ------------

Command Line: -Dfile.encoding=UTF-8 --module-path=C:\Users\amitr\OneDrive\Pictures\Documents\NetBeansProjects\Bank Management System\build\classes bank.management.system.SignupThree

Host: Intel(R) Core(TM) i5-10300H CPU @ 2.50GHz, 8 cores, 15G,  Windows 11 , 64 bit Build 22621 (10.0.22621.1928)
Time: Fri Jul 28 02:03:12 2023 India Standard Time elapsed time: 2217.690209 seconds (0d 0h 36m 57s)

---------------  T H R E A D  ---------------

Current thread (0x00000213289b7dd0):  JavaThread "C2 CompilerThread0" daemon [_thread_in_native, id=3428, stack(0x0000001bfe900000,0x0000001bfea00000)]


Current CompileTask:
C2:2217690 1251       4       java.util.Arrays::binarySearch0 (95 bytes)

Stack: [0x0000001bfe900000,0x0000001bfea00000],  sp=0x0000001bfe9fbb40,  free space=1006k
Native frames: (J=compiled Java code, j=interpreted, Vv=VM code, C=native code)
C  [ucrtbase.dll+0x5888]
C  [ucrtbase.dll+0x634c]
C  [ucrtbase.dll+0x504d]
C  [ucrtbase.dll+0x4ef4]
C  [ucrtbase.dll+0x3403]
C  [ucrtbase.dll+0x332b]
C  [ucrtbase.dll+0x32db]
C  [awt.dll+0x74ecd]


siginfo: EXCEPTION_ACCESS_VIOLATION (0xc0000005), writing address 0x0000000000000000


Registers:
RAX=0x0000021303433b6a, RBX=0x00007fff877ff550, RCX=0x0000000000000000, RDX=0x0000021303433c10
RSP=0x0000001bfe9fbb40, RBP=0x0000000000000000, RSI=0x0000001bfe9fc180, RDI=0x0000000000000000
R8 =0x0000001bfe9fc180, R9 =0x0000000000002282, R10=0x0000000000000002, R11=0x00007fff87800990
R12=0x000002132da391a0, R13=0x0000000000000068, R14=0x0000001bfe9fc0a0, R15=0x00007fff877dc530
RIP=0x00007fff87705888, EFLAGS=0x0000000000010246


Register to memory mapping:

RIP=0x00007fff87705888 ucrtbase.dll
RAX=0x0000021303433b6a points into unknown readable memory: 00 00 00 00 00 00
RBX=0x00007fff877ff550 ucrtbase.dll
RCX=0x0 is NULL
RDX=0x0000021303433c10 points into unknown readable memory: 0xffffffffffffffff | ff ff ff ff ff ff ff ff
RSP=0x0000001bfe9fbb40 is pointing into the stack for thread: 0x00000213289b7dd0
RBP=0x0 is NULL
RSI=0x0000001bfe9fc180 is pointing into the stack for thread: 0x00000213289b7dd0
RDI=0x0 is NULL
R8 =0x0000001bfe9fc180 is pointing into the stack for thread: 0x00000213289b7dd0
R9 =0x0000000000002282 is an unknown value
R10=0x0000000000000002 is an unknown value
R11=0x00007fff87800990 ucrtbase.dll
R12=0x000002132da391a0 points into unknown readable memory: 0x00007fff3e318a48 | 48 8a 31 3e ff 7f 00 00
R13=0x0000000000000068 is an unknown value
R14=0x0000001bfe9fc0a0 is pointing into the stack for thread: 0x00000213289b7dd0
R15=0x00007fff877dc530 ucrtbase.dll


Top of Stack: (sp=0x0000001bfe9fbb40)
0x0000001bfe9fbb40:   0000000000000000 0000000000000000
0x0000001bfe9fbb50:   0000000000000000 00007fff3e4fecd8
0x0000001bfe9fbb60:   0000001bfe9fc180 00007fff8770634c
0x0000001bfe9fbb70:   000000000000006a 00007fff877ff550
0x0000001bfe9fbb80:   0000000000000000 000000000000006a
0x0000001bfe9fbb90:   0000001bfe9fc180 00007fff8770504d
0x0000001bfe9fbba0:   0000001bfe9fbc40 00000000ffffffff
0x0000001bfe9fbbb0:   000002132ceba620 0000000007530000
0x0000001bfe9fbbc0:   0000000000000010 00007fff87704ef4
0x0000001bfe9fbbd0:   0000000000000000 00007fff3e32a394
0x0000001bfe9fbbe0:   0000000000000000 00007fff3e591c28
0x0000001bfe9fbbf0:   0000001bfe9fc8e8 00007fff3da79e54
0x0000001bfe9fbc00:   0000001bfe9fc180 00007fff877ff550
0x0000001bfe9fbc10:   0000000000000000 00007fff87703403
0x0000001bfe9fbc20:   0000001bfe9fc1f0 0000001bfe9fbd20
0x0000001bfe9fbc30:   0000001bfe9fc200 00000213289b8360 

Instructions: (pc=0x00007fff87705888)
0x00007fff87705788:   89 03 89 7b 10 8b 43 14 90 a8 04 75 11 8b 43 14
0x00007fff87705798:   90 83 e0 41 3c 41 0f 84 02 76 05 00 eb 05 f0 83
0x00007fff877057a8:   63 14 fc 8b 4b 18 4c 8b ce 44 8b c5 49 8b d6 90
0x00007fff877057b8:   e8 37 1c 02 00 48 83 f8 ff 40 0f 95 c7 8d 47 ff
0x00007fff877057c8:   48 8b 5c 24 30 48 8b 6c 24 38 48 8b 74 24 40 48
0x00007fff877057d8:   8b 7c 24 48 48 83 c4 20 41 5e c3 41 c6 41 30 01
0x00007fff877057e8:   83 c8 ff 41 c7 41 2c 16 00 00 00 eb d3 cc cc cc
0x00007fff877057f8:   cc cc cc cc 48 8b c4 48 89 58 10 48 89 68 18 48
0x00007fff87705808:   89 70 20 88 48 08 57 48 83 ec 20 48 8b ca 49 8b
0x00007fff87705818:   f0 48 8b da e8 af 25 00 00 8b 4b 14 90 4c 63 d0
0x00007fff87705828:   f6 c1 c0 74 75 8b 3b 33 ed 48 8b 53 08 2b 7b 08
0x00007fff87705838:   48 8d 42 01 48 89 03 8b 43 20 ff c8 89 43 10 85
0x00007fff87705848:   ff 7f 72 41 8d 42 02 83 f8 01 76 7b 49 8b ca 48
0x00007fff87705858:   8d 15 32 b1 0f 00 49 8b c2 48 c1 f8 06 83 e1 3f
0x00007fff87705868:   48 8b 04 c2 48 8d 0c c9 48 8d 14 c8 f6 42 38 20
0x00007fff87705878:   0f 85 46 18 05 00 48 8b 4b 08 3b ef 8a 44 24 30
0x00007fff87705888:   88 01 0f 94 c0 48 8b 5c 24 38 48 8b 6c 24 40 48
0x00007fff87705898:   8b 74 24 48 48 83 c4 20 5f c3 4c 8b ce 48 8d 54
0x00007fff877058a8:   24 30 41 b8 01 00 00 00 41 8b ca e8 f0 05 00 00
0x00007fff877058b8:   83 f8 01 eb cd 4c 8b ce 44 8b c7 41 8b ca e8 dd
0x00007fff877058c8:   05 00 00 8b e8 eb af 48 8d 15 5a a3 0f 00 eb 9c
0x00007fff877058d8:   cc cc cc cc cc cc cc cc 48 89 5c 24 08 48 89 74
0x00007fff877058e8:   24 10 57 48 83 ec 20 48 8d 59 08 48 8b f9 48 8b
0x00007fff877058f8:   cb e8 52 02 00 00 8b d0 83 f8 ff 74 3c 0f b6 47
0x00007fff87705908:   38 3b d0 75 2c 0f b6 f2 e8 cb 27 00 00 45 33 c0
0x00007fff87705918:   66 44 39 04 70 0f 8c 9d 74 05 00 41 b0 01 41 8a
0x00007fff87705928:   c0 48 8b 5c 24 30 48 8b 74 24 38 48 83 c4 20 5f
0x00007fff87705938:   c3 48 8b cb e8 4f ea ff ff 32 c0 eb e4 cc cc cc
0x00007fff87705948:   cc cc cc cc 48 89 5c 24 08 48 89 6c 24 10 48 89
0x00007fff87705958:   74 24 18 57 41 54 41 55 41 56 41 57 48 83 ec 40
0x00007fff87705968:   4c 8b f9 45 0f b6 e9 48 8b ca 41 8b e8 48 8b f2
0x00007fff87705978:   e8 e7 e5 ff ff 33 ff 84 c0 0f 84 31 75 05 00 8d 


Stack slot to memory mapping:
stack at sp + 0 slots: 0x0 is NULL
stack at sp + 1 slots: 0x0 is NULL
stack at sp + 2 slots: 0x0 is NULL
stack at sp + 3 slots: 0x00007fff3e4fecd8 jvm.dll
stack at sp + 4 slots: 0x0000001bfe9fc180 is pointing into the stack for thread: 0x00000213289b7dd0
stack at sp + 5 slots: 0x00007fff8770634c ucrtbase.dll
stack at sp + 6 slots: 0x000000000000006a is an unknown value
stack at sp + 7 slots: 0x00007fff877ff550 ucrtbase.dll


---------------  P R O C E S S  ---------------

Threads class SMR info:
_java_thread_list=0x000002132da54c60, length=16, elements={
0x00000213289a44b0, 0x00000213289a5180, 0x00000213289aa500, 0x00000213289acf40,
0x00000213289ada10, 0x00000213289ae680, 0x00000213289b7dd0, 0x00000213289b84f0,
0x00000213289b8a70, 0x0000021328976690, 0x000002132cd31ba0, 0x000002132cf3e590,
0x000002132cf40ae0, 0x000002132cf41830, 0x000002132da6a280, 0x0000021305638140
}

Java Threads: ( => current thread )
  0x00000213289a44b0 JavaThread "Reference Handler" daemon [_thread_blocked, id=22060, stack(0x0000001bfe300000,0x0000001bfe400000)]
  0x00000213289a5180 JavaThread "Finalizer" daemon [_thread_blocked, id=3224, stack(0x0000001bfe400000,0x0000001bfe500000)]
  0x00000213289aa500 JavaThread "Signal Dispatcher" daemon [_thread_blocked, id=17376, stack(0x0000001bfe500000,0x0000001bfe600000)]
  0x00000213289acf40 JavaThread "Attach Listener" daemon [_thread_blocked, id=20664, stack(0x0000001bfe600000,0x0000001bfe700000)]
  0x00000213289ada10 JavaThread "Service Thread" daemon [_thread_blocked, id=19244, stack(0x0000001bfe700000,0x0000001bfe800000)]
  0x00000213289ae680 JavaThread "Monitor Deflation Thread" daemon [_thread_blocked, id=34868, stack(0x0000001bfe800000,0x0000001bfe900000)]
=>0x00000213289b7dd0 JavaThread "C2 CompilerThread0" daemon [_thread_in_native, id=3428, stack(0x0000001bfe900000,0x0000001bfea00000)]
  0x00000213289b84f0 JavaThread "C1 CompilerThread0" daemon [_thread_blocked, id=31656, stack(0x0000001bfea00000,0x0000001bfeb00000)]
  0x00000213289b8a70 JavaThread "Sweeper thread" daemon [_thread_blocked, id=28044, stack(0x0000001bfeb00000,0x0000001bfec00000)]
  0x0000021328976690 JavaThread "Common-Cleaner" daemon [_thread_blocked, id=33292, stack(0x0000001bfec00000,0x0000001bfed00000)]
  0x000002132cd31ba0 JavaThread "Notification Thread" daemon [_thread_blocked, id=35436, stack(0x0000001bfed00000,0x0000001bfee00000)]
  0x000002132cf3e590 JavaThread "Java2D Disposer" daemon [_thread_blocked, id=16012, stack(0x0000001bff000000,0x0000001bff100000)]
  0x000002132cf40ae0 JavaThread "AWT-Shutdown" [_thread_blocked, id=2532, stack(0x0000001bff100000,0x0000001bff200000)]
  0x000002132cf41830 JavaThread "AWT-Windows" daemon [_thread_in_native, id=16636, stack(0x0000001bff200000,0x0000001bff300000)]
  0x000002132da6a280 JavaThread "AWT-EventQueue-0" [_thread_blocked, id=4436, stack(0x0000001bff300000,0x0000001bff400000)]
  0x0000021305638140 JavaThread "DestroyJavaVM" [_thread_blocked, id=24632, stack(0x0000001bfdc00000,0x0000001bfdd00000)]

Other Threads:
  0x00000213289851a0 VMThread "VM Thread" [stack: 0x0000001bfe200000,0x0000001bfe300000] [id=18272]
  0x000002132cd09280 WatcherThread "VM Periodic Task Thread" [stack: 0x0000001bfee00000,0x0000001bfef00000] [id=9388]
  0x00000213056aab10 WorkerThread "GC Thread#0" [stack: 0x0000001bfdd00000,0x0000001bfde00000] [id=36908]
  0x00000213056bbac0 ConcurrentGCThread "G1 Main Marker" [stack: 0x0000001bfde00000,0x0000001bfdf00000] [id=35424]
  0x00000213056bc4f0 WorkerThread "G1 Conc#0" [stack: 0x0000001bfdf00000,0x0000001bfe000000] [id=13672]
  0x00000213056fdff0 ConcurrentGCThread "G1 Refine#0" [stack: 0x0000001bfe000000,0x0000001bfe100000] [id=29544]
  0x00000213056fe9d0 ConcurrentGCThread "G1 Service" [stack: 0x0000001bfe100000,0x0000001bfe200000] [id=34128]

Threads with active compile tasks:
C2 CompilerThread0  2217722 1251       4       java.util.Arrays::binarySearch0 (95 bytes)

VM state: not at safepoint (normal execution)

VM Mutex/Monitor currently owned by a thread: None

Heap address: 0x0000000702a00000, size: 4054 MB, Compressed Oops mode: Zero based, Oop shift amount: 3

CDS archive(s) mapped at: [0x0000000800000000-0x0000000800c40000-0x0000000800c40000), size 12845056, SharedBaseAddress: 0x0000000800000000, ArchiveRelocationMode: 0.
Compressed class space mapped at: 0x0000000801000000-0x0000000841000000, reserved size: 1073741824
Narrow klass base: 0x0000000800000000, Narrow klass shift: 0, Narrow klass range: 0x100000000

GC Precious Log:
 CardTable entry size: 512
 Card Set container configuration: InlinePtr #cards 4 size 8 Array Of Cards #cards 8 size 32 Howl #buckets 8 coarsen threshold 3686 Howl Bitmap #cards 512 size 80 coarsen threshold 460 Card regions per heap region 1 cards per card region 4096
 CPUs: 8 total, 8 available
 Memory: 16215M
 Large Page Support: Disabled
 NUMA Support: Disabled
 Compressed Oops: Enabled (Zero based)
 Heap Region Size: 2M
 Heap Min Capacity: 8M
 Heap Initial Capacity: 254M
 Heap Max Capacity: 4054M
 Pre-touch: Disabled
 Parallel Workers: 8
 Concurrent Workers: 2
 Concurrent Refinement Workers: 8
 Periodic GC: Disabled

Heap:
 garbage-first heap   total 260096K, used 20480K [0x0000000702a00000, 0x0000000800000000)
  region size 2048K, 9 young (18432K), 0 survivors (0K)
 Metaspace       used 7217K, committed 7360K, reserved 1114112K
  class space    used 736K, committed 832K, reserved 1048576K

Heap Regions: E=young(eden), S=young(survivor), O=old, HS=humongous(starts), HC=humongous(continues), CS=collection set, F=free, OA=open archive, CA=closed archive, TAMS=top-at-mark-start (previous, next)
|   0|0x0000000702a00000, 0x0000000702c00000, 0x0000000702c00000|100%|HS|  |TAMS 0x0000000702a00000, 0x0000000702a00000| Complete 
|   1|0x0000000702c00000, 0x0000000702e00000, 0x0000000702e00000|100%|HC|  |TAMS 0x0000000702c00000, 0x0000000702c00000| Complete 
|   2|0x0000000702e00000, 0x0000000702e00000, 0x0000000703000000|  0%| F|  |TAMS 0x0000000702e00000, 0x0000000702e00000| Untracked 
|   3|0x0000000703000000, 0x0000000703000000, 0x0000000703200000|  0%| F|  |TAMS 0x0000000703000000, 0x0000000703000000| Untracked 
|   4|0x0000000703200000, 0x0000000703200000, 0x0000000703400000|  0%| F|  |TAMS 0x0000000703200000, 0x0000000703200000| Untracked 
|   5|0x0000000703400000, 0x0000000703400000, 0x0000000703600000|  0%| F|  |TAMS 0x0000000703400000, 0x0000000703400000| Untracked 
|   6|0x0000000703600000, 0x0000000703600000, 0x0000000703800000|  0%| F|  |TAMS 0x0000000703600000, 0x0000000703600000| Untracked 
|   7|0x0000000703800000, 0x0000000703800000, 0x0000000703a00000|  0%| F|  |TAMS 0x0000000703800000, 0x0000000703800000| Untracked 
|   8|0x0000000703a00000, 0x0000000703a00000, 0x0000000703c00000|  0%| F|  |TAMS 0x0000000703a00000, 0x0000000703a00000| Untracked 
|   9|0x0000000703c00000, 0x0000000703c00000, 0x0000000703e00000|  0%| F|  |TAMS 0x0000000703c00000, 0x0000000703c00000| Untracked 
|  10|0x0000000703e00000, 0x0000000703e00000, 0x0000000704000000|  0%| F|  |TAMS 0x0000000703e00000, 0x0000000703e00000| Untracked 
|  11|0x0000000704000000, 0x0000000704000000, 0x0000000704200000|  0%| F|  |TAMS 0x0000000704000000, 0x0000000704000000| Untracked 
|  12|0x0000000704200000, 0x0000000704200000, 0x0000000704400000|  0%| F|  |TAMS 0x0000000704200000, 0x0000000704200000| Untracked 
|  13|0x0000000704400000, 0x0000000704400000, 0x0000000704600000|  0%| F|  |TAMS 0x0000000704400000, 0x0000000704400000| Untracked 
|  14|0x0000000704600000, 0x0000000704600000, 0x0000000704800000|  0%| F|  |TAMS 0x0000000704600000, 0x0000000704600000| Untracked 
|  15|0x0000000704800000, 0x0000000704800000, 0x0000000704a00000|  0%| F|  |TAMS 0x0000000704800000, 0x0000000704800000| Untracked 
|  16|0x0000000704a00000, 0x0000000704a00000, 0x0000000704c00000|  0%| F|  |TAMS 0x0000000704a00000, 0x0000000704a00000| Untracked 
|  17|0x0000000704c00000, 0x0000000704c00000, 0x0000000704e00000|  0%| F|  |TAMS 0x0000000704c00000, 0x0000000704c00000| Untracked 
|  18|0x0000000704e00000, 0x0000000704e00000, 0x0000000705000000|  0%| F|  |TAMS 0x0000000704e00000, 0x0000000704e00000| Untracked 
|  19|0x0000000705000000, 0x0000000705000000, 0x0000000705200000|  0%| F|  |TAMS 0x0000000705000000, 0x0000000705000000| Untracked 
|  20|0x0000000705200000, 0x0000000705200000, 0x0000000705400000|  0%| F|  |TAMS 0x0000000705200000, 0x0000000705200000| Untracked 
|  21|0x0000000705400000, 0x0000000705400000, 0x0000000705600000|  0%| F|  |TAMS 0x0000000705400000, 0x0000000705400000| Untracked 
|  22|0x0000000705600000, 0x0000000705600000, 0x0000000705800000|  0%| F|  |TAMS 0x0000000705600000, 0x0000000705600000| Untracked 
|  23|0x0000000705800000, 0x0000000705800000, 0x0000000705a00000|  0%| F|  |TAMS 0x0000000705800000, 0x0000000705800000| Untracked 
|  24|0x0000000705a00000, 0x0000000705a00000, 0x0000000705c00000|  0%| F|  |TAMS 0x0000000705a00000, 0x0000000705a00000| Untracked 
|  25|0x0000000705c00000, 0x0000000705c00000, 0x0000000705e00000|  0%| F|  |TAMS 0x0000000705c00000, 0x0000000705c00000| Untracked 
|  26|0x0000000705e00000, 0x0000000705e00000, 0x0000000706000000|  0%| F|  |TAMS 0x0000000705e00000, 0x0000000705e00000| Untracked 
|  27|0x0000000706000000, 0x0000000706000000, 0x0000000706200000|  0%| F|  |TAMS 0x0000000706000000, 0x0000000706000000| Untracked 
|  28|0x0000000706200000, 0x0000000706200000, 0x0000000706400000|  0%| F|  |TAMS 0x0000000706200000, 0x0000000706200000| Untracked 
|  29|0x0000000706400000, 0x0000000706400000, 0x0000000706600000|  0%| F|  |TAMS 0x0000000706400000, 0x0000000706400000| Untracked 
|  30|0x0000000706600000, 0x0000000706600000, 0x0000000706800000|  0%| F|  |TAMS 0x0000000706600000, 0x0000000706600000| Untracked 
|  31|0x0000000706800000, 0x0000000706800000, 0x0000000706a00000|  0%| F|  |TAMS 0x0000000706800000, 0x0000000706800000| Untracked 
|  32|0x0000000706a00000, 0x0000000706a00000, 0x0000000706c00000|  0%| F|  |TAMS 0x0000000706a00000, 0x0000000706a00000| Untracked 
|  33|0x0000000706c00000, 0x0000000706c00000, 0x0000000706e00000|  0%| F|  |TAMS 0x0000000706c00000, 0x0000000706c00000| Untracked 
|  34|0x0000000706e00000, 0x0000000706e00000, 0x0000000707000000|  0%| F|  |TAMS 0x0000000706e00000, 0x0000000706e00000| Untracked 
|  35|0x0000000707000000, 0x0000000707000000, 0x0000000707200000|  0%| F|  |TAMS 0x0000000707000000, 0x0000000707000000| Untracked 
|  36|0x0000000707200000, 0x0000000707200000, 0x0000000707400000|  0%| F|  |TAMS 0x0000000707200000, 0x0000000707200000| Untracked 
|  37|0x0000000707400000, 0x0000000707400000, 0x0000000707600000|  0%| F|  |TAMS 0x0000000707400000, 0x0000000707400000| Untracked 
|  38|0x0000000707600000, 0x0000000707600000, 0x0000000707800000|  0%| F|  |TAMS 0x0000000707600000, 0x0000000707600000| Untracked 
|  39|0x0000000707800000, 0x0000000707800000, 0x0000000707a00000|  0%| F|  |TAMS 0x0000000707800000, 0x0000000707800000| Untracked 
|  40|0x0000000707a00000, 0x0000000707a00000, 0x0000000707c00000|  0%| F|  |TAMS 0x0000000707a00000, 0x0000000707a00000| Untracked 
|  41|0x0000000707c00000, 0x0000000707c00000, 0x0000000707e00000|  0%| F|  |TAMS 0x0000000707c00000, 0x0000000707c00000| Untracked 
|  42|0x0000000707e00000, 0x0000000707e00000, 0x0000000708000000|  0%| F|  |TAMS 0x0000000707e00000, 0x0000000707e00000| Untracked 
|  43|0x0000000708000000, 0x0000000708000000, 0x0000000708200000|  0%| F|  |TAMS 0x0000000708000000, 0x0000000708000000| Untracked 
|  44|0x0000000708200000, 0x0000000708200000, 0x0000000708400000|  0%| F|  |TAMS 0x0000000708200000, 0x0000000708200000| Untracked 
|  45|0x0000000708400000, 0x0000000708400000, 0x0000000708600000|  0%| F|  |TAMS 0x0000000708400000, 0x0000000708400000| Untracked 
|  46|0x0000000708600000, 0x0000000708600000, 0x0000000708800000|  0%| F|  |TAMS 0x0000000708600000, 0x0000000708600000| Untracked 
|  47|0x0000000708800000, 0x0000000708800000, 0x0000000708a00000|  0%| F|  |TAMS 0x0000000708800000, 0x0000000708800000| Untracked 
|  48|0x0000000708a00000, 0x0000000708a00000, 0x0000000708c00000|  0%| F|  |TAMS 0x0000000708a00000, 0x0000000708a00000| Untracked 
|  49|0x0000000708c00000, 0x0000000708c00000, 0x0000000708e00000|  0%| F|  |TAMS 0x0000000708c00000, 0x0000000708c00000| Untracked 
|  50|0x0000000708e00000, 0x0000000708e00000, 0x0000000709000000|  0%| F|  |TAMS 0x0000000708e00000, 0x0000000708e00000| Untracked 
|  51|0x0000000709000000, 0x0000000709000000, 0x0000000709200000|  0%| F|  |TAMS 0x0000000709000000, 0x0000000709000000| Untracked 
|  52|0x0000000709200000, 0x0000000709200000, 0x0000000709400000|  0%| F|  |TAMS 0x0000000709200000, 0x0000000709200000| Untracked 
|  53|0x0000000709400000, 0x0000000709400000, 0x0000000709600000|  0%| F|  |TAMS 0x0000000709400000, 0x0000000709400000| Untracked 
|  54|0x0000000709600000, 0x0000000709600000, 0x0000000709800000|  0%| F|  |TAMS 0x0000000709600000, 0x0000000709600000| Untracked 
|  55|0x0000000709800000, 0x0000000709800000, 0x0000000709a00000|  0%| F|  |TAMS 0x0000000709800000, 0x0000000709800000| Untracked 
|  56|0x0000000709a00000, 0x0000000709a00000, 0x0000000709c00000|  0%| F|  |TAMS 0x0000000709a00000, 0x0000000709a00000| Untracked 
|  57|0x0000000709c00000, 0x0000000709c00000, 0x0000000709e00000|  0%| F|  |TAMS 0x0000000709c00000, 0x0000000709c00000| Untracked 
|  58|0x0000000709e00000, 0x0000000709e00000, 0x000000070a000000|  0%| F|  |TAMS 0x0000000709e00000, 0x0000000709e00000| Untracked 
|  59|0x000000070a000000, 0x000000070a000000, 0x000000070a200000|  0%| F|  |TAMS 0x000000070a000000, 0x000000070a000000| Untracked 
|  60|0x000000070a200000, 0x000000070a200000, 0x000000070a400000|  0%| F|  |TAMS 0x000000070a200000, 0x000000070a200000| Untracked 
|  61|0x000000070a400000, 0x000000070a400000, 0x000000070a600000|  0%| F|  |TAMS 0x000000070a400000, 0x000000070a400000| Untracked 
|  62|0x000000070a600000, 0x000000070a600000, 0x000000070a800000|  0%| F|  |TAMS 0x000000070a600000, 0x000000070a600000| Untracked 
|  63|0x000000070a800000, 0x000000070a800000, 0x000000070aa00000|  0%| F|  |TAMS 0x000000070a800000, 0x000000070a800000| Untracked 
|  64|0x000000070aa00000, 0x000000070aa00000, 0x000000070ac00000|  0%| F|  |TAMS 0x000000070aa00000, 0x000000070aa00000| Untracked 
|  65|0x000000070ac00000, 0x000000070ac00000, 0x000000070ae00000|  0%| F|  |TAMS 0x000000070ac00000, 0x000000070ac00000| Untracked 
|  66|0x000000070ae00000, 0x000000070ae00000, 0x000000070b000000|  0%| F|  |TAMS 0x000000070ae00000, 0x000000070ae00000| Untracked 
|  67|0x000000070b000000, 0x000000070b000000, 0x000000070b200000|  0%| F|  |TAMS 0x000000070b000000, 0x000000070b000000| Untracked 
|  68|0x000000070b200000, 0x000000070b200000, 0x000000070b400000|  0%| F|  |TAMS 0x000000070b200000, 0x000000070b200000| Untracked 
|  69|0x000000070b400000, 0x000000070b400000, 0x000000070b600000|  0%| F|  |TAMS 0x000000070b400000, 0x000000070b400000| Untracked 
|  70|0x000000070b600000, 0x000000070b600000, 0x000000070b800000|  0%| F|  |TAMS 0x000000070b600000, 0x000000070b600000| Untracked 
|  71|0x000000070b800000, 0x000000070b800000, 0x000000070ba00000|  0%| F|  |TAMS 0x000000070b800000, 0x000000070b800000| Untracked 
|  72|0x000000070ba00000, 0x000000070ba00000, 0x000000070bc00000|  0%| F|  |TAMS 0x000000070ba00000, 0x000000070ba00000| Untracked 
|  73|0x000000070bc00000, 0x000000070bc00000, 0x000000070be00000|  0%| F|  |TAMS 0x000000070bc00000, 0x000000070bc00000| Untracked 
|  74|0x000000070be00000, 0x000000070be00000, 0x000000070c000000|  0%| F|  |TAMS 0x000000070be00000, 0x000000070be00000| Untracked 
|  75|0x000000070c000000, 0x000000070c000000, 0x000000070c200000|  0%| F|  |TAMS 0x000000070c000000, 0x000000070c000000| Untracked 
|  76|0x000000070c200000, 0x000000070c200000, 0x000000070c400000|  0%| F|  |TAMS 0x000000070c200000, 0x000000070c200000| Untracked 
|  77|0x000000070c400000, 0x000000070c400000, 0x000000070c600000|  0%| F|  |TAMS 0x000000070c400000, 0x000000070c400000| Untracked 
|  78|0x000000070c600000, 0x000000070c600000, 0x000000070c800000|  0%| F|  |TAMS 0x000000070c600000, 0x000000070c600000| Untracked 
|  79|0x000000070c800000, 0x000000070c800000, 0x000000070ca00000|  0%| F|  |TAMS 0x000000070c800000, 0x000000070c800000| Untracked 
|  80|0x000000070ca00000, 0x000000070ca00000, 0x000000070cc00000|  0%| F|  |TAMS 0x000000070ca00000, 0x000000070ca00000| Untracked 
|  81|0x000000070cc00000, 0x000000070cc00000, 0x000000070ce00000|  0%| F|  |TAMS 0x000000070cc00000, 0x000000070cc00000| Untracked 
|  82|0x000000070ce00000, 0x000000070ce00000, 0x000000070d000000|  0%| F|  |TAMS 0x000000070ce00000, 0x000000070ce00000| Untracked 
|  83|0x000000070d000000, 0x000000070d000000, 0x000000070d200000|  0%| F|  |TAMS 0x000000070d000000, 0x000000070d000000| Untracked 
|  84|0x000000070d200000, 0x000000070d200000, 0x000000070d400000|  0%| F|  |TAMS 0x000000070d200000, 0x000000070d200000| Untracked 
|  85|0x000000070d400000, 0x000000070d400000, 0x000000070d600000|  0%| F|  |TAMS 0x000000070d400000, 0x000000070d400000| Untracked 
|  86|0x000000070d600000, 0x000000070d600000, 0x000000070d800000|  0%| F|  |TAMS 0x000000070d600000, 0x000000070d600000| Untracked 
|  87|0x000000070d800000, 0x000000070d800000, 0x000000070da00000|  0%| F|  |TAMS 0x000000070d800000, 0x000000070d800000| Untracked 
|  88|0x000000070da00000, 0x000000070da00000, 0x000000070dc00000|  0%| F|  |TAMS 0x000000070da00000, 0x000000070da00000| Untracked 
|  89|0x000000070dc00000, 0x000000070dc00000, 0x000000070de00000|  0%| F|  |TAMS 0x000000070dc00000, 0x000000070dc00000| Untracked 
|  90|0x000000070de00000, 0x000000070de00000, 0x000000070e000000|  0%| F|  |TAMS 0x000000070de00000, 0x000000070de00000| Untracked 
|  91|0x000000070e000000, 0x000000070e000000, 0x000000070e200000|  0%| F|  |TAMS 0x000000070e000000, 0x000000070e000000| Untracked 
|  92|0x000000070e200000, 0x000000070e200000, 0x000000070e400000|  0%| F|  |TAMS 0x000000070e200000, 0x000000070e200000| Untracked 
|  93|0x000000070e400000, 0x000000070e400000, 0x000000070e600000|  0%| F|  |TAMS 0x000000070e400000, 0x000000070e400000| Untracked 
|  94|0x000000070e600000, 0x000000070e600000, 0x000000070e800000|  0%| F|  |TAMS 0x000000070e600000, 0x000000070e600000| Untracked 
|  95|0x000000070e800000, 0x000000070e800000, 0x000000070ea00000|  0%| F|  |TAMS 0x000000070e800000, 0x000000070e800000| Untracked 
|  96|0x000000070ea00000, 0x000000070ea00000, 0x000000070ec00000|  0%| F|  |TAMS 0x000000070ea00000, 0x000000070ea00000| Untracked 
|  97|0x000000070ec00000, 0x000000070ec00000, 0x000000070ee00000|  0%| F|  |TAMS 0x000000070ec00000, 0x000000070ec00000| Untracked 
|  98|0x000000070ee00000, 0x000000070ee00000, 0x000000070f000000|  0%| F|  |TAMS 0x000000070ee00000, 0x000000070ee00000| Untracked 
|  99|0x000000070f000000, 0x000000070f000000, 0x000000070f200000|  0%| F|  |TAMS 0x000000070f000000, 0x000000070f000000| Untracked 
| 100|0x000000070f200000, 0x000000070f200000, 0x000000070f400000|  0%| F|  |TAMS 0x000000070f200000, 0x000000070f200000| Untracked 
| 101|0x000000070f400000, 0x000000070f400000, 0x000000070f600000|  0%| F|  |TAMS 0x000000070f400000, 0x000000070f400000| Untracked 
| 102|0x000000070f600000, 0x000000070f600000, 0x000000070f800000|  0%| F|  |TAMS 0x000000070f600000, 0x000000070f600000| Untracked 
| 103|0x000000070f800000, 0x000000070f800000, 0x000000070fa00000|  0%| F|  |TAMS 0x000000070f800000, 0x000000070f800000| Untracked 
| 104|0x000000070fa00000, 0x000000070fa00000, 0x000000070fc00000|  0%| F|  |TAMS 0x000000070fa00000, 0x000000070fa00000| Untracked 
| 105|0x000000070fc00000, 0x000000070fc00000, 0x000000070fe00000|  0%| F|  |TAMS 0x000000070fc00000, 0x000000070fc00000| Untracked 
| 106|0x000000070fe00000, 0x000000070fe00000, 0x0000000710000000|  0%| F|  |TAMS 0x000000070fe00000, 0x000000070fe00000| Untracked 
| 107|0x0000000710000000, 0x0000000710000000, 0x0000000710200000|  0%| F|  |TAMS 0x0000000710000000, 0x0000000710000000| Untracked 
| 108|0x0000000710200000, 0x0000000710200000, 0x0000000710400000|  0%| F|  |TAMS 0x0000000710200000, 0x0000000710200000| Untracked 
| 109|0x0000000710400000, 0x0000000710400000, 0x0000000710600000|  0%| F|  |TAMS 0x0000000710400000, 0x0000000710400000| Untracked 
| 110|0x0000000710600000, 0x0000000710600000, 0x0000000710800000|  0%| F|  |TAMS 0x0000000710600000, 0x0000000710600000| Untracked 
| 111|0x0000000710800000, 0x0000000710800000, 0x0000000710a00000|  0%| F|  |TAMS 0x0000000710800000, 0x0000000710800000| Untracked 
| 112|0x0000000710a00000, 0x0000000710a00000, 0x0000000710c00000|  0%| F|  |TAMS 0x0000000710a00000, 0x0000000710a00000| Untracked 
| 113|0x0000000710c00000, 0x0000000710c00000, 0x0000000710e00000|  0%| F|  |TAMS 0x0000000710c00000, 0x0000000710c00000| Untracked 
| 114|0x0000000710e00000, 0x0000000710e00000, 0x0000000711000000|  0%| F|  |TAMS 0x0000000710e00000, 0x0000000710e00000| Untracked 
| 115|0x0000000711000000, 0x0000000711000000, 0x0000000711200000|  0%| F|  |TAMS 0x0000000711000000, 0x0000000711000000| Untracked 
| 116|0x0000000711200000, 0x0000000711200000, 0x0000000711400000|  0%| F|  |TAMS 0x0000000711200000, 0x0000000711200000| Untracked 
| 117|0x0000000711400000, 0x0000000711400000, 0x0000000711600000|  0%| F|  |TAMS 0x0000000711400000, 0x0000000711400000| Untracked 
| 118|0x0000000711600000, 0x00000007117c3cc8, 0x0000000711800000| 88%| E|  |TAMS 0x0000000711600000, 0x0000000711600000| Complete 
| 119|0x0000000711800000, 0x0000000711a00000, 0x0000000711a00000|100%| E|CS|TAMS 0x0000000711800000, 0x0000000711800000| Complete 
| 120|0x0000000711a00000, 0x0000000711c00000, 0x0000000711c00000|100%| E|CS|TAMS 0x0000000711a00000, 0x0000000711a00000| Complete 
| 121|0x0000000711c00000, 0x0000000711e00000, 0x0000000711e00000|100%| E|CS|TAMS 0x0000000711c00000, 0x0000000711c00000| Complete 
| 122|0x0000000711e00000, 0x0000000712000000, 0x0000000712000000|100%| E|CS|TAMS 0x0000000711e00000, 0x0000000711e00000| Complete 
| 123|0x0000000712000000, 0x0000000712200000, 0x0000000712200000|100%| E|CS|TAMS 0x0000000712000000, 0x0000000712000000| Complete 
| 124|0x0000000712200000, 0x0000000712400000, 0x0000000712400000|100%| E|CS|TAMS 0x0000000712200000, 0x0000000712200000| Complete 
| 125|0x0000000712400000, 0x0000000712600000, 0x0000000712600000|100%| E|CS|TAMS 0x0000000712400000, 0x0000000712400000| Complete 
| 126|0x0000000712600000, 0x0000000712800000, 0x0000000712800000|100%| E|CS|TAMS 0x0000000712600000, 0x0000000712600000| Complete 

Card table byte_map: [0x000002131d0c0000,0x000002131d8b0000] _byte_map_base: 0x00000213198ab000

Marking Bits (Prev, Next): (CMBitMap*) 0x00000213056ab140, (CMBitMap*) 0x00000213056ab180
 Prev Bits: [0x000002131e0a0000, 0x0000021321ff8000)
 Next Bits: [0x0000021322000000, 0x0000021325f58000)

Polling page: 0x0000021304e00000

Metaspace:

Usage:
  Non-class:      6.33 MB used.
      Class:    736.88 KB used.
       Both:      7.05 MB used.

Virtual space:
  Non-class space:       64.00 MB reserved,       6.38 MB ( 10%) committed,  1 nodes.
      Class space:        1.00 GB reserved,     832.00 KB ( <1%) committed,  1 nodes.
             Both:        1.06 GB reserved,       7.19 MB ( <1%) committed. 

Chunk freelists:
   Non-Class:  1.00 MB
       Class:  3.24 MB
        Both:  4.24 MB

MaxMetaspaceSize: unlimited
CompressedClassSpaceSize: 1.00 GB
Initial GC threshold: 21.00 MB
Current GC threshold: 21.00 MB
CDS: on
MetaspaceReclaimPolicy: balanced
 - commit_granule_bytes: 65536.
 - commit_granule_words: 8192.
 - virtual_space_node_default_size: 8388608.
 - enlarge_chunks_in_place: 1.
 - new_chunks_are_fully_committed: 0.
 - uncommit_free_chunks: 1.
 - use_allocation_guard: 0.


Internal statistics:

num_allocs_failed_limit: 0.
num_arena_births: 142.
num_arena_deaths: 0.
num_vsnodes_births: 2.
num_vsnodes_deaths: 0.
num_space_committed: 115.
num_space_uncommitted: 0.
num_chunks_returned_to_freelist: 0.
num_chunks_taken_from_freelist: 154.
num_chunk_merges: 0.
num_chunk_splits: 105.
num_chunks_enlarged: 69.
num_inconsistent_stats: 0.

CodeHeap 'non-profiled nmethods': size=120000Kb used=427Kb max_used=427Kb free=119573Kb
 bounds [0x0000021315060000, 0x00000213152d0000, 0x000002131c590000]
CodeHeap 'profiled nmethods': size=120000Kb used=2208Kb max_used=2208Kb free=117792Kb
 bounds [0x000002130d590000, 0x000002130d800000, 0x0000021314ac0000]
CodeHeap 'non-nmethods': size=5760Kb used=1349Kb max_used=1410Kb free=4410Kb
 bounds [0x0000021314ac0000, 0x0000021314d30000, 0x0000021315060000]
 total_blobs=1839 nmethods=1250 adapters=500
 compilation: enabled
              stopped_count=0, restarted_count=0
 full_count=0

Compilation events (20 events):
Event: 1081.514 Thread 0x00000213289b84f0 nmethod 1241 0x000002130d7b2490 code [0x000002130d7b2660, 0x000002130d7b2c78]
Event: 1081.514 Thread 0x00000213289b84f0 1242       3       java.util.concurrent.ForkJoinPool::managedBlock (36 bytes)
Event: 1081.514 Thread 0x00000213289b84f0 nmethod 1242 0x000002130d7b2e10 code [0x000002130d7b3080, 0x000002130d7b3dd8]
Event: 1081.521 Thread 0x00000213289b84f0 1243       3       java.util.concurrent.locks.AbstractQueuedSynchronizer$Node::setPrevRelaxed (12 bytes)
Event: 1081.521 Thread 0x00000213289b84f0 nmethod 1243 0x000002130d7b4110 code [0x000002130d7b42a0, 0x000002130d7b4418]
Event: 1081.528 Thread 0x00000213289b84f0 1244       3       java.util.concurrent.locks.AbstractQueuedSynchronizer::enqueue (60 bytes)
Event: 1081.529 Thread 0x00000213289b84f0 nmethod 1244 0x000002130d7b4490 code [0x000002130d7b46a0, 0x000002130d7b4d28]
Event: 1081.529 Thread 0x00000213289b84f0 1245       3       java.util.concurrent.locks.AbstractQueuedSynchronizer::casTail (13 bytes)
Event: 1081.529 Thread 0x00000213289b84f0 nmethod 1245 0x000002130d7b4f10 code [0x000002130d7b50a0, 0x000002130d7b5218]
Event: 1081.545 Thread 0x00000213289b84f0 1246       3       sun.awt.windows.WComponentPeer::handleJavaMouseEvent (75 bytes)
Event: 1081.546 Thread 0x00000213289b84f0 nmethod 1246 0x000002130d7b5290 code [0x000002130d7b5560, 0x000002130d7b6588]
Event: 1081.576 Thread 0x00000213289b84f0 1247       3       java.awt.event.InvocationEvent::<init> (47 bytes)
Event: 1081.576 Thread 0x00000213289b84f0 nmethod 1247 0x000002130d7b6b10 code [0x000002130d7b6cc0, 0x000002130d7b7008]
Event: 1081.585 Thread 0x00000213289b84f0 1248       3       java.awt.event.InvocationEvent::<init> (13 bytes)
Event: 1081.585 Thread 0x00000213289b84f0 nmethod 1248 0x000002130d7b7110 code [0x000002130d7b72c0, 0x000002130d7b7428]
Event: 1081.602 Thread 0x00000213289b7dd0 1249       4       java.util.ArrayList::get (15 bytes)
Event: 1081.603 Thread 0x00000213289b7dd0 nmethod 1249 0x00000213150ca890 code [0x00000213150caa20, 0x00000213150cab18]
Event: 1082.107 Thread 0x00000213289b84f0 1250   !   3       java.awt.event.InvocationEvent::dispatch (69 bytes)
Event: 1082.108 Thread 0x00000213289b84f0 nmethod 1250 0x000002130d7b7510 code [0x000002130d7b7700, 0x000002130d7b7dd8]
Event: 2217.673 Thread 0x00000213289b7dd0 1251       4       java.util.Arrays::binarySearch0 (95 bytes)

GC Heap History (0 events):
No events

Dll operation events (9 events):
Event: 0.006 Loaded shared library C:\Program Files\Java\jdk-19\bin\java.dll
Event: 0.014 Loaded shared library C:\Program Files\Java\jdk-19\bin\jsvml.dll
Event: 0.056 Loaded shared library C:\Program Files\Java\jdk-19\bin\net.dll
Event: 0.057 Loaded shared library C:\Program Files\Java\jdk-19\bin\nio.dll
Event: 0.074 Loaded shared library C:\Program Files\Java\jdk-19\bin\zip.dll
Event: 0.085 Loaded shared library C:\Program Files\Java\jdk-19\bin\jimage.dll
Event: 0.096 Loaded shared library C:\Program Files\Java\jdk-19\bin\awt.dll
Event: 0.236 Loaded shared library C:\Program Files\Java\jdk-19\bin\freetype.dll
Event: 0.237 Loaded shared library C:\Program Files\Java\jdk-19\bin\fontmanager.dll

Deoptimization events (20 events):
Event: 0.544 Thread 0x000002132da6a280 Uncommon trap: trap_request=0xffffff45 fr.pc=0x00000213150a77c0 relative=0x0000000000000400
Event: 0.544 Thread 0x000002132da6a280 Uncommon trap: reason=unstable_if action=reinterpret pc=0x00000213150a77c0 method=java.lang.Character.isSurrogate(C)Z @ 3 c2
Event: 0.544 Thread 0x000002132da6a280 DEOPT PACKING pc=0x00000213150a77c0 sp=0x0000001bff3fcd50
Event: 0.544 Thread 0x000002132da6a280 DEOPT UNPACKING pc=0x0000021314b26da3 sp=0x0000001bff3fcc68 mode 2
Event: 0.606 Thread 0x000002132da6a280 Uncommon trap: trap_request=0xffffffbe fr.pc=0x00000213150ab250 relative=0x0000000000000330
Event: 0.606 Thread 0x000002132da6a280 Uncommon trap: reason=profile_predicate action=maybe_recompile pc=0x00000213150ab250 method=java.util.HashMap.keysToArray([Ljava/lang/Object;)[Ljava/lang/Object; @ 36 c2
Event: 0.606 Thread 0x000002132da6a280 DEOPT PACKING pc=0x00000213150ab250 sp=0x0000001bff3fd1a0
Event: 0.606 Thread 0x000002132da6a280 DEOPT UNPACKING pc=0x0000021314b26da3 sp=0x0000001bff3fd140 mode 2
Event: 0.606 Thread 0x000002132da6a280 Uncommon trap: trap_request=0xffffffbe fr.pc=0x00000213150ab250 relative=0x0000000000000330
Event: 0.606 Thread 0x000002132da6a280 Uncommon trap: reason=profile_predicate action=maybe_recompile pc=0x00000213150ab250 method=java.util.HashMap.keysToArray([Ljava/lang/Object;)[Ljava/lang/Object; @ 36 c2
Event: 0.606 Thread 0x000002132da6a280 DEOPT PACKING pc=0x00000213150ab250 sp=0x0000001bff3fd190
Event: 0.606 Thread 0x000002132da6a280 DEOPT UNPACKING pc=0x0000021314b26da3 sp=0x0000001bff3fd130 mode 2
Event: 0.606 Thread 0x000002132da6a280 Uncommon trap: trap_request=0xffffffbe fr.pc=0x00000213150ab250 relative=0x0000000000000330
Event: 0.606 Thread 0x000002132da6a280 Uncommon trap: reason=profile_predicate action=maybe_recompile pc=0x00000213150ab250 method=java.util.HashMap.keysToArray([Ljava/lang/Object;)[Ljava/lang/Object; @ 36 c2
Event: 0.606 Thread 0x000002132da6a280 DEOPT PACKING pc=0x00000213150ab250 sp=0x0000001bff3fd1a0
Event: 0.606 Thread 0x000002132da6a280 DEOPT UNPACKING pc=0x0000021314b26da3 sp=0x0000001bff3fd140 mode 2
Event: 0.606 Thread 0x000002132da6a280 Uncommon trap: trap_request=0xffffffbe fr.pc=0x00000213150ab250 relative=0x0000000000000330
Event: 0.606 Thread 0x000002132da6a280 Uncommon trap: reason=profile_predicate action=maybe_recompile pc=0x00000213150ab250 method=java.util.HashMap.keysToArray([Ljava/lang/Object;)[Ljava/lang/Object; @ 36 c2
Event: 0.606 Thread 0x000002132da6a280 DEOPT PACKING pc=0x00000213150ab250 sp=0x0000001bff3fd190
Event: 0.606 Thread 0x000002132da6a280 DEOPT UNPACKING pc=0x0000021314b26da3 sp=0x0000001bff3fd130 mode 2

Classes loaded (20 events):
Event: 2.435 Loading class java/awt/LightweightDispatcher$2
Event: 2.435 Loading class java/awt/LightweightDispatcher$2 done
Event: 1079.886 Loading class javax/swing/event/ChangeEvent
Event: 1079.887 Loading class javax/swing/event/ChangeEvent done
Event: 1080.596 Loading class java/awt/Canvas
Event: 1080.596 Loading class java/awt/Canvas done
Event: 1080.596 Loading class java/awt/Scrollbar
Event: 1080.597 Loading class java/awt/Adjustable
Event: 1080.597 Loading class java/awt/Adjustable done
Event: 1080.597 Loading class java/awt/Scrollbar done
Event: 1082.098 Loading class java/awt/KeyboardFocusManager$2
Event: 1082.098 Loading class java/awt/KeyboardFocusManager$2 done
Event: 1082.099 Loading class sun/awt/SunToolkit$1
Event: 1082.099 Loading class sun/awt/SunToolkit$1 done
Event: 2217.669 Loading class java/util/WeakHashMap$KeyIterator
Event: 2217.669 Loading class java/util/WeakHashMap$HashIterator
Event: 2217.670 Loading class java/util/WeakHashMap$HashIterator done
Event: 2217.670 Loading class java/util/WeakHashMap$KeyIterator done
Event: 2217.670 Loading class javax/swing/RepaintManager$DisplayChangedRunnable
Event: 2217.670 Loading class javax/swing/RepaintManager$DisplayChangedRunnable done

Classes unloaded (0 events):
No events

Classes redefined (0 events):
No events

Internal exceptions (17 events):
Event: 0.058 Thread 0x0000021305638140 Exception <a 'sun/nio/fs/WindowsException'{0x000000071279cef0}> (0x000000071279cef0) 
thrown [s\open\src\hotspot\share\prims\jni.cpp, line 517]
Event: 0.058 Thread 0x0000021305638140 Exception <a 'sun/nio/fs/WindowsException'{0x000000071279d4d0}> (0x000000071279d4d0) 
thrown [s\open\src\hotspot\share\prims\jni.cpp, line 517]
Event: 0.059 Thread 0x0000021305638140 Exception <a 'sun/nio/fs/WindowsException'{0x000000071279fb88}> (0x000000071279fb88) 
thrown [s\open\src\hotspot\share\prims\jni.cpp, line 517]
Event: 0.060 Thread 0x0000021305638140 Exception <a 'sun/nio/fs/WindowsException'{0x00000007127a0768}> (0x00000007127a0768) 
thrown [s\open\src\hotspot\share\prims\jni.cpp, line 517]
Event: 0.060 Thread 0x0000021305638140 Exception <a 'sun/nio/fs/WindowsException'{0x00000007127a1348}> (0x00000007127a1348) 
thrown [s\open\src\hotspot\share\prims\jni.cpp, line 517]
Event: 0.090 Thread 0x0000021305638140 Exception <a 'java/lang/ClassNotFoundException'{0x0000000712515010}: sun/awt/resources/spi/awtProvider> (0x0000000712515010) 
thrown [s\open\src\hotspot\share\classfile\systemDictionary.cpp, line 255]
Event: 0.107 Thread 0x0000021305638140 Exception <a 'java/io/FileNotFoundException'{0x000000071256c790}> (0x000000071256c790) 
thrown [s\open\src\hotspot\share\prims\jni.cpp, line 517]
Event: 0.111 Thread 0x0000021305638140 Exception <a 'java/io/FileNotFoundException'{0x0000000712598c88}> (0x0000000712598c88) 
thrown [s\open\src\hotspot\share\prims\jni.cpp, line 517]
Event: 0.141 Thread 0x0000021305638140 Exception <a 'java/lang/NoSuchMethodError'{0x00000007125ddb58}: 'java.lang.Object java.lang.invoke.DirectMethodHandle$Holder.invokeStaticInit(java.lang.Object)'> (0x00000007125ddb58) 
thrown [s\open\src\hotspot\share\interpreter\linkResolver.cpp, line 774]
Event: 0.168 Thread 0x0000021305638140 Exception <a 'java/lang/NoSuchMethodError'{0x0000000712314360}: 'void java.lang.invoke.DirectMethodHandle$Holder.invokeSpecial(java.lang.Object, java.lang.Object, java.lang.Object)'> (0x0000000712314360) 
thrown [s\open\src\hotspot\share\interpreter\linkResolver.cpp, line 774]
Event: 0.175 Thread 0x0000021305638140 Exception <a 'java/lang/NoSuchMethodError'{0x000000071233eea0}: 'java.lang.Object java.lang.invoke.DirectMethodHandle$Holder.newInvokeSpecial(java.lang.Object, java.lang.Object, java.lang.Object, java.lang.Object, java.lang.Object)'> (0x000000071233eea0) 
thrown [s\open\src\hotspot\share\interpreter\linkResolver.cpp, line 774]
Event: 0.179 Thread 0x0000021305638140 Exception <a 'java/lang/NoSuchMethodError'{0x0000000712370b28}: 'java.lang.Object java.lang.invoke.DirectMethodHandle$Holder.invokeStatic(java.lang.Object, int, java.lang.Object)'> (0x0000000712370b28) 
thrown [s\open\src\hotspot\share\interpreter\linkResolver.cpp, line 774]
Event: 0.199 Thread 0x0000021305638140 Exception <a 'java/lang/ClassNotFoundException'{0x000000071202cb70}: com/sun/swing/internal/plaf/metal/resources/spi/metalProvider> (0x000000071202cb70) 
thrown [s\open\src\hotspot\share\classfile\systemDictionary.cpp, line 255]
Event: 0.200 Thread 0x0000021305638140 Exception <a 'java/lang/ClassNotFoundException'{0x0000000712030b40}: com/sun/swing/internal/plaf/basic/resources/spi/basicProvider> (0x0000000712030b40) 
thrown [s\open\src\hotspot\share\classfile\systemDictionary.cpp, line 255]
Event: 0.206 Thread 0x0000021305638140 Exception <a 'java/lang/NoSuchMethodError'{0x0000000712050800}: 'int java.lang.invoke.Invokers$Holder.invokeExact_MT(java.lang.Object, java.lang.Object)'> (0x0000000712050800) 
thrown [s\open\src\hotspot\share\interpreter\linkResolver.cpp, line 774]
Event: 0.233 Thread 0x0000021305638140 Exception <a 'java/lang/NoSuchMethodError'{0x00000007120f54e8}: 'void java.lang.invoke.DirectMethodHandle$Holder.invokeStaticInit(java.lang.Object)'> (0x00000007120f54e8) 
thrown [s\open\src\hotspot\share\interpreter\linkResolver.cpp, line 774]
Event: 0.278 Thread 0x000002132cf41830 Exception <a 'java/lang/NoSuchMethodError'{0x0000000712281708}: 'void java.lang.invoke.DirectMethodHandle$Holder.invokeVirtual(java.lang.Object, java.lang.Object)'> (0x0000000712281708) 
thrown [s\open\src\hotspot\share\interpreter\linkResolver.cpp, line 774]

VM Operations (20 events):
Event: 0.609 Executing VM operation: ICBufferFull
Event: 0.610 Executing VM operation: ICBufferFull done
Event: 0.611 Executing VM operation: HandshakeAllThreads
Event: 0.611 Executing VM operation: HandshakeAllThreads done
Event: 0.611 Executing VM operation: HandshakeAllThreads
Event: 0.611 Executing VM operation: HandshakeAllThreads done
Event: 1.618 Executing VM operation: Cleanup
Event: 1.618 Executing VM operation: Cleanup done
Event: 2.629 Executing VM operation: Cleanup
Event: 2.629 Executing VM operation: Cleanup done
Event: 3.643 Executing VM operation: Cleanup
Event: 3.643 Executing VM operation: Cleanup done
Event: 1079.742 Executing VM operation: Cleanup
Event: 1079.742 Executing VM operation: Cleanup done
Event: 1080.756 Executing VM operation: Cleanup
Event: 1080.756 Executing VM operation: Cleanup done
Event: 1081.757 Executing VM operation: Cleanup
Event: 1081.757 Executing VM operation: Cleanup done
Event: 1082.772 Executing VM operation: Cleanup
Event: 1082.772 Executing VM operation: Cleanup done

Events (20 events):
Event: 0.014 Thread 0x0000021305638140 Thread added: 0x0000021305638140
Event: 0.025 Thread 0x00000213289a44b0 Thread added: 0x00000213289a44b0
Event: 0.025 Thread 0x00000213289a5180 Thread added: 0x00000213289a5180
Event: 0.025 Thread 0x00000213289aa500 Thread added: 0x00000213289aa500
Event: 0.025 Thread 0x00000213289acf40 Thread added: 0x00000213289acf40
Event: 0.025 Thread 0x00000213289ada10 Thread added: 0x00000213289ada10
Event: 0.025 Thread 0x00000213289ae680 Thread added: 0x00000213289ae680
Event: 0.025 Thread 0x00000213289b7dd0 Thread added: 0x00000213289b7dd0
Event: 0.025 Thread 0x00000213289b84f0 Thread added: 0x00000213289b84f0
Event: 0.026 Thread 0x00000213289b8a70 Thread added: 0x00000213289b8a70
Event: 0.046 Thread 0x0000021328976690 Thread added: 0x0000021328976690
Event: 0.071 Thread 0x000002132cd31ba0 Thread added: 0x000002132cd31ba0
Event: 0.076 Thread 0x0000021305639020 Thread added: 0x0000021305639020
Event: 0.142 Thread 0x000002132cf3e590 Thread added: 0x000002132cf3e590
Event: 0.142 Thread 0x000002132cf40ae0 Thread added: 0x000002132cf40ae0
Event: 0.143 Thread 0x000002132cf41830 Thread added: 0x000002132cf41830
Event: 0.220 Thread 0x000002132da6a280 Thread added: 0x000002132da6a280
Event: 0.286 Thread 0x0000021305638140 Thread exited: 0x0000021305638140
Event: 0.286 Thread 0x0000021305638140 Thread added: 0x0000021305638140
Event: 1.869 Thread 0x0000021305639020 Thread exited: 0x0000021305639020


Dynamic libraries:
0x00007ff72edf0000 - 0x00007ff72ee00000 	C:\Program Files\Java\jdk-19\bin\java.exe
0x00007fff89b90000 - 0x00007fff89da4000 	C:\WINDOWS\SYSTEM32\ntdll.dll
0x00007fff87e80000 - 0x00007fff87f42000 	C:\WINDOWS\System32\KERNEL32.DLL
0x00007fff86f90000 - 0x00007fff87333000 	C:\WINDOWS\System32\KERNELBASE.dll
0x00007fff87700000 - 0x00007fff87811000 	C:\WINDOWS\System32\ucrtbase.dll
0x00007fff772d0000 - 0x00007fff772eb000 	C:\Program Files\Java\jdk-19\bin\VCRUNTIME140.dll
0x00007fff56870000 - 0x00007fff56888000 	C:\Program Files\Java\jdk-19\bin\jli.dll
0x00007fff88540000 - 0x00007fff885ee000 	C:\WINDOWS\System32\ADVAPI32.dll
0x00007fff87cf0000 - 0x00007fff87d97000 	C:\WINDOWS\System32\msvcrt.dll
0x00007fff87c40000 - 0x00007fff87ce4000 	C:\WINDOWS\System32\sechost.dll
0x00007fff88420000 - 0x00007fff88537000 	C:\WINDOWS\System32\RPCRT4.dll
0x00007fff87a30000 - 0x00007fff87bda000 	C:\WINDOWS\System32\USER32.dll
0x00007fff74a80000 - 0x00007fff74d0e000 	C:\WINDOWS\WinSxS\amd64_microsoft.windows.common-controls_6595b64144ccf1df_6.0.22621.1635_none_270f70857386168e\COMCTL32.dll
0x00007fff87820000 - 0x00007fff87846000 	C:\WINDOWS\System32\win32u.dll
0x00007fff87a00000 - 0x00007fff87a29000 	C:\WINDOWS\System32\GDI32.dll
0x00007fff87850000 - 0x00007fff87969000 	C:\WINDOWS\System32\gdi32full.dll
0x00007fff87340000 - 0x00007fff873da000 	C:\WINDOWS\System32\msvcp_win.dll
0x00007fff7fac0000 - 0x00007fff7faca000 	C:\WINDOWS\SYSTEM32\VERSION.dll
0x00007fff87be0000 - 0x00007fff87c11000 	C:\WINDOWS\System32\IMM32.DLL
0x00007fff823a0000 - 0x00007fff823ac000 	C:\Program Files\Java\jdk-19\bin\vcruntime140_1.dll
0x00007fff5fce0000 - 0x00007fff5fd6e000 	C:\Program Files\Java\jdk-19\bin\msvcp140.dll
0x00007fff3d9b0000 - 0x00007fff3e670000 	C:\Program Files\Java\jdk-19\bin\server\jvm.dll
0x00007fff682a0000 - 0x00007fff682a9000 	C:\WINDOWS\SYSTEM32\WSOCK32.dll
0x00007fff758c0000 - 0x00007fff758f4000 	C:\WINDOWS\SYSTEM32\WINMM.dll
0x00007fff88d40000 - 0x00007fff88db1000 	C:\WINDOWS\System32\WS2_32.dll
0x00007fff860c0000 - 0x00007fff860d8000 	C:\WINDOWS\SYSTEM32\kernel.appcore.dll
0x00007fff7f870000 - 0x00007fff7f87a000 	C:\Program Files\Java\jdk-19\bin\jimage.dll
0x00007fff846e0000 - 0x00007fff8490e000 	C:\WINDOWS\SYSTEM32\DBGHELP.DLL
0x00007fff88090000 - 0x00007fff88419000 	C:\WINDOWS\System32\combase.dll
0x00007fff87f50000 - 0x00007fff88027000 	C:\WINDOWS\System32\OLEAUT32.dll
0x00007fff62d60000 - 0x00007fff62d92000 	C:\WINDOWS\SYSTEM32\dbgcore.DLL
0x00007fff87680000 - 0x00007fff876fa000 	C:\WINDOWS\System32\bcryptPrimitives.dll
0x00007fff74ff0000 - 0x00007fff75016000 	C:\Program Files\Java\jdk-19\bin\java.dll
0x00007fff5d6a0000 - 0x00007fff5d777000 	C:\Program Files\Java\jdk-19\bin\jsvml.dll
0x00007fff88f90000 - 0x00007fff89789000 	C:\WINDOWS\System32\SHELL32.dll
0x00007fff84f80000 - 0x00007fff8584e000 	C:\WINDOWS\SYSTEM32\windows.storage.dll
0x00007fff84e40000 - 0x00007fff84f7e000 	C:\WINDOWS\SYSTEM32\wintypes.dll
0x00007fff887c0000 - 0x00007fff888b1000 	C:\WINDOWS\System32\SHCORE.dll
0x00007fff87da0000 - 0x00007fff87dfe000 	C:\WINDOWS\System32\shlwapi.dll
0x00007fff86ec0000 - 0x00007fff86ee6000 	C:\WINDOWS\SYSTEM32\profapi.dll
0x00007fff75dc0000 - 0x00007fff75dd3000 	C:\Program Files\Java\jdk-19\bin\net.dll
0x00007fff809a0000 - 0x00007fff80ad7000 	C:\WINDOWS\SYSTEM32\WINHTTP.dll
0x00007fff86540000 - 0x00007fff865a9000 	C:\WINDOWS\system32\mswsock.dll
0x00007fff734e0000 - 0x00007fff734f6000 	C:\Program Files\Java\jdk-19\bin\nio.dll
0x00007fff71670000 - 0x00007fff71688000 	C:\Program Files\Java\jdk-19\bin\zip.dll
0x00007fff3d810000 - 0x00007fff3d9a1000 	C:\Program Files\Java\jdk-19\bin\awt.dll
0x00007fff83fd0000 - 0x00007fff84067000 	C:\WINDOWS\SYSTEM32\apphelp.dll
0x00007fff84410000 - 0x00007fff8443b000 	C:\WINDOWS\system32\DWMAPI.DLL
0x00007fff841b0000 - 0x00007fff8425b000 	C:\WINDOWS\system32\uxtheme.dll
0x00007fff714e0000 - 0x00007fff715e0000 	C:\WINDOWS\system32\opengl32.dll
0x00007fff760c0000 - 0x00007fff760ed000 	C:\WINDOWS\SYSTEM32\GLU32.dll
0x00007fff842c0000 - 0x00007fff842f8000 	C:\WINDOWS\SYSTEM32\dxcore.dll
0x00007fff897f0000 - 0x00007fff89917000 	C:\WINDOWS\System32\MSCTF.dll
0x00007fff89920000 - 0x00007fff89abc000 	C:\WINDOWS\System32\ole32.dll
0x00007fff565d0000 - 0x00007fff56656000 	C:\Program Files\Java\jdk-19\bin\freetype.dll
0x00007fff430e0000 - 0x00007fff43189000 	C:\Program Files\Java\jdk-19\bin\fontmanager.dll
0x00007fff72af0000 - 0x00007fff72c1d000 	C:\WINDOWS\SYSTEM32\textinputframework.dll
0x00007fff83cf0000 - 0x00007fff83e23000 	C:\WINDOWS\SYSTEM32\CoreMessaging.dll
0x00007fff7fb30000 - 0x00007fff7fe9c000 	C:\WINDOWS\SYSTEM32\CoreUIComponents.dll
0x00007fff867c0000 - 0x00007fff867cc000 	C:\WINDOWS\SYSTEM32\CRYPTBASE.DLL

dbghelp: loaded successfully - version: 4.0.5 - missing functions: none
symbol engine: initialized successfully - sym options: 0x614 - pdb path: .;C:\Program Files\Java\jdk-19\bin;C:\WINDOWS\SYSTEM32;C:\WINDOWS\WinSxS\amd64_microsoft.windows.common-controls_6595b64144ccf1df_6.0.22621.1635_none_270f70857386168e;C:\Program Files\Java\jdk-19\bin\server

VM Arguments:
jvm_args: -Dfile.encoding=UTF-8 --module-path=C:\Users\amitr\OneDrive\Pictures\Documents\NetBeansProjects\Bank Management System\build\classes 
java_command: bank.management.system.SignupThree
java_class_path (initial): C:\Users\amitr\OneDrive\Desktop\Bank management system\jcalendar-tz-1.3.3-4.jar;C:\Users\amitr\OneDrive\Desktop\Bank management system\mysql-connector-java-8.0.28.jar;C:\Users\amitr\OneDrive\Pictures\Documents\NetBeansProjects\Bank Management System\build\classes
Launcher Type: SUN_STANDARD

[Global flags]
     intx CICompilerCount                          = 4                                         {product} {ergonomic}
     uint ConcGCThreads                            = 2                                         {product} {ergonomic}
     uint G1ConcRefinementThreads                  = 8                                         {product} {ergonomic}
   size_t G1HeapRegionSize                         = 2097152                                   {product} {ergonomic}
    uintx GCDrainStackTargetSize                   = 64                                        {product} {ergonomic}
   size_t InitialHeapSize                          = 266338304                                 {product} {ergonomic}
   size_t MarkStackSize                            = 4194304                                   {product} {ergonomic}
   size_t MaxHeapSize                              = 4250927104                                {product} {ergonomic}
   size_t MaxNewSize                               = 2550136832                                {product} {ergonomic}
   size_t MinHeapDeltaBytes                        = 2097152                                   {product} {ergonomic}
   size_t MinHeapSize                              = 8388608                                   {product} {ergonomic}
    uintx NonNMethodCodeHeapSize                   = 5839372                                {pd product} {ergonomic}
    uintx NonProfiledCodeHeapSize                  = 122909434                              {pd product} {ergonomic}
    uintx ProfiledCodeHeapSize                     = 122909434                              {pd product} {ergonomic}
    uintx ReservedCodeCacheSize                    = 251658240                              {pd product} {ergonomic}
     bool SegmentedCodeCache                       = true                                      {product} {ergonomic}
   size_t SoftMaxHeapSize                          = 4250927104                             {manageable} {ergonomic}
     bool UseCompressedClassPointers               = true                           {product lp64_product} {ergonomic}
     bool UseCompressedOops                        = true                           {product lp64_product} {ergonomic}
     bool UseG1GC                                  = true                                      {product} {ergonomic}
     bool UseLargePagesIndividualAllocation        = false                                  {pd product} {ergonomic}

Logging:
Log output configuration:
 #0: stdout all=warning uptime,level,tags foldmultilines=false
 #1: stderr all=off uptime,level,tags foldmultilines=false

Environment Variables:
JAVA_HOME=C:\Program Files\Java\jdk-19
PATH=C:\Python3.11.1\Scripts\;C:\Python3.11.1\;C:\Program Files\Common Files\Oracle\Java\javapath;C:\Windows\system32;C:\Windows;C:\Windows\System32\Wbem;C:\Windows\System32\WindowsPowerShell\v1.0\;C:\Windows\System32\OpenSSH\;C:\Program Files (x86)\NVIDIA Corporation\PhysX\Common;C:\Program Files\NVIDIA Corporation\NVIDIA NvDLISR;C:\Program Files\Microsoft SQL Server\150\Tools\Binn\;C:\msys64\mingw64\bin;C:\WINDOWS\system32;C:\WINDOWS;C:\WINDOWS\System32\Wbem;C:\WINDOWS\System32\WindowsPowerShell\v1.0\;C:\WINDOWS\System32\OpenSSH\;C:\Program Files\Java\jdk-19\bin;C:\msys64\mingw64\bin;C:\Program Files\dotnet\;C:\Program Files\PowerShell\7\;C:\Program Files\MySQL\MySQL Server 8.0\bin;C:\Program Files\MySQL\MySQL Shell 8.0\bin\;C:\Users\amitr\AppData\Local\Microsoft\WindowsApps;C:\Users\amitr\AppData\Local\Programs\Microsoft VS Code\bin;;C:\Program Files\JetBrains\PyCharm Community Edition 2022.2.4\bin;
USERNAME=amitr
OS=Windows_NT
PROCESSOR_IDENTIFIER=Intel64 Family 6 Model 165 Stepping 2, GenuineIntel
TMP=C:\Users\amitr\AppData\Local\Temp
TEMP=C:\Users\amitr\AppData\Local\Temp



---------------  S Y S T E M  ---------------

OS:
 Windows 11 , 64 bit Build 22621 (10.0.22621.1928)
OS uptime: 7 days 0:52 hours

CPU: total 8 (initial active 8) (4 cores per cpu, 2 threads per core) family 6 model 165 stepping 2 microcode 0xea, cx8, cmov, fxsr, ht, mmx, 3dnowpref, sse, sse2, sse3, ssse3, sse4.1, sse4.2, popcnt, lzcnt, tsc, tscinvbit, avx, avx2, aes, erms, clmul, bmi1, bmi2, adx, fma, vzeroupper, clflush, clflushopt, rdtscp

Memory: 4k page, system-wide physical 16215M (4800M free)
TotalPageFile size 46540M (AvailPageFile size 0M)
current process WorkingSet (physical memory assigned to process): 69M, peak: 85M
current process commit charge ("private bytes"): 352M, peak: 371M

vm_info: Java HotSpot(TM) 64-Bit Server VM (19+36-2238) for windows-amd64 JRE (19+36-2238), built on 2022-08-12T20:29:01Z by "mach5one" with MS VC++ 17.1 (VS2022)

END.
