#
# There is insufficient memory for the Java Runtime Environment to continue.
# Native memory allocation (malloc) failed to allocate 32744 bytes for Chunk::new
# Possible reasons:
#   The system is out of physical RAM or swap space
#   The process is running with CompressedOops enabled, and the Java Heap may be blocking the growth of the native heap
# Possible solutions:
#   Reduce memory load on the system
#   Increase physical memory or swap space
#   Check if swap backing store is full
#   Decrease Java heap size (-Xmx/-Xms)
#   Decrease number of Java threads
#   Decrease Java thread stack sizes (-Xss)
#   Set larger code cache with -XX:ReservedCodeCacheSize=
#   JVM is running with Zero Based Compressed Oops mode in which the Java heap is
#     placed in the first 32GB address space. The Java Heap base address is the
#     maximum limit for the native heap growth. Please use -XX:HeapBaseMinAddress
#     to set the Java Heap base and to place the Java Heap above 32GB virtual address.
# This output file may be truncated or incomplete.
#
#  Out of Memory Error (arena.cpp:184), pid=17516, tid=3604
#
# JRE version: Java(TM) SE Runtime Environment (19.0+36) (build 19+36-2238)
# Java VM: Java HotSpot(TM) 64-Bit Server VM (19+36-2238, mixed mode, sharing, tiered, compressed oops, compressed class ptrs, g1 gc, windows-amd64)
# No core dump will be written. Minidumps are not enabled by default on client versions of Windows
#

---------------  S U M M A R Y ------------

Command Line: -Dfile.encoding=UTF-8 --module-path=C:\Users\amitr\OneDrive\Pictures\Documents\NetBeansProjects\Bank Management System\build\classes bank.management.system.SignupThree

Host: Intel(R) Core(TM) i5-10300H CPU @ 2.50GHz, 8 cores, 15G,  Windows 11 , 64 bit Build 22621 (10.0.22621.1928)
Time: Fri Jul 28 02:03:12 2023 India Standard Time elapsed time: 3602.811487 seconds (0d 1h 0m 2s)

---------------  T H R E A D  ---------------

Current thread (0x000001df2af82640):  JavaThread "C2 CompilerThread0" daemon [_thread_in_native, id=3604, stack(0x00000069d1f00000,0x00000069d2000000)]


Current CompileTask:
C2:3602811 1111       4       java.util.Arrays::binarySearch0 (95 bytes)

Stack: [0x00000069d1f00000,0x00000069d2000000]
Native frames: (J=compiled Java code, j=interpreted, Vv=VM code, C=native code)
V  [jvm.dll+0x6ee8fa]
V  [jvm.dll+0x857a1e]
V  [jvm.dll+0x85940e]
V  [jvm.dll+0x859ac3]
V  [jvm.dll+0x28291f]
V  [jvm.dll+0xc9b5f]
V  [jvm.dll+0xc9ee5]
V  [jvm.dll+0xc9c84]
V  [jvm.dll+0x6cdeba]
V  [jvm.dll+0x91d48]
V  [jvm.dll+0x39c30d]
V  [jvm.dll+0x3a1a85]
V  [jvm.dll+0x396190]
V  [jvm.dll+0x70b080]
V  [jvm.dll+0x70434c]
V  [jvm.dll+0x705a37]
V  [jvm.dll+0x70920b]
V  [jvm.dll+0x701356]
V  [jvm.dll+0x7009a1]
V  [jvm.dll+0x6fe883]
V  [jvm.dll+0x1d9eec]
V  [jvm.dll+0x24b223]
V  [jvm.dll+0x1d6d61]
V  [jvm.dll+0x25b0fa]
V  [jvm.dll+0x259588]
V  [jvm.dll+0x807928]
V  [jvm.dll+0x8015fa]
V  [jvm.dll+0x6ed5eb]
C  [ucrtbase.dll+0x29363]
C  [KERNEL32.DLL+0x126ad]
C  [ntdll.dll+0x5aa68]


---------------  P R O C E S S  ---------------

Threads class SMR info:
_java_thread_list=0x000001df2f3a43c0, length=16, elements={
0x000001df2af64e00, 0x000001df2af65ad0, 0x000001df2af6af30, 0x000001df2af6db10,
0x000001df2af71460, 0x000001df2af6f480, 0x000001df2af82640, 0x000001df2afa4be0,
0x000001df2af719b0, 0x000001df2af6e490, 0x000001df2af6e9e0, 0x000001df2af6ef30,
0x000001df2af6f9d0, 0x000001df2af6ff20, 0x000001df2af70470, 0x000001df2af709c0
}

Java Threads: ( => current thread )
  0x000001df2af64e00 JavaThread "Reference Handler" daemon [_thread_blocked, id=12532, stack(0x00000069d1900000,0x00000069d1a00000)]
  0x000001df2af65ad0 JavaThread "Finalizer" daemon [_thread_blocked, id=21604, stack(0x00000069d1a00000,0x00000069d1b00000)]
  0x000001df2af6af30 JavaThread "Signal Dispatcher" daemon [_thread_blocked, id=24088, stack(0x00000069d1b00000,0x00000069d1c00000)]
  0x000001df2af6db10 JavaThread "Attach Listener" daemon [_thread_blocked, id=20772, stack(0x00000069d1c00000,0x00000069d1d00000)]
  0x000001df2af71460 JavaThread "Service Thread" daemon [_thread_blocked, id=372, stack(0x00000069d1d00000,0x00000069d1e00000)]
  0x000001df2af6f480 JavaThread "Monitor Deflation Thread" daemon [_thread_blocked, id=36248, stack(0x00000069d1e00000,0x00000069d1f00000)]
=>0x000001df2af82640 JavaThread "C2 CompilerThread0" daemon [_thread_in_native, id=3604, stack(0x00000069d1f00000,0x00000069d2000000)]
  0x000001df2afa4be0 JavaThread "C1 CompilerThread0" daemon [_thread_blocked, id=1068, stack(0x00000069d2000000,0x00000069d2100000)]
  0x000001df2af719b0 JavaThread "Sweeper thread" daemon [_thread_blocked, id=26644, stack(0x00000069d2100000,0x00000069d2200000)]
  0x000001df2af6e490 JavaThread "Common-Cleaner" daemon [_thread_blocked, id=13808, stack(0x00000069d2200000,0x00000069d2300000)]
  0x000001df2af6e9e0 JavaThread "Notification Thread" daemon [_thread_blocked, id=35148, stack(0x00000069d2300000,0x00000069d2400000)]
  0x000001df2af6ef30 JavaThread "Java2D Disposer" daemon [_thread_blocked, id=30196, stack(0x00000069d2600000,0x00000069d2700000)]
  0x000001df2af6f9d0 JavaThread "AWT-Shutdown" [_thread_blocked, id=33904, stack(0x00000069d2700000,0x00000069d2800000)]
  0x000001df2af6ff20 JavaThread "AWT-Windows" daemon [_thread_in_native, id=26472, stack(0x00000069d2800000,0x00000069d2900000)]
  0x000001df2af70470 JavaThread "AWT-EventQueue-0" [_thread_blocked, id=17864, stack(0x00000069d2900000,0x00000069d2a00000)]
  0x000001df2af709c0 JavaThread "DestroyJavaVM" [_thread_blocked, id=7676, stack(0x00000069d1200000,0x00000069d1300000)]

Other Threads:
  0x000001df2af4b720 VMThread "VM Thread" [stack: 0x00000069d1800000,0x00000069d1900000] [id=7864]
  0x000001df2f262240 WatcherThread "VM Periodic Task Thread" [stack: 0x00000069d2400000,0x00000069d2500000] [id=32836]
  0x000001df07c8d0b0 WorkerThread "GC Thread#0" [stack: 0x00000069d1300000,0x00000069d1400000] [id=17136]
  0x000001df07c9dd60 ConcurrentGCThread "G1 Main Marker" [stack: 0x00000069d1400000,0x00000069d1500000] [id=22268]
  0x000001df07c9ea90 WorkerThread "G1 Conc#0" [stack: 0x00000069d1500000,0x00000069d1600000] [id=18144]
  0x000001df2ae08550 ConcurrentGCThread "G1 Refine#0" [stack: 0x00000069d1600000,0x00000069d1700000] [id=16612]
  0x000001df2ae09d50 ConcurrentGCThread "G1 Service" [stack: 0x00000069d1700000,0x00000069d1800000] [id=34856]

Threads with active compile tasks:
C2 CompilerThread0  3602836 1111       4       java.util.Arrays::binarySearch0 (95 bytes)

VM state: not at safepoint (normal execution)

VM Mutex/Monitor currently owned by a thread: None

Heap address: 0x0000000702a00000, size: 4054 MB, Compressed Oops mode: Zero based, Oop shift amount: 3

CDS archive(s) mapped at: [0x0000000800000000-0x0000000800c40000-0x0000000800c40000), size 12845056, SharedBaseAddress: 0x0000000800000000, ArchiveRelocationMode: 0.
Compressed class space mapped at: 0x0000000801000000-0x0000000841000000, reserved size: 1073741824
Narrow klass base: 0x0000000800000000, Narrow klass shift: 0, Narrow klass range: 0x100000000

GC Precious Log:
 CardTable entry size: 512
 Card Set container configuration: InlinePtr #cards 4 size 8 Array Of Cards #cards 8 size 32 Howl #buckets 8 coarsen threshold 3686 Howl Bitmap #cards 512 size 80 coarsen threshold 460 Card regions per heap region 1 cards per card region 4096
 CPUs: 8 total, 8 available
 Memory: 16215M
 Large Page Support: Disabled
 NUMA Support: Disabled
 Compressed Oops: Enabled (Zero based)
 Heap Region Size: 2M
 Heap Min Capacity: 8M
 Heap Initial Capacity: 254M
 Heap Max Capacity: 4054M
 Pre-touch: Disabled
 Parallel Workers: 8
 Concurrent Workers: 2
 Concurrent Refinement Workers: 8
 Periodic GC: Disabled

Heap:
 garbage-first heap   total 260096K, used 20480K [0x0000000702a00000, 0x0000000800000000)
  region size 2048K, 9 young (18432K), 0 survivors (0K)
 Metaspace       used 6991K, committed 7168K, reserved 1114112K
  class space    used 729K, committed 832K, reserved 1048576K

Heap Regions: E=young(eden), S=young(survivor), O=old, HS=humongous(starts), HC=humongous(continues), CS=collection set, F=free, OA=open archive, CA=closed archive, TAMS=top-at-mark-start (previous, next)
|   0|0x0000000702a00000, 0x0000000702c00000, 0x0000000702c00000|100%|HS|  |TAMS 0x0000000702a00000, 0x0000000702a00000| Complete 
|   1|0x0000000702c00000, 0x0000000702e00000, 0x0000000702e00000|100%|HC|  |TAMS 0x0000000702c00000, 0x0000000702c00000| Complete 
|   2|0x0000000702e00000, 0x0000000702e00000, 0x0000000703000000|  0%| F|  |TAMS 0x0000000702e00000, 0x0000000702e00000| Untracked 
|   3|0x0000000703000000, 0x0000000703000000, 0x0000000703200000|  0%| F|  |TAMS 0x0000000703000000, 0x0000000703000000| Untracked 
|   4|0x0000000703200000, 0x0000000703200000, 0x0000000703400000|  0%| F|  |TAMS 0x0000000703200000, 0x0000000703200000| Untracked 
|   5|0x0000000703400000, 0x0000000703400000, 0x0000000703600000|  0%| F|  |TAMS 0x0000000703400000, 0x0000000703400000| Untracked 
|   6|0x0000000703600000, 0x0000000703600000, 0x0000000703800000|  0%| F|  |TAMS 0x0000000703600000, 0x0000000703600000| Untracked 
|   7|0x0000000703800000, 0x0000000703800000, 0x0000000703a00000|  0%| F|  |TAMS 0x0000000703800000, 0x0000000703800000| Untracked 
|   8|0x0000000703a00000, 0x0000000703a00000, 0x0000000703c00000|  0%| F|  |TAMS 0x0000000703a00000, 0x0000000703a00000| Untracked 
|   9|0x0000000703c00000, 0x0000000703c00000, 0x0000000703e00000|  0%| F|  |TAMS 0x0000000703c00000, 0x0000000703c00000| Untracked 
|  10|0x0000000703e00000, 0x0000000703e00000, 0x0000000704000000|  0%| F|  |TAMS 0x0000000703e00000, 0x0000000703e00000| Untracked 
|  11|0x0000000704000000, 0x0000000704000000, 0x0000000704200000|  0%| F|  |TAMS 0x0000000704000000, 0x0000000704000000| Untracked 
|  12|0x0000000704200000, 0x0000000704200000, 0x0000000704400000|  0%| F|  |TAMS 0x0000000704200000, 0x0000000704200000| Untracked 
|  13|0x0000000704400000, 0x0000000704400000, 0x0000000704600000|  0%| F|  |TAMS 0x0000000704400000, 0x0000000704400000| Untracked 
|  14|0x0000000704600000, 0x0000000704600000, 0x0000000704800000|  0%| F|  |TAMS 0x0000000704600000, 0x0000000704600000| Untracked 
|  15|0x0000000704800000, 0x0000000704800000, 0x0000000704a00000|  0%| F|  |TAMS 0x0000000704800000, 0x0000000704800000| Untracked 
|  16|0x0000000704a00000, 0x0000000704a00000, 0x0000000704c00000|  0%| F|  |TAMS 0x0000000704a00000, 0x0000000704a00000| Untracked 
|  17|0x0000000704c00000, 0x0000000704c00000, 0x0000000704e00000|  0%| F|  |TAMS 0x0000000704c00000, 0x0000000704c00000| Untracked 
|  18|0x0000000704e00000, 0x0000000704e00000, 0x0000000705000000|  0%| F|  |TAMS 0x0000000704e00000, 0x0000000704e00000| Untracked 
|  19|0x0000000705000000, 0x0000000705000000, 0x0000000705200000|  0%| F|  |TAMS 0x0000000705000000, 0x0000000705000000| Untracked 
|  20|0x0000000705200000, 0x0000000705200000, 0x0000000705400000|  0%| F|  |TAMS 0x0000000705200000, 0x0000000705200000| Untracked 
|  21|0x0000000705400000, 0x0000000705400000, 0x0000000705600000|  0%| F|  |TAMS 0x0000000705400000, 0x0000000705400000| Untracked 
|  22|0x0000000705600000, 0x0000000705600000, 0x0000000705800000|  0%| F|  |TAMS 0x0000000705600000, 0x0000000705600000| Untracked 
|  23|0x0000000705800000, 0x0000000705800000, 0x0000000705a00000|  0%| F|  |TAMS 0x0000000705800000, 0x0000000705800000| Untracked 
|  24|0x0000000705a00000, 0x0000000705a00000, 0x0000000705c00000|  0%| F|  |TAMS 0x0000000705a00000, 0x0000000705a00000| Untracked 
|  25|0x0000000705c00000, 0x0000000705c00000, 0x0000000705e00000|  0%| F|  |TAMS 0x0000000705c00000, 0x0000000705c00000| Untracked 
|  26|0x0000000705e00000, 0x0000000705e00000, 0x0000000706000000|  0%| F|  |TAMS 0x0000000705e00000, 0x0000000705e00000| Untracked 
|  27|0x0000000706000000, 0x0000000706000000, 0x0000000706200000|  0%| F|  |TAMS 0x0000000706000000, 0x0000000706000000| Untracked 
|  28|0x0000000706200000, 0x0000000706200000, 0x0000000706400000|  0%| F|  |TAMS 0x0000000706200000, 0x0000000706200000| Untracked 
|  29|0x0000000706400000, 0x0000000706400000, 0x0000000706600000|  0%| F|  |TAMS 0x0000000706400000, 0x0000000706400000| Untracked 
|  30|0x0000000706600000, 0x0000000706600000, 0x0000000706800000|  0%| F|  |TAMS 0x0000000706600000, 0x0000000706600000| Untracked 
|  31|0x0000000706800000, 0x0000000706800000, 0x0000000706a00000|  0%| F|  |TAMS 0x0000000706800000, 0x0000000706800000| Untracked 
|  32|0x0000000706a00000, 0x0000000706a00000, 0x0000000706c00000|  0%| F|  |TAMS 0x0000000706a00000, 0x0000000706a00000| Untracked 
|  33|0x0000000706c00000, 0x0000000706c00000, 0x0000000706e00000|  0%| F|  |TAMS 0x0000000706c00000, 0x0000000706c00000| Untracked 
|  34|0x0000000706e00000, 0x0000000706e00000, 0x0000000707000000|  0%| F|  |TAMS 0x0000000706e00000, 0x0000000706e00000| Untracked 
|  35|0x0000000707000000, 0x0000000707000000, 0x0000000707200000|  0%| F|  |TAMS 0x0000000707000000, 0x0000000707000000| Untracked 
|  36|0x0000000707200000, 0x0000000707200000, 0x0000000707400000|  0%| F|  |TAMS 0x0000000707200000, 0x0000000707200000| Untracked 
|  37|0x0000000707400000, 0x0000000707400000, 0x0000000707600000|  0%| F|  |TAMS 0x0000000707400000, 0x0000000707400000| Untracked 
|  38|0x0000000707600000, 0x0000000707600000, 0x0000000707800000|  0%| F|  |TAMS 0x0000000707600000, 0x0000000707600000| Untracked 
|  39|0x0000000707800000, 0x0000000707800000, 0x0000000707a00000|  0%| F|  |TAMS 0x0000000707800000, 0x0000000707800000| Untracked 
|  40|0x0000000707a00000, 0x0000000707a00000, 0x0000000707c00000|  0%| F|  |TAMS 0x0000000707a00000, 0x0000000707a00000| Untracked 
|  41|0x0000000707c00000, 0x0000000707c00000, 0x0000000707e00000|  0%| F|  |TAMS 0x0000000707c00000, 0x0000000707c00000| Untracked 
|  42|0x0000000707e00000, 0x0000000707e00000, 0x0000000708000000|  0%| F|  |TAMS 0x0000000707e00000, 0x0000000707e00000| Untracked 
|  43|0x0000000708000000, 0x0000000708000000, 0x0000000708200000|  0%| F|  |TAMS 0x0000000708000000, 0x0000000708000000| Untracked 
|  44|0x0000000708200000, 0x0000000708200000, 0x0000000708400000|  0%| F|  |TAMS 0x0000000708200000, 0x0000000708200000| Untracked 
|  45|0x0000000708400000, 0x0000000708400000, 0x0000000708600000|  0%| F|  |TAMS 0x0000000708400000, 0x0000000708400000| Untracked 
|  46|0x0000000708600000, 0x0000000708600000, 0x0000000708800000|  0%| F|  |TAMS 0x0000000708600000, 0x0000000708600000| Untracked 
|  47|0x0000000708800000, 0x0000000708800000, 0x0000000708a00000|  0%| F|  |TAMS 0x0000000708800000, 0x0000000708800000| Untracked 
|  48|0x0000000708a00000, 0x0000000708a00000, 0x0000000708c00000|  0%| F|  |TAMS 0x0000000708a00000, 0x0000000708a00000| Untracked 
|  49|0x0000000708c00000, 0x0000000708c00000, 0x0000000708e00000|  0%| F|  |TAMS 0x0000000708c00000, 0x0000000708c00000| Untracked 
|  50|0x0000000708e00000, 0x0000000708e00000, 0x0000000709000000|  0%| F|  |TAMS 0x0000000708e00000, 0x0000000708e00000| Untracked 
|  51|0x0000000709000000, 0x0000000709000000, 0x0000000709200000|  0%| F|  |TAMS 0x0000000709000000, 0x0000000709000000| Untracked 
|  52|0x0000000709200000, 0x0000000709200000, 0x0000000709400000|  0%| F|  |TAMS 0x0000000709200000, 0x0000000709200000| Untracked 
|  53|0x0000000709400000, 0x0000000709400000, 0x0000000709600000|  0%| F|  |TAMS 0x0000000709400000, 0x0000000709400000| Untracked 
|  54|0x0000000709600000, 0x0000000709600000, 0x0000000709800000|  0%| F|  |TAMS 0x0000000709600000, 0x0000000709600000| Untracked 
|  55|0x0000000709800000, 0x0000000709800000, 0x0000000709a00000|  0%| F|  |TAMS 0x0000000709800000, 0x0000000709800000| Untracked 
|  56|0x0000000709a00000, 0x0000000709a00000, 0x0000000709c00000|  0%| F|  |TAMS 0x0000000709a00000, 0x0000000709a00000| Untracked 
|  57|0x0000000709c00000, 0x0000000709c00000, 0x0000000709e00000|  0%| F|  |TAMS 0x0000000709c00000, 0x0000000709c00000| Untracked 
|  58|0x0000000709e00000, 0x0000000709e00000, 0x000000070a000000|  0%| F|  |TAMS 0x0000000709e00000, 0x0000000709e00000| Untracked 
|  59|0x000000070a000000, 0x000000070a000000, 0x000000070a200000|  0%| F|  |TAMS 0x000000070a000000, 0x000000070a000000| Untracked 
|  60|0x000000070a200000, 0x000000070a200000, 0x000000070a400000|  0%| F|  |TAMS 0x000000070a200000, 0x000000070a200000| Untracked 
|  61|0x000000070a400000, 0x000000070a400000, 0x000000070a600000|  0%| F|  |TAMS 0x000000070a400000, 0x000000070a400000| Untracked 
|  62|0x000000070a600000, 0x000000070a600000, 0x000000070a800000|  0%| F|  |TAMS 0x000000070a600000, 0x000000070a600000| Untracked 
|  63|0x000000070a800000, 0x000000070a800000, 0x000000070aa00000|  0%| F|  |TAMS 0x000000070a800000, 0x000000070a800000| Untracked 
|  64|0x000000070aa00000, 0x000000070aa00000, 0x000000070ac00000|  0%| F|  |TAMS 0x000000070aa00000, 0x000000070aa00000| Untracked 
|  65|0x000000070ac00000, 0x000000070ac00000, 0x000000070ae00000|  0%| F|  |TAMS 0x000000070ac00000, 0x000000070ac00000| Untracked 
|  66|0x000000070ae00000, 0x000000070ae00000, 0x000000070b000000|  0%| F|  |TAMS 0x000000070ae00000, 0x000000070ae00000| Untracked 
|  67|0x000000070b000000, 0x000000070b000000, 0x000000070b200000|  0%| F|  |TAMS 0x000000070b000000, 0x000000070b000000| Untracked 
|  68|0x000000070b200000, 0x000000070b200000, 0x000000070b400000|  0%| F|  |TAMS 0x000000070b200000, 0x000000070b200000| Untracked 
|  69|0x000000070b400000, 0x000000070b400000, 0x000000070b600000|  0%| F|  |TAMS 0x000000070b400000, 0x000000070b400000| Untracked 
|  70|0x000000070b600000, 0x000000070b600000, 0x000000070b800000|  0%| F|  |TAMS 0x000000070b600000, 0x000000070b600000| Untracked 
|  71|0x000000070b800000, 0x000000070b800000, 0x000000070ba00000|  0%| F|  |TAMS 0x000000070b800000, 0x000000070b800000| Untracked 
|  72|0x000000070ba00000, 0x000000070ba00000, 0x000000070bc00000|  0%| F|  |TAMS 0x000000070ba00000, 0x000000070ba00000| Untracked 
|  73|0x000000070bc00000, 0x000000070bc00000, 0x000000070be00000|  0%| F|  |TAMS 0x000000070bc00000, 0x000000070bc00000| Untracked 
|  74|0x000000070be00000, 0x000000070be00000, 0x000000070c000000|  0%| F|  |TAMS 0x000000070be00000, 0x000000070be00000| Untracked 
|  75|0x000000070c000000, 0x000000070c000000, 0x000000070c200000|  0%| F|  |TAMS 0x000000070c000000, 0x000000070c000000| Untracked 
|  76|0x000000070c200000, 0x000000070c200000, 0x000000070c400000|  0%| F|  |TAMS 0x000000070c200000, 0x000000070c200000| Untracked 
|  77|0x000000070c400000, 0x000000070c400000, 0x000000070c600000|  0%| F|  |TAMS 0x000000070c400000, 0x000000070c400000| Untracked 
|  78|0x000000070c600000, 0x000000070c600000, 0x000000070c800000|  0%| F|  |TAMS 0x000000070c600000, 0x000000070c600000| Untracked 
|  79|0x000000070c800000, 0x000000070c800000, 0x000000070ca00000|  0%| F|  |TAMS 0x000000070c800000, 0x000000070c800000| Untracked 
|  80|0x000000070ca00000, 0x000000070ca00000, 0x000000070cc00000|  0%| F|  |TAMS 0x000000070ca00000, 0x000000070ca00000| Untracked 
|  81|0x000000070cc00000, 0x000000070cc00000, 0x000000070ce00000|  0%| F|  |TAMS 0x000000070cc00000, 0x000000070cc00000| Untracked 
|  82|0x000000070ce00000, 0x000000070ce00000, 0x000000070d000000|  0%| F|  |TAMS 0x000000070ce00000, 0x000000070ce00000| Untracked 
|  83|0x000000070d000000, 0x000000070d000000, 0x000000070d200000|  0%| F|  |TAMS 0x000000070d000000, 0x000000070d000000| Untracked 
|  84|0x000000070d200000, 0x000000070d200000, 0x000000070d400000|  0%| F|  |TAMS 0x000000070d200000, 0x000000070d200000| Untracked 
|  85|0x000000070d400000, 0x000000070d400000, 0x000000070d600000|  0%| F|  |TAMS 0x000000070d400000, 0x000000070d400000| Untracked 
|  86|0x000000070d600000, 0x000000070d600000, 0x000000070d800000|  0%| F|  |TAMS 0x000000070d600000, 0x000000070d600000| Untracked 
|  87|0x000000070d800000, 0x000000070d800000, 0x000000070da00000|  0%| F|  |TAMS 0x000000070d800000, 0x000000070d800000| Untracked 
|  88|0x000000070da00000, 0x000000070da00000, 0x000000070dc00000|  0%| F|  |TAMS 0x000000070da00000, 0x000000070da00000| Untracked 
|  89|0x000000070dc00000, 0x000000070dc00000, 0x000000070de00000|  0%| F|  |TAMS 0x000000070dc00000, 0x000000070dc00000| Untracked 
|  90|0x000000070de00000, 0x000000070de00000, 0x000000070e000000|  0%| F|  |TAMS 0x000000070de00000, 0x000000070de00000| Untracked 
|  91|0x000000070e000000, 0x000000070e000000, 0x000000070e200000|  0%| F|  |TAMS 0x000000070e000000, 0x000000070e000000| Untracked 
|  92|0x000000070e200000, 0x000000070e200000, 0x000000070e400000|  0%| F|  |TAMS 0x000000070e200000, 0x000000070e200000| Untracked 
|  93|0x000000070e400000, 0x000000070e400000, 0x000000070e600000|  0%| F|  |TAMS 0x000000070e400000, 0x000000070e400000| Untracked 
|  94|0x000000070e600000, 0x000000070e600000, 0x000000070e800000|  0%| F|  |TAMS 0x000000070e600000, 0x000000070e600000| Untracked 
|  95|0x000000070e800000, 0x000000070e800000, 0x000000070ea00000|  0%| F|  |TAMS 0x000000070e800000, 0x000000070e800000| Untracked 
|  96|0x000000070ea00000, 0x000000070ea00000, 0x000000070ec00000|  0%| F|  |TAMS 0x000000070ea00000, 0x000000070ea00000| Untracked 
|  97|0x000000070ec00000, 0x000000070ec00000, 0x000000070ee00000|  0%| F|  |TAMS 0x000000070ec00000, 0x000000070ec00000| Untracked 
|  98|0x000000070ee00000, 0x000000070ee00000, 0x000000070f000000|  0%| F|  |TAMS 0x000000070ee00000, 0x000000070ee00000| Untracked 
|  99|0x000000070f000000, 0x000000070f000000, 0x000000070f200000|  0%| F|  |TAMS 0x000000070f000000, 0x000000070f000000| Untracked 
| 100|0x000000070f200000, 0x000000070f200000, 0x000000070f400000|  0%| F|  |TAMS 0x000000070f200000, 0x000000070f200000| Untracked 
| 101|0x000000070f400000, 0x000000070f400000, 0x000000070f600000|  0%| F|  |TAMS 0x000000070f400000, 0x000000070f400000| Untracked 
| 102|0x000000070f600000, 0x000000070f600000, 0x000000070f800000|  0%| F|  |TAMS 0x000000070f600000, 0x000000070f600000| Untracked 
| 103|0x000000070f800000, 0x000000070f800000, 0x000000070fa00000|  0%| F|  |TAMS 0x000000070f800000, 0x000000070f800000| Untracked 
| 104|0x000000070fa00000, 0x000000070fa00000, 0x000000070fc00000|  0%| F|  |TAMS 0x000000070fa00000, 0x000000070fa00000| Untracked 
| 105|0x000000070fc00000, 0x000000070fc00000, 0x000000070fe00000|  0%| F|  |TAMS 0x000000070fc00000, 0x000000070fc00000| Untracked 
| 106|0x000000070fe00000, 0x000000070fe00000, 0x0000000710000000|  0%| F|  |TAMS 0x000000070fe00000, 0x000000070fe00000| Untracked 
| 107|0x0000000710000000, 0x0000000710000000, 0x0000000710200000|  0%| F|  |TAMS 0x0000000710000000, 0x0000000710000000| Untracked 
| 108|0x0000000710200000, 0x0000000710200000, 0x0000000710400000|  0%| F|  |TAMS 0x0000000710200000, 0x0000000710200000| Untracked 
| 109|0x0000000710400000, 0x0000000710400000, 0x0000000710600000|  0%| F|  |TAMS 0x0000000710400000, 0x0000000710400000| Untracked 
| 110|0x0000000710600000, 0x0000000710600000, 0x0000000710800000|  0%| F|  |TAMS 0x0000000710600000, 0x0000000710600000| Untracked 
| 111|0x0000000710800000, 0x0000000710800000, 0x0000000710a00000|  0%| F|  |TAMS 0x0000000710800000, 0x0000000710800000| Untracked 
| 112|0x0000000710a00000, 0x0000000710a00000, 0x0000000710c00000|  0%| F|  |TAMS 0x0000000710a00000, 0x0000000710a00000| Untracked 
| 113|0x0000000710c00000, 0x0000000710c00000, 0x0000000710e00000|  0%| F|  |TAMS 0x0000000710c00000, 0x0000000710c00000| Untracked 
| 114|0x0000000710e00000, 0x0000000710e00000, 0x0000000711000000|  0%| F|  |TAMS 0x0000000710e00000, 0x0000000710e00000| Untracked 
| 115|0x0000000711000000, 0x0000000711000000, 0x0000000711200000|  0%| F|  |TAMS 0x0000000711000000, 0x0000000711000000| Untracked 
| 116|0x0000000711200000, 0x0000000711200000, 0x0000000711400000|  0%| F|  |TAMS 0x0000000711200000, 0x0000000711200000| Untracked 
| 117|0x0000000711400000, 0x0000000711400000, 0x0000000711600000|  0%| F|  |TAMS 0x0000000711400000, 0x0000000711400000| Untracked 
| 118|0x0000000711600000, 0x0000000711753268, 0x0000000711800000| 66%| E|  |TAMS 0x0000000711600000, 0x0000000711600000| Complete 
| 119|0x0000000711800000, 0x0000000711a00000, 0x0000000711a00000|100%| E|CS|TAMS 0x0000000711800000, 0x0000000711800000| Complete 
| 120|0x0000000711a00000, 0x0000000711c00000, 0x0000000711c00000|100%| E|CS|TAMS 0x0000000711a00000, 0x0000000711a00000| Complete 
| 121|0x0000000711c00000, 0x0000000711e00000, 0x0000000711e00000|100%| E|CS|TAMS 0x0000000711c00000, 0x0000000711c00000| Complete 
| 122|0x0000000711e00000, 0x0000000712000000, 0x0000000712000000|100%| E|CS|TAMS 0x0000000711e00000, 0x0000000711e00000| Complete 
| 123|0x0000000712000000, 0x0000000712200000, 0x0000000712200000|100%| E|CS|TAMS 0x0000000712000000, 0x0000000712000000| Complete 
| 124|0x0000000712200000, 0x0000000712400000, 0x0000000712400000|100%| E|CS|TAMS 0x0000000712200000, 0x0000000712200000| Complete 
| 125|0x0000000712400000, 0x0000000712600000, 0x0000000712600000|100%| E|CS|TAMS 0x0000000712400000, 0x0000000712400000| Complete 
| 126|0x0000000712600000, 0x0000000712800000, 0x0000000712800000|100%| E|CS|TAMS 0x0000000712600000, 0x0000000712600000| Complete 

Card table byte_map: [0x000001df1f690000,0x000001df1fe80000] _byte_map_base: 0x000001df1be7b000

Marking Bits (Prev, Next): (CMBitMap*) 0x000001df07c8d6e0, (CMBitMap*) 0x000001df07c8d720
 Prev Bits: [0x000001df20670000, 0x000001df245c8000)
 Next Bits: [0x000001df245d0000, 0x000001df28528000)

Polling page: 0x000001df05db0000

Metaspace:

Usage:
  Non-class:      6.12 MB used.
      Class:    729.51 KB used.
       Both:      6.83 MB used.

Virtual space:
  Non-class space:       64.00 MB reserved,       6.19 MB ( 10%) committed,  1 nodes.
      Class space:        1.00 GB reserved,     832.00 KB ( <1%) committed,  1 nodes.
             Both:        1.06 GB reserved,       7.00 MB ( <1%) committed. 

Chunk freelists:
   Non-Class:  1.00 MB
       Class:  3.24 MB
        Both:  4.24 MB

MaxMetaspaceSize: unlimited
CompressedClassSpaceSize: 1.00 GB
Initial GC threshold: 21.00 MB
Current GC threshold: 21.00 MB
CDS: on
MetaspaceReclaimPolicy: balanced
 - commit_granule_bytes: 65536.
 - commit_granule_words: 8192.
 - virtual_space_node_default_size: 8388608.
 - enlarge_chunks_in_place: 1.
 - new_chunks_are_fully_committed: 0.
 - uncommit_free_chunks: 1.
 - use_allocation_guard: 0.


Internal statistics:

num_allocs_failed_limit: 0.
num_arena_births: 142.
num_arena_deaths: 0.
num_vsnodes_births: 2.
num_vsnodes_deaths: 0.
num_space_committed: 112.
num_space_uncommitted: 0.
num_chunks_returned_to_freelist: 0.
num_chunks_taken_from_freelist: 154.
num_chunk_merges: 0.
num_chunk_splits: 105.
num_chunks_enlarged: 69.
num_inconsistent_stats: 0.

CodeHeap 'non-profiled nmethods': size=120000Kb used=406Kb max_used=406Kb free=119593Kb
 bounds [0x000001df17640000, 0x000001df178b0000, 0x000001df1eb70000]
CodeHeap 'profiled nmethods': size=120000Kb used=1750Kb max_used=1750Kb free=118250Kb
 bounds [0x000001df0fb70000, 0x000001df0fde0000, 0x000001df170a0000]
CodeHeap 'non-nmethods': size=5760Kb used=1349Kb max_used=1410Kb free=4410Kb
 bounds [0x000001df170a0000, 0x000001df17310000, 0x000001df17640000]
 total_blobs=1699 nmethods=1110 adapters=500
 compilation: enabled
              stopped_count=0, restarted_count=0
 full_count=0

Compilation events (20 events):
Event: 2.325 Thread 0x000001df2afa4be0 nmethod 1099 0x000001df176a4f10 code [0x000001df176a50a0, 0x000001df176a5178]
Event: 2.334 Thread 0x000001df2afa4be0 1100       3       java.security.AccessController::checkContext (49 bytes)
Event: 2.334 Thread 0x000001df2afa4be0 nmethod 1100 0x000001df0fd22290 code [0x000001df0fd22440, 0x000001df0fd22618]
Event: 2.338 Thread 0x000001df2afa4be0 1101       3       java.security.AccessController::doPrivileged (17 bytes)
Event: 2.338 Thread 0x000001df2afa4be0 nmethod 1101 0x000001df0fd22710 code [0x000001df0fd22900, 0x000001df0fd22cb8]
Event: 2.648 Thread 0x000001df2afa4be0 1103       3       java.security.ProtectionDomain$JavaSecurityAccessImpl::doIntersectionPrivilege (22 bytes)
Event: 2.649 Thread 0x000001df2afa4be0 nmethod 1103 0x000001df0fd22e90 code [0x000001df0fd230c0, 0x000001df0fd23638]
Event: 2.649 Thread 0x000001df2afa4be0 1104       3       java.security.ProtectionDomain$JavaSecurityAccessImpl::getCombinedACC (30 bytes)
Event: 2.649 Thread 0x000001df2afa4be0 nmethod 1104 0x000001df0fd23890 code [0x000001df0fd23a60, 0x000001df0fd23e58]
Event: 720.152 Thread 0x000001df2afa4be0 1105       3       java.lang.Thread::isVirtual (5 bytes)
Event: 720.153 Thread 0x000001df2afa4be0 nmethod 1105 0x000001df0fd24010 code [0x000001df0fd241c0, 0x000001df0fd243d8]
Event: 2040.314 Thread 0x000001df2afa4be0 1106       3       java.lang.Thread::interrupted (7 bytes)
Event: 2040.314 Thread 0x000001df2afa4be0 nmethod 1106 0x000001df0fd24490 code [0x000001df0fd24640, 0x000001df0fd248a8]
Event: 2040.315 Thread 0x000001df2afa4be0 1107       3       java.lang.Thread::getAndClearInterrupt (19 bytes)
Event: 2040.315 Thread 0x000001df2afa4be0 nmethod 1107 0x000001df0fd24990 code [0x000001df0fd24b40, 0x000001df0fd24cc8]
Event: 2820.412 Thread 0x000001df2afa4be0 1108       3       jdk.internal.misc.Unsafe::putReferenceOpaque (9 bytes)
Event: 2820.413 Thread 0x000001df2afa4be0 nmethod 1108 0x000001df0fd24d90 code [0x000001df0fd24f20, 0x000001df0fd25078]
Event: 2940.424 Thread 0x000001df2afa4be0 1110       3       java.util.concurrent.locks.AbstractQueuedSynchronizer$ConditionObject::canReacquire (38 bytes)
Event: 2940.425 Thread 0x000001df2afa4be0 nmethod 1110 0x000001df0fd25110 code [0x000001df0fd252e0, 0x000001df0fd25678]
Event: 3602.810 Thread 0x000001df2af82640 1111       4       java.util.Arrays::binarySearch0 (95 bytes)

GC Heap History (0 events):
No events

Dll operation events (9 events):
Event: 0.007 Loaded shared library C:\Program Files\Java\jdk-19\bin\java.dll
Event: 0.015 Loaded shared library C:\Program Files\Java\jdk-19\bin\jsvml.dll
Event: 0.060 Loaded shared library C:\Program Files\Java\jdk-19\bin\net.dll
Event: 0.061 Loaded shared library C:\Program Files\Java\jdk-19\bin\nio.dll
Event: 0.079 Loaded shared library C:\Program Files\Java\jdk-19\bin\zip.dll
Event: 0.091 Loaded shared library C:\Program Files\Java\jdk-19\bin\jimage.dll
Event: 0.104 Loaded shared library C:\Program Files\Java\jdk-19\bin\awt.dll
Event: 0.256 Loaded shared library C:\Program Files\Java\jdk-19\bin\freetype.dll
Event: 0.256 Loaded shared library C:\Program Files\Java\jdk-19\bin\fontmanager.dll

Deoptimization events (20 events):
Event: 0.522 Thread 0x000001df2af70470 Uncommon trap: trap_request=0xffffff45 fr.pc=0x000001df1764a5bc relative=0x000000000000009c
Event: 0.522 Thread 0x000001df2af70470 Uncommon trap: reason=unstable_if action=reinterpret pc=0x000001df1764a5bc method=java.lang.String.isLatin1()Z @ 10 c2
Event: 0.522 Thread 0x000001df2af70470 DEOPT PACKING pc=0x000001df1764a5bc sp=0x00000069d29fd490
Event: 0.522 Thread 0x000001df2af70470 DEOPT UNPACKING pc=0x000001df17106da3 sp=0x00000069d29fd3c0 mode 2
Event: 0.537 Thread 0x000001df2af70470 Uncommon trap: trap_request=0xffffff45 fr.pc=0x000001df17686ac0 relative=0x0000000000000400
Event: 0.537 Thread 0x000001df2af70470 Uncommon trap: reason=unstable_if action=reinterpret pc=0x000001df17686ac0 method=java.lang.Character.isSurrogate(C)Z @ 3 c2
Event: 0.537 Thread 0x000001df2af70470 DEOPT PACKING pc=0x000001df17686ac0 sp=0x00000069d29fd160
Event: 0.537 Thread 0x000001df2af70470 DEOPT UNPACKING pc=0x000001df17106da3 sp=0x00000069d29fd078 mode 2
Event: 0.596 Thread 0x000001df2af70470 Uncommon trap: trap_request=0xffffffde fr.pc=0x000001df17674ff0 relative=0x00000000000002b0
Event: 0.596 Thread 0x000001df2af70470 Uncommon trap: reason=class_check action=maybe_recompile pc=0x000001df17674ff0 method=java.util.HashMap.getNode(Ljava/lang/Object;)Ljava/util/HashMap$Node; @ 63 c2
Event: 0.596 Thread 0x000001df2af70470 DEOPT PACKING pc=0x000001df17674ff0 sp=0x00000069d29fdb30
Event: 0.596 Thread 0x000001df2af70470 DEOPT UNPACKING pc=0x000001df17106da3 sp=0x00000069d29fda98 mode 2
Event: 0.601 Thread 0x000001df2af70470 Uncommon trap: trap_request=0xffffffde fr.pc=0x000001df17674ff0 relative=0x00000000000002b0
Event: 0.601 Thread 0x000001df2af70470 Uncommon trap: reason=class_check action=maybe_recompile pc=0x000001df17674ff0 method=java.util.HashMap.getNode(Ljava/lang/Object;)Ljava/util/HashMap$Node; @ 63 c2
Event: 0.601 Thread 0x000001df2af70470 DEOPT PACKING pc=0x000001df17674ff0 sp=0x00000069d29fdb30
Event: 0.601 Thread 0x000001df2af70470 DEOPT UNPACKING pc=0x000001df17106da3 sp=0x00000069d29fda98 mode 2
Event: 0.618 Thread 0x000001df2af70470 Uncommon trap: trap_request=0xffffffde fr.pc=0x000001df17674ff0 relative=0x00000000000002b0
Event: 0.618 Thread 0x000001df2af70470 Uncommon trap: reason=class_check action=maybe_recompile pc=0x000001df17674ff0 method=java.util.HashMap.getNode(Ljava/lang/Object;)Ljava/util/HashMap$Node; @ 63 c2
Event: 0.618 Thread 0x000001df2af70470 DEOPT PACKING pc=0x000001df17674ff0 sp=0x00000069d29fe230
Event: 0.618 Thread 0x000001df2af70470 DEOPT UNPACKING pc=0x000001df17106da3 sp=0x00000069d29fe198 mode 2

Classes loaded (20 events):
Event: 0.620 Loading class java/awt/event/AWTEventListenerProxy
Event: 0.620 Loading class java/awt/event/AWTEventListenerProxy done
Event: 0.620 Loading class java/awt/Toolkit$SelectiveAWTEventListener
Event: 0.620 Loading class java/awt/Toolkit$SelectiveAWTEventListener done
Event: 0.620 Loading class java/awt/Toolkit$ToolkitEventMulticaster
Event: 0.620 Loading class java/awt/Toolkit$ToolkitEventMulticaster done
Event: 0.620 Loading class java/awt/event/MouseWheelEvent
Event: 0.620 Loading class java/awt/event/MouseWheelEvent done
Event: 2.352 Loading class java/awt/LightweightDispatcher$2
Event: 2.352 Loading class java/awt/LightweightDispatcher$2 done
Event: 2.635 Loading class java/awt/KeyboardFocusManager$2
Event: 2.635 Loading class java/awt/KeyboardFocusManager$2 done
Event: 2.635 Loading class sun/awt/SunToolkit$1
Event: 2.635 Loading class sun/awt/SunToolkit$1 done
Event: 3602.803 Loading class java/util/WeakHashMap$KeyIterator
Event: 3602.803 Loading class java/util/WeakHashMap$HashIterator
Event: 3602.803 Loading class java/util/WeakHashMap$HashIterator done
Event: 3602.803 Loading class java/util/WeakHashMap$KeyIterator done
Event: 3602.804 Loading class javax/swing/RepaintManager$DisplayChangedRunnable
Event: 3602.804 Loading class javax/swing/RepaintManager$DisplayChangedRunnable done

Classes unloaded (0 events):
No events

Classes redefined (0 events):
No events

Internal exceptions (17 events):
Event: 0.062 Thread 0x000001df07c1a550 Exception <a 'sun/nio/fs/WindowsException'{0x000000071279cef0}> (0x000000071279cef0) 
thrown [s\open\src\hotspot\share\prims\jni.cpp, line 517]
Event: 0.062 Thread 0x000001df07c1a550 Exception <a 'sun/nio/fs/WindowsException'{0x000000071279d4d0}> (0x000000071279d4d0) 
thrown [s\open\src\hotspot\share\prims\jni.cpp, line 517]
Event: 0.064 Thread 0x000001df07c1a550 Exception <a 'sun/nio/fs/WindowsException'{0x000000071279fb88}> (0x000000071279fb88) 
thrown [s\open\src\hotspot\share\prims\jni.cpp, line 517]
Event: 0.064 Thread 0x000001df07c1a550 Exception <a 'sun/nio/fs/WindowsException'{0x00000007127a0768}> (0x00000007127a0768) 
thrown [s\open\src\hotspot\share\prims\jni.cpp, line 517]
Event: 0.064 Thread 0x000001df07c1a550 Exception <a 'sun/nio/fs/WindowsException'{0x00000007127a1348}> (0x00000007127a1348) 
thrown [s\open\src\hotspot\share\prims\jni.cpp, line 517]
Event: 0.096 Thread 0x000001df07c1a550 Exception <a 'java/lang/ClassNotFoundException'{0x0000000712514b40}: sun/awt/resources/spi/awtProvider> (0x0000000712514b40) 
thrown [s\open\src\hotspot\share\classfile\systemDictionary.cpp, line 255]
Event: 0.118 Thread 0x000001df07c1a550 Exception <a 'java/io/FileNotFoundException'{0x000000071256c740}> (0x000000071256c740) 
thrown [s\open\src\hotspot\share\prims\jni.cpp, line 517]
Event: 0.123 Thread 0x000001df07c1a550 Exception <a 'java/io/FileNotFoundException'{0x0000000712598c38}> (0x0000000712598c38) 
thrown [s\open\src\hotspot\share\prims\jni.cpp, line 517]
Event: 0.156 Thread 0x000001df07c1a550 Exception <a 'java/lang/NoSuchMethodError'{0x00000007125dda20}: 'java.lang.Object java.lang.invoke.DirectMethodHandle$Holder.invokeStaticInit(java.lang.Object)'> (0x00000007125dda20) 
thrown [s\open\src\hotspot\share\interpreter\linkResolver.cpp, line 774]
Event: 0.184 Thread 0x000001df07c1a550 Exception <a 'java/lang/NoSuchMethodError'{0x00000007123141a8}: 'void java.lang.invoke.DirectMethodHandle$Holder.invokeSpecial(java.lang.Object, java.lang.Object, java.lang.Object)'> (0x00000007123141a8) 
thrown [s\open\src\hotspot\share\interpreter\linkResolver.cpp, line 774]
Event: 0.191 Thread 0x000001df07c1a550 Exception <a 'java/lang/NoSuchMethodError'{0x000000071233ece8}: 'java.lang.Object java.lang.invoke.DirectMethodHandle$Holder.newInvokeSpecial(java.lang.Object, java.lang.Object, java.lang.Object, java.lang.Object, java.lang.Object)'> (0x000000071233ece8) 
thrown [s\open\src\hotspot\share\interpreter\linkResolver.cpp, line 774]
Event: 0.196 Thread 0x000001df07c1a550 Exception <a 'java/lang/NoSuchMethodError'{0x0000000712370658}: 'java.lang.Object java.lang.invoke.DirectMethodHandle$Holder.invokeStatic(java.lang.Object, int, java.lang.Object)'> (0x0000000712370658) 
thrown [s\open\src\hotspot\share\interpreter\linkResolver.cpp, line 774]
Event: 0.216 Thread 0x000001df07c1a550 Exception <a 'java/lang/ClassNotFoundException'{0x000000071202c100}: com/sun/swing/internal/plaf/metal/resources/spi/metalProvider> (0x000000071202c100) 
thrown [s\open\src\hotspot\share\classfile\systemDictionary.cpp, line 255]
Event: 0.217 Thread 0x000001df07c1a550 Exception <a 'java/lang/ClassNotFoundException'{0x00000007120300d0}: com/sun/swing/internal/plaf/basic/resources/spi/basicProvider> (0x00000007120300d0) 
thrown [s\open\src\hotspot\share\classfile\systemDictionary.cpp, line 255]
Event: 0.225 Thread 0x000001df07c1a550 Exception <a 'java/lang/NoSuchMethodError'{0x000000071204fd90}: 'int java.lang.invoke.Invokers$Holder.invokeExact_MT(java.lang.Object, java.lang.Object)'> (0x000000071204fd90) 
thrown [s\open\src\hotspot\share\interpreter\linkResolver.cpp, line 774]
Event: 0.252 Thread 0x000001df07c1a550 Exception <a 'java/lang/NoSuchMethodError'{0x00000007120efda0}: 'void java.lang.invoke.DirectMethodHandle$Holder.invokeStaticInit(java.lang.Object)'> (0x00000007120efda0) 
thrown [s\open\src\hotspot\share\interpreter\linkResolver.cpp, line 774]
Event: 0.296 Thread 0x000001df2af6ff20 Exception <a 'java/lang/NoSuchMethodError'{0x0000000712281708}: 'void java.lang.invoke.DirectMethodHandle$Holder.invokeVirtual(java.lang.Object, java.lang.Object)'> (0x0000000712281708) 
thrown [s\open\src\hotspot\share\interpreter\linkResolver.cpp, line 774]

VM Operations (14 events):
Event: 0.065 Executing VM operation: HandshakeAllThreads
Event: 0.065 Executing VM operation: HandshakeAllThreads done
Event: 0.130 Executing VM operation: HandshakeAllThreads
Event: 0.130 Executing VM operation: HandshakeAllThreads done
Event: 0.229 Executing VM operation: HandshakeAllThreads
Event: 0.229 Executing VM operation: HandshakeAllThreads done
Event: 0.583 Executing VM operation: HandshakeAllThreads
Event: 0.583 Executing VM operation: HandshakeAllThreads done
Event: 0.583 Executing VM operation: HandshakeAllThreads
Event: 0.583 Executing VM operation: HandshakeAllThreads done
Event: 1.597 Executing VM operation: Cleanup
Event: 1.597 Executing VM operation: Cleanup done
Event: 2.608 Executing VM operation: Cleanup
Event: 2.608 Executing VM operation: Cleanup done

Events (20 events):
Event: 0.015 Thread 0x000001df07c1a550 Thread added: 0x000001df07c1a550
Event: 0.026 Thread 0x000001df2af64e00 Thread added: 0x000001df2af64e00
Event: 0.026 Thread 0x000001df2af65ad0 Thread added: 0x000001df2af65ad0
Event: 0.026 Thread 0x000001df2af6af30 Thread added: 0x000001df2af6af30
Event: 0.027 Thread 0x000001df2af6db10 Thread added: 0x000001df2af6db10
Event: 0.027 Thread 0x000001df2af71460 Thread added: 0x000001df2af71460
Event: 0.027 Thread 0x000001df2af6f480 Thread added: 0x000001df2af6f480
Event: 0.027 Thread 0x000001df2af82640 Thread added: 0x000001df2af82640
Event: 0.027 Thread 0x000001df2afa4be0 Thread added: 0x000001df2afa4be0
Event: 0.027 Thread 0x000001df2af719b0 Thread added: 0x000001df2af719b0
Event: 0.049 Thread 0x000001df2af6e490 Thread added: 0x000001df2af6e490
Event: 0.075 Thread 0x000001df2af6e9e0 Thread added: 0x000001df2af6e9e0
Event: 0.082 Thread 0x000001df2f2df200 Thread added: 0x000001df2f2df200
Event: 0.156 Thread 0x000001df2af6ef30 Thread added: 0x000001df2af6ef30
Event: 0.157 Thread 0x000001df2af6f9d0 Thread added: 0x000001df2af6f9d0
Event: 0.158 Thread 0x000001df2af6ff20 Thread added: 0x000001df2af6ff20
Event: 0.240 Thread 0x000001df2af70470 Thread added: 0x000001df2af70470
Event: 0.300 Thread 0x000001df07c1a550 Thread exited: 0x000001df07c1a550
Event: 0.300 Thread 0x000001df2af709c0 Thread added: 0x000001df2af709c0
Event: 1.587 Thread 0x000001df2f2df200 Thread exited: 0x000001df2f2df200


Dynamic libraries:
0x00007ff72edf0000 - 0x00007ff72ee00000 	C:\Program Files\Java\jdk-19\bin\java.exe
0x00007fff89b90000 - 0x00007fff89da4000 	C:\WINDOWS\SYSTEM32\ntdll.dll
0x00007fff87e80000 - 0x00007fff87f42000 	C:\WINDOWS\System32\KERNEL32.DLL
0x00007fff86f90000 - 0x00007fff87333000 	C:\WINDOWS\System32\KERNELBASE.dll
0x00007fff87700000 - 0x00007fff87811000 	C:\WINDOWS\System32\ucrtbase.dll
0x00007fff772d0000 - 0x00007fff772eb000 	C:\Program Files\Java\jdk-19\bin\VCRUNTIME140.dll
0x00007fff56870000 - 0x00007fff56888000 	C:\Program Files\Java\jdk-19\bin\jli.dll
0x00007fff88540000 - 0x00007fff885ee000 	C:\WINDOWS\System32\ADVAPI32.dll
0x00007fff87cf0000 - 0x00007fff87d97000 	C:\WINDOWS\System32\msvcrt.dll
0x00007fff87c40000 - 0x00007fff87ce4000 	C:\WINDOWS\System32\sechost.dll
0x00007fff88420000 - 0x00007fff88537000 	C:\WINDOWS\System32\RPCRT4.dll
0x00007fff87a30000 - 0x00007fff87bda000 	C:\WINDOWS\System32\USER32.dll
0x00007fff87820000 - 0x00007fff87846000 	C:\WINDOWS\System32\win32u.dll
0x00007fff74a80000 - 0x00007fff74d0e000 	C:\WINDOWS\WinSxS\amd64_microsoft.windows.common-controls_6595b64144ccf1df_6.0.22621.1635_none_270f70857386168e\COMCTL32.dll
0x00007fff87a00000 - 0x00007fff87a29000 	C:\WINDOWS\System32\GDI32.dll
0x00007fff87850000 - 0x00007fff87969000 	C:\WINDOWS\System32\gdi32full.dll
0x00007fff87340000 - 0x00007fff873da000 	C:\WINDOWS\System32\msvcp_win.dll
0x00007fff7fac0000 - 0x00007fff7faca000 	C:\WINDOWS\SYSTEM32\VERSION.dll
0x00007fff87be0000 - 0x00007fff87c11000 	C:\WINDOWS\System32\IMM32.DLL
0x00007fff823a0000 - 0x00007fff823ac000 	C:\Program Files\Java\jdk-19\bin\vcruntime140_1.dll
0x00007fff5fce0000 - 0x00007fff5fd6e000 	C:\Program Files\Java\jdk-19\bin\msvcp140.dll
0x00007fff3d9b0000 - 0x00007fff3e670000 	C:\Program Files\Java\jdk-19\bin\server\jvm.dll
0x00007fff682a0000 - 0x00007fff682a9000 	C:\WINDOWS\SYSTEM32\WSOCK32.dll
0x00007fff758c0000 - 0x00007fff758f4000 	C:\WINDOWS\SYSTEM32\WINMM.dll
0x00007fff88d40000 - 0x00007fff88db1000 	C:\WINDOWS\System32\WS2_32.dll
0x00007fff860c0000 - 0x00007fff860d8000 	C:\WINDOWS\SYSTEM32\kernel.appcore.dll
0x00007fff7f870000 - 0x00007fff7f87a000 	C:\Program Files\Java\jdk-19\bin\jimage.dll
0x00007fff846e0000 - 0x00007fff8490e000 	C:\WINDOWS\SYSTEM32\DBGHELP.DLL
0x00007fff88090000 - 0x00007fff88419000 	C:\WINDOWS\System32\combase.dll
0x00007fff87f50000 - 0x00007fff88027000 	C:\WINDOWS\System32\OLEAUT32.dll
0x00007fff62d60000 - 0x00007fff62d92000 	C:\WINDOWS\SYSTEM32\dbgcore.DLL
0x00007fff87680000 - 0x00007fff876fa000 	C:\WINDOWS\System32\bcryptPrimitives.dll
0x00007fff74ff0000 - 0x00007fff75016000 	C:\Program Files\Java\jdk-19\bin\java.dll
0x00007fff5d6a0000 - 0x00007fff5d777000 	C:\Program Files\Java\jdk-19\bin\jsvml.dll
0x00007fff88f90000 - 0x00007fff89789000 	C:\WINDOWS\System32\SHELL32.dll
0x00007fff84f80000 - 0x00007fff8584e000 	C:\WINDOWS\SYSTEM32\windows.storage.dll
0x00007fff84e40000 - 0x00007fff84f7e000 	C:\WINDOWS\SYSTEM32\wintypes.dll
0x00007fff887c0000 - 0x00007fff888b1000 	C:\WINDOWS\System32\SHCORE.dll
0x00007fff87da0000 - 0x00007fff87dfe000 	C:\WINDOWS\System32\shlwapi.dll
0x00007fff86ec0000 - 0x00007fff86ee6000 	C:\WINDOWS\SYSTEM32\profapi.dll
0x00007fff75dc0000 - 0x00007fff75dd3000 	C:\Program Files\Java\jdk-19\bin\net.dll
0x00007fff809a0000 - 0x00007fff80ad7000 	C:\WINDOWS\SYSTEM32\WINHTTP.dll
0x00007fff86540000 - 0x00007fff865a9000 	C:\WINDOWS\system32\mswsock.dll
0x00007fff734e0000 - 0x00007fff734f6000 	C:\Program Files\Java\jdk-19\bin\nio.dll
0x00007fff71670000 - 0x00007fff71688000 	C:\Program Files\Java\jdk-19\bin\zip.dll
0x00007fff3d810000 - 0x00007fff3d9a1000 	C:\Program Files\Java\jdk-19\bin\awt.dll
0x00007fff83fd0000 - 0x00007fff84067000 	C:\WINDOWS\SYSTEM32\apphelp.dll
0x00007fff84410000 - 0x00007fff8443b000 	C:\WINDOWS\system32\DWMAPI.DLL
0x00007fff841b0000 - 0x00007fff8425b000 	C:\WINDOWS\system32\uxtheme.dll
0x00007fff714e0000 - 0x00007fff715e0000 	C:\WINDOWS\system32\opengl32.dll
0x00007fff760c0000 - 0x00007fff760ed000 	C:\WINDOWS\SYSTEM32\GLU32.dll
0x00007fff842c0000 - 0x00007fff842f8000 	C:\WINDOWS\SYSTEM32\dxcore.dll
0x00007fff897f0000 - 0x00007fff89917000 	C:\WINDOWS\System32\MSCTF.dll
0x00007fff89920000 - 0x00007fff89abc000 	C:\WINDOWS\System32\ole32.dll
0x00007fff565d0000 - 0x00007fff56656000 	C:\Program Files\Java\jdk-19\bin\freetype.dll
0x00007fff430e0000 - 0x00007fff43189000 	C:\Program Files\Java\jdk-19\bin\fontmanager.dll
0x00007fff72af0000 - 0x00007fff72c1d000 	C:\WINDOWS\SYSTEM32\textinputframework.dll
0x00007fff83cf0000 - 0x00007fff83e23000 	C:\WINDOWS\SYSTEM32\CoreMessaging.dll
0x00007fff7fb30000 - 0x00007fff7fe9c000 	C:\WINDOWS\SYSTEM32\CoreUIComponents.dll
0x00007fff867c0000 - 0x00007fff867cc000 	C:\WINDOWS\SYSTEM32\CRYPTBASE.DLL

dbghelp: loaded successfully - version: 4.0.5 - missing functions: none
symbol engine: initialized successfully - sym options: 0x614 - pdb path: .;C:\Program Files\Java\jdk-19\bin;C:\WINDOWS\SYSTEM32;C:\WINDOWS\WinSxS\amd64_microsoft.windows.common-controls_6595b64144ccf1df_6.0.22621.1635_none_270f70857386168e;C:\Program Files\Java\jdk-19\bin\server

VM Arguments:
jvm_args: -Dfile.encoding=UTF-8 --module-path=C:\Users\amitr\OneDrive\Pictures\Documents\NetBeansProjects\Bank Management System\build\classes 
java_command: bank.management.system.SignupThree
java_class_path (initial): C:\Users\amitr\OneDrive\Desktop\Bank management system\jcalendar-tz-1.3.3-4.jar;C:\Users\amitr\OneDrive\Desktop\Bank management system\mysql-connector-java-8.0.28.jar;C:\Users\amitr\OneDrive\Pictures\Documents\NetBeansProjects\Bank Management System\build\classes
Launcher Type: SUN_STANDARD

[Global flags]
     intx CICompilerCount                          = 4                                         {product} {ergonomic}
     uint ConcGCThreads                            = 2                                         {product} {ergonomic}
     uint G1ConcRefinementThreads                  = 8                                         {product} {ergonomic}
   size_t G1HeapRegionSize                         = 2097152                                   {product} {ergonomic}
    uintx GCDrainStackTargetSize                   = 64                                        {product} {ergonomic}
   size_t InitialHeapSize                          = 266338304                                 {product} {ergonomic}
   size_t MarkStackSize                            = 4194304                                   {product} {ergonomic}
   size_t MaxHeapSize                              = 4250927104                                {product} {ergonomic}
   size_t MaxNewSize                               = 2550136832                                {product} {ergonomic}
   size_t MinHeapDeltaBytes                        = 2097152                                   {product} {ergonomic}
   size_t MinHeapSize                              = 8388608                                   {product} {ergonomic}
    uintx NonNMethodCodeHeapSize                   = 5839372                                {pd product} {ergonomic}
    uintx NonProfiledCodeHeapSize                  = 122909434                              {pd product} {ergonomic}
    uintx ProfiledCodeHeapSize                     = 122909434                              {pd product} {ergonomic}
    uintx ReservedCodeCacheSize                    = 251658240                              {pd product} {ergonomic}
     bool SegmentedCodeCache                       = true                                      {product} {ergonomic}
   size_t SoftMaxHeapSize                          = 4250927104                             {manageable} {ergonomic}
     bool UseCompressedClassPointers               = true                           {product lp64_product} {ergonomic}
     bool UseCompressedOops                        = true                           {product lp64_product} {ergonomic}
     bool UseG1GC                                  = true                                      {product} {ergonomic}
     bool UseLargePagesIndividualAllocation        = false                                  {pd product} {ergonomic}

Logging:
Log output configuration:
 #0: stdout all=warning uptime,level,tags foldmultilines=false
 #1: stderr all=off uptime,level,tags foldmultilines=false

Environment Variables:
JAVA_HOME=C:\Program Files\Java\jdk-19
PATH=C:\Python3.11.1\Scripts\;C:\Python3.11.1\;C:\Program Files\Common Files\Oracle\Java\javapath;C:\Windows\system32;C:\Windows;C:\Windows\System32\Wbem;C:\Windows\System32\WindowsPowerShell\v1.0\;C:\Windows\System32\OpenSSH\;C:\Program Files (x86)\NVIDIA Corporation\PhysX\Common;C:\Program Files\NVIDIA Corporation\NVIDIA NvDLISR;C:\Program Files\Microsoft SQL Server\150\Tools\Binn\;C:\msys64\mingw64\bin;C:\WINDOWS\system32;C:\WINDOWS;C:\WINDOWS\System32\Wbem;C:\WINDOWS\System32\WindowsPowerShell\v1.0\;C:\WINDOWS\System32\OpenSSH\;C:\Program Files\Java\jdk-19\bin;C:\msys64\mingw64\bin;C:\Program Files\dotnet\;C:\Program Files\PowerShell\7\;C:\Program Files\MySQL\MySQL Server 8.0\bin;C:\Program Files\MySQL\MySQL Shell 8.0\bin\;C:\Users\amitr\AppData\Local\Microsoft\WindowsApps;C:\Users\amitr\AppData\Local\Programs\Microsoft VS Code\bin;;C:\Program Files\JetBrains\PyCharm Community Edition 2022.2.4\bin;
USERNAME=amitr
OS=Windows_NT
PROCESSOR_IDENTIFIER=Intel64 Family 6 Model 165 Stepping 2, GenuineIntel
TMP=C:\Users\amitr\AppData\Local\Temp
TEMP=C:\Users\amitr\AppData\Local\Temp



---------------  S Y S T E M  ---------------

OS:
 Windows 11 , 64 bit Build 22621 (10.0.22621.1928)
OS uptime: 7 days 0:52 hours

CPU: total 8 (initial active 8) (4 cores per cpu, 2 threads per core) family 6 model 165 stepping 2 microcode 0xea, cx8, cmov, fxsr, ht, mmx, 3dnowpref, sse, sse2, sse3, ssse3, sse4.1, sse4.2, popcnt, lzcnt, tsc, tscinvbit, avx, avx2, aes, erms, clmul, bmi1, bmi2, adx, fma, vzeroupper, clflush, clflushopt, rdtscp

Memory: 4k page, system-wide physical 16215M (4802M free)
TotalPageFile size 46540M (AvailPageFile size 0M)
current process WorkingSet (physical memory assigned to process): 67M, peak: 86M
current process commit charge ("private bytes"): 352M, peak: 371M

vm_info: Java HotSpot(TM) 64-Bit Server VM (19+36-2238) for windows-amd64 JRE (19+36-2238), built on 2022-08-12T20:29:01Z by "mach5one" with MS VC++ 17.1 (VS2022)

END.
