#
# There is insufficient memory for the Java Runtime Environment to continue.
# Native memory allocation (malloc) failed to allocate 32744 bytes for Chunk::new
# Possible reasons:
#   The system is out of physical RAM or swap space
#   The process is running with CompressedOops enabled, and the Java Heap may be blocking the growth of the native heap
# Possible solutions:
#   Reduce memory load on the system
#   Increase physical memory or swap space
#   Check if swap backing store is full
#   Decrease Java heap size (-Xmx/-Xms)
#   Decrease number of Java threads
#   Decrease Java thread stack sizes (-Xss)
#   Set larger code cache with -XX:ReservedCodeCacheSize=
#   JVM is running with Zero Based Compressed Oops mode in which the Java heap is
#     placed in the first 32GB address space. The Java Heap base address is the
#     maximum limit for the native heap growth. Please use -XX:HeapBaseMinAddress
#     to set the Java Heap base and to place the Java Heap above 32GB virtual address.
# This output file may be truncated or incomplete.
#
#  Out of Memory Error (arena.cpp:184), pid=34520, tid=32244
#
# JRE version: Java(TM) SE Runtime Environment (19.0+36) (build 19+36-2238)
# Java VM: Java HotSpot(TM) 64-Bit Server VM (19+36-2238, mixed mode, sharing, tiered, compressed oops, compressed class ptrs, g1 gc, windows-amd64)
# No core dump will be written. Minidumps are not enabled by default on client versions of Windows
#

---------------  S U M M A R Y ------------

Command Line: -Dfile.encoding=UTF-8 --module-path=C:\Users\amitr\OneDrive\Pictures\Documents\NetBeansProjects\Bank Management System\build\classes bank.management.system.SignupThree

Host: Intel(R) Core(TM) i5-10300H CPU @ 2.50GHz, 8 cores, 15G,  Windows 11 , 64 bit Build 22621 (10.0.22621.1928)
Time: Fri Jul 28 02:03:12 2023 India Standard Time elapsed time: 3662.703920 seconds (0d 1h 1m 2s)

---------------  T H R E A D  ---------------

Current thread (0x000001793af77c80):  JavaThread "C2 CompilerThread0" daemon [_thread_in_native, id=32244, stack(0x0000003f68f00000,0x0000003f69000000)]


Current CompileTask:
C2:3662704 1228       4       java.util.Arrays::binarySearch0 (95 bytes)

Stack: [0x0000003f68f00000,0x0000003f69000000]
Native frames: (J=compiled Java code, j=interpreted, Vv=VM code, C=native code)
V  [jvm.dll+0x6ee8fa]
V  [jvm.dll+0x857a1e]
V  [jvm.dll+0x85940e]
V  [jvm.dll+0x859ac3]
V  [jvm.dll+0x28291f]
V  [jvm.dll+0xc9b5f]
V  [jvm.dll+0xc9ee5]
V  [jvm.dll+0x67a47e]
V  [jvm.dll+0x67a61f]
V  [jvm.dll+0x67a61f]
V  [jvm.dll+0x67a61f]
V  [jvm.dll+0x68012c]
V  [jvm.dll+0x68113c]
V  [jvm.dll+0x67f594]
V  [jvm.dll+0x24c14e]
V  [jvm.dll+0x24b671]
V  [jvm.dll+0x1d6d61]
V  [jvm.dll+0x25b0fa]
V  [jvm.dll+0x259588]
V  [jvm.dll+0x807928]
V  [jvm.dll+0x8015fa]
V  [jvm.dll+0x6ed5eb]
C  [ucrtbase.dll+0x29363]
C  [KERNEL32.DLL+0x126ad]
C  [ntdll.dll+0x5aa68]


---------------  P R O C E S S  ---------------

Threads class SMR info:
_java_thread_list=0x000001793af52cc0, length=16, elements={
0x000001793af67250, 0x000001793af67e20, 0x000001793af6cf20, 0x000001793af6f960,
0x000001793af72c90, 0x000001793af70290, 0x000001793af77c80, 0x000001793af7baf0,
0x000001793af84470, 0x000001793f1ceea0, 0x000001793f237420, 0x000001793f2eaae0,
0x000001793f2eb020, 0x000001793f46adf0, 0x000001793f4f1770, 0x0000017915c2c9c0
}

Java Threads: ( => current thread )
  0x000001793af67250 JavaThread "Reference Handler" daemon [_thread_blocked, id=36900, stack(0x0000003f68900000,0x0000003f68a00000)]
  0x000001793af67e20 JavaThread "Finalizer" daemon [_thread_blocked, id=29588, stack(0x0000003f68a00000,0x0000003f68b00000)]
  0x000001793af6cf20 JavaThread "Signal Dispatcher" daemon [_thread_blocked, id=20020, stack(0x0000003f68b00000,0x0000003f68c00000)]
  0x000001793af6f960 JavaThread "Attach Listener" daemon [_thread_blocked, id=12388, stack(0x0000003f68c00000,0x0000003f68d00000)]
  0x000001793af72c90 JavaThread "Service Thread" daemon [_thread_blocked, id=8776, stack(0x0000003f68d00000,0x0000003f68e00000)]
  0x000001793af70290 JavaThread "Monitor Deflation Thread" daemon [_thread_blocked, id=25300, stack(0x0000003f68e00000,0x0000003f68f00000)]
=>0x000001793af77c80 JavaThread "C2 CompilerThread0" daemon [_thread_in_native, id=32244, stack(0x0000003f68f00000,0x0000003f69000000)]
  0x000001793af7baf0 JavaThread "C1 CompilerThread0" daemon [_thread_blocked, id=23412, stack(0x0000003f69000000,0x0000003f69100000)]
  0x000001793af84470 JavaThread "Sweeper thread" daemon [_thread_blocked, id=23420, stack(0x0000003f69100000,0x0000003f69200000)]
  0x000001793f1ceea0 JavaThread "Common-Cleaner" daemon [_thread_blocked, id=9888, stack(0x0000003f69200000,0x0000003f69300000)]
  0x000001793f237420 JavaThread "Notification Thread" daemon [_thread_blocked, id=10752, stack(0x0000003f69300000,0x0000003f69400000)]
  0x000001793f2eaae0 JavaThread "Java2D Disposer" daemon [_thread_blocked, id=24968, stack(0x0000003f69600000,0x0000003f69700000)]
  0x000001793f2eb020 JavaThread "AWT-Shutdown" [_thread_blocked, id=19888, stack(0x0000003f69700000,0x0000003f69800000)]
  0x000001793f46adf0 JavaThread "AWT-Windows" daemon [_thread_in_native, id=27988, stack(0x0000003f69800000,0x0000003f69900000)]
  0x000001793f4f1770 JavaThread "AWT-EventQueue-0" [_thread_blocked, id=3640, stack(0x0000003f69900000,0x0000003f69a00000)]
  0x0000017915c2c9c0 JavaThread "DestroyJavaVM" [_thread_blocked, id=2768, stack(0x0000003f68200000,0x0000003f68300000)]

Other Threads:
  0x000001793af4d9e0 VMThread "VM Thread" [stack: 0x0000003f68800000,0x0000003f68900000] [id=28128]
  0x000001793f238970 WatcherThread "VM Periodic Task Thread" [stack: 0x0000003f69400000,0x0000003f69500000] [id=32448]
  0x0000017915c9d760 WorkerThread "GC Thread#0" [stack: 0x0000003f68300000,0x0000003f68400000] [id=32584]
  0x0000017915cae410 ConcurrentGCThread "G1 Main Marker" [stack: 0x0000003f68400000,0x0000003f68500000] [id=35180]
  0x0000017915caf140 WorkerThread "G1 Conc#0" [stack: 0x0000003f68500000,0x0000003f68600000] [id=23304]
  0x0000017915cee9a0 ConcurrentGCThread "G1 Refine#0" [stack: 0x0000003f68600000,0x0000003f68700000] [id=19964]
  0x000001793ae0b570 ConcurrentGCThread "G1 Service" [stack: 0x0000003f68700000,0x0000003f68800000] [id=4084]

Threads with active compile tasks:
C2 CompilerThread0  3662728 1228       4       java.util.Arrays::binarySearch0 (95 bytes)

VM state: not at safepoint (normal execution)

VM Mutex/Monitor currently owned by a thread: None

Heap address: 0x0000000702a00000, size: 4054 MB, Compressed Oops mode: Zero based, Oop shift amount: 3

CDS archive(s) mapped at: [0x0000000800000000-0x0000000800c40000-0x0000000800c40000), size 12845056, SharedBaseAddress: 0x0000000800000000, ArchiveRelocationMode: 0.
Compressed class space mapped at: 0x0000000801000000-0x0000000841000000, reserved size: 1073741824
Narrow klass base: 0x0000000800000000, Narrow klass shift: 0, Narrow klass range: 0x100000000

GC Precious Log:
 CardTable entry size: 512
 Card Set container configuration: InlinePtr #cards 4 size 8 Array Of Cards #cards 8 size 32 Howl #buckets 8 coarsen threshold 3686 Howl Bitmap #cards 512 size 80 coarsen threshold 460 Card regions per heap region 1 cards per card region 4096
 CPUs: 8 total, 8 available
 Memory: 16215M
 Large Page Support: Disabled
 NUMA Support: Disabled
 Compressed Oops: Enabled (Zero based)
 Heap Region Size: 2M
 Heap Min Capacity: 8M
 Heap Initial Capacity: 254M
 Heap Max Capacity: 4054M
 Pre-touch: Disabled
 Parallel Workers: 8
 Concurrent Workers: 2
 Concurrent Refinement Workers: 8
 Periodic GC: Disabled

Heap:
 garbage-first heap   total 260096K, used 20480K [0x0000000702a00000, 0x0000000800000000)
  region size 2048K, 9 young (18432K), 0 survivors (0K)
 Metaspace       used 7163K, committed 7360K, reserved 1114112K
  class space    used 729K, committed 832K, reserved 1048576K

Heap Regions: E=young(eden), S=young(survivor), O=old, HS=humongous(starts), HC=humongous(continues), CS=collection set, F=free, OA=open archive, CA=closed archive, TAMS=top-at-mark-start (previous, next)
|   0|0x0000000702a00000, 0x0000000702c00000, 0x0000000702c00000|100%|HS|  |TAMS 0x0000000702a00000, 0x0000000702a00000| Complete 
|   1|0x0000000702c00000, 0x0000000702e00000, 0x0000000702e00000|100%|HC|  |TAMS 0x0000000702c00000, 0x0000000702c00000| Complete 
|   2|0x0000000702e00000, 0x0000000702e00000, 0x0000000703000000|  0%| F|  |TAMS 0x0000000702e00000, 0x0000000702e00000| Untracked 
|   3|0x0000000703000000, 0x0000000703000000, 0x0000000703200000|  0%| F|  |TAMS 0x0000000703000000, 0x0000000703000000| Untracked 
|   4|0x0000000703200000, 0x0000000703200000, 0x0000000703400000|  0%| F|  |TAMS 0x0000000703200000, 0x0000000703200000| Untracked 
|   5|0x0000000703400000, 0x0000000703400000, 0x0000000703600000|  0%| F|  |TAMS 0x0000000703400000, 0x0000000703400000| Untracked 
|   6|0x0000000703600000, 0x0000000703600000, 0x0000000703800000|  0%| F|  |TAMS 0x0000000703600000, 0x0000000703600000| Untracked 
|   7|0x0000000703800000, 0x0000000703800000, 0x0000000703a00000|  0%| F|  |TAMS 0x0000000703800000, 0x0000000703800000| Untracked 
|   8|0x0000000703a00000, 0x0000000703a00000, 0x0000000703c00000|  0%| F|  |TAMS 0x0000000703a00000, 0x0000000703a00000| Untracked 
|   9|0x0000000703c00000, 0x0000000703c00000, 0x0000000703e00000|  0%| F|  |TAMS 0x0000000703c00000, 0x0000000703c00000| Untracked 
|  10|0x0000000703e00000, 0x0000000703e00000, 0x0000000704000000|  0%| F|  |TAMS 0x0000000703e00000, 0x0000000703e00000| Untracked 
|  11|0x0000000704000000, 0x0000000704000000, 0x0000000704200000|  0%| F|  |TAMS 0x0000000704000000, 0x0000000704000000| Untracked 
|  12|0x0000000704200000, 0x0000000704200000, 0x0000000704400000|  0%| F|  |TAMS 0x0000000704200000, 0x0000000704200000| Untracked 
|  13|0x0000000704400000, 0x0000000704400000, 0x0000000704600000|  0%| F|  |TAMS 0x0000000704400000, 0x0000000704400000| Untracked 
|  14|0x0000000704600000, 0x0000000704600000, 0x0000000704800000|  0%| F|  |TAMS 0x0000000704600000, 0x0000000704600000| Untracked 
|  15|0x0000000704800000, 0x0000000704800000, 0x0000000704a00000|  0%| F|  |TAMS 0x0000000704800000, 0x0000000704800000| Untracked 
|  16|0x0000000704a00000, 0x0000000704a00000, 0x0000000704c00000|  0%| F|  |TAMS 0x0000000704a00000, 0x0000000704a00000| Untracked 
|  17|0x0000000704c00000, 0x0000000704c00000, 0x0000000704e00000|  0%| F|  |TAMS 0x0000000704c00000, 0x0000000704c00000| Untracked 
|  18|0x0000000704e00000, 0x0000000704e00000, 0x0000000705000000|  0%| F|  |TAMS 0x0000000704e00000, 0x0000000704e00000| Untracked 
|  19|0x0000000705000000, 0x0000000705000000, 0x0000000705200000|  0%| F|  |TAMS 0x0000000705000000, 0x0000000705000000| Untracked 
|  20|0x0000000705200000, 0x0000000705200000, 0x0000000705400000|  0%| F|  |TAMS 0x0000000705200000, 0x0000000705200000| Untracked 
|  21|0x0000000705400000, 0x0000000705400000, 0x0000000705600000|  0%| F|  |TAMS 0x0000000705400000, 0x0000000705400000| Untracked 
|  22|0x0000000705600000, 0x0000000705600000, 0x0000000705800000|  0%| F|  |TAMS 0x0000000705600000, 0x0000000705600000| Untracked 
|  23|0x0000000705800000, 0x0000000705800000, 0x0000000705a00000|  0%| F|  |TAMS 0x0000000705800000, 0x0000000705800000| Untracked 
|  24|0x0000000705a00000, 0x0000000705a00000, 0x0000000705c00000|  0%| F|  |TAMS 0x0000000705a00000, 0x0000000705a00000| Untracked 
|  25|0x0000000705c00000, 0x0000000705c00000, 0x0000000705e00000|  0%| F|  |TAMS 0x0000000705c00000, 0x0000000705c00000| Untracked 
|  26|0x0000000705e00000, 0x0000000705e00000, 0x0000000706000000|  0%| F|  |TAMS 0x0000000705e00000, 0x0000000705e00000| Untracked 
|  27|0x0000000706000000, 0x0000000706000000, 0x0000000706200000|  0%| F|  |TAMS 0x0000000706000000, 0x0000000706000000| Untracked 
|  28|0x0000000706200000, 0x0000000706200000, 0x0000000706400000|  0%| F|  |TAMS 0x0000000706200000, 0x0000000706200000| Untracked 
|  29|0x0000000706400000, 0x0000000706400000, 0x0000000706600000|  0%| F|  |TAMS 0x0000000706400000, 0x0000000706400000| Untracked 
|  30|0x0000000706600000, 0x0000000706600000, 0x0000000706800000|  0%| F|  |TAMS 0x0000000706600000, 0x0000000706600000| Untracked 
|  31|0x0000000706800000, 0x0000000706800000, 0x0000000706a00000|  0%| F|  |TAMS 0x0000000706800000, 0x0000000706800000| Untracked 
|  32|0x0000000706a00000, 0x0000000706a00000, 0x0000000706c00000|  0%| F|  |TAMS 0x0000000706a00000, 0x0000000706a00000| Untracked 
|  33|0x0000000706c00000, 0x0000000706c00000, 0x0000000706e00000|  0%| F|  |TAMS 0x0000000706c00000, 0x0000000706c00000| Untracked 
|  34|0x0000000706e00000, 0x0000000706e00000, 0x0000000707000000|  0%| F|  |TAMS 0x0000000706e00000, 0x0000000706e00000| Untracked 
|  35|0x0000000707000000, 0x0000000707000000, 0x0000000707200000|  0%| F|  |TAMS 0x0000000707000000, 0x0000000707000000| Untracked 
|  36|0x0000000707200000, 0x0000000707200000, 0x0000000707400000|  0%| F|  |TAMS 0x0000000707200000, 0x0000000707200000| Untracked 
|  37|0x0000000707400000, 0x0000000707400000, 0x0000000707600000|  0%| F|  |TAMS 0x0000000707400000, 0x0000000707400000| Untracked 
|  38|0x0000000707600000, 0x0000000707600000, 0x0000000707800000|  0%| F|  |TAMS 0x0000000707600000, 0x0000000707600000| Untracked 
|  39|0x0000000707800000, 0x0000000707800000, 0x0000000707a00000|  0%| F|  |TAMS 0x0000000707800000, 0x0000000707800000| Untracked 
|  40|0x0000000707a00000, 0x0000000707a00000, 0x0000000707c00000|  0%| F|  |TAMS 0x0000000707a00000, 0x0000000707a00000| Untracked 
|  41|0x0000000707c00000, 0x0000000707c00000, 0x0000000707e00000|  0%| F|  |TAMS 0x0000000707c00000, 0x0000000707c00000| Untracked 
|  42|0x0000000707e00000, 0x0000000707e00000, 0x0000000708000000|  0%| F|  |TAMS 0x0000000707e00000, 0x0000000707e00000| Untracked 
|  43|0x0000000708000000, 0x0000000708000000, 0x0000000708200000|  0%| F|  |TAMS 0x0000000708000000, 0x0000000708000000| Untracked 
|  44|0x0000000708200000, 0x0000000708200000, 0x0000000708400000|  0%| F|  |TAMS 0x0000000708200000, 0x0000000708200000| Untracked 
|  45|0x0000000708400000, 0x0000000708400000, 0x0000000708600000|  0%| F|  |TAMS 0x0000000708400000, 0x0000000708400000| Untracked 
|  46|0x0000000708600000, 0x0000000708600000, 0x0000000708800000|  0%| F|  |TAMS 0x0000000708600000, 0x0000000708600000| Untracked 
|  47|0x0000000708800000, 0x0000000708800000, 0x0000000708a00000|  0%| F|  |TAMS 0x0000000708800000, 0x0000000708800000| Untracked 
|  48|0x0000000708a00000, 0x0000000708a00000, 0x0000000708c00000|  0%| F|  |TAMS 0x0000000708a00000, 0x0000000708a00000| Untracked 
|  49|0x0000000708c00000, 0x0000000708c00000, 0x0000000708e00000|  0%| F|  |TAMS 0x0000000708c00000, 0x0000000708c00000| Untracked 
|  50|0x0000000708e00000, 0x0000000708e00000, 0x0000000709000000|  0%| F|  |TAMS 0x0000000708e00000, 0x0000000708e00000| Untracked 
|  51|0x0000000709000000, 0x0000000709000000, 0x0000000709200000|  0%| F|  |TAMS 0x0000000709000000, 0x0000000709000000| Untracked 
|  52|0x0000000709200000, 0x0000000709200000, 0x0000000709400000|  0%| F|  |TAMS 0x0000000709200000, 0x0000000709200000| Untracked 
|  53|0x0000000709400000, 0x0000000709400000, 0x0000000709600000|  0%| F|  |TAMS 0x0000000709400000, 0x0000000709400000| Untracked 
|  54|0x0000000709600000, 0x0000000709600000, 0x0000000709800000|  0%| F|  |TAMS 0x0000000709600000, 0x0000000709600000| Untracked 
|  55|0x0000000709800000, 0x0000000709800000, 0x0000000709a00000|  0%| F|  |TAMS 0x0000000709800000, 0x0000000709800000| Untracked 
|  56|0x0000000709a00000, 0x0000000709a00000, 0x0000000709c00000|  0%| F|  |TAMS 0x0000000709a00000, 0x0000000709a00000| Untracked 
|  57|0x0000000709c00000, 0x0000000709c00000, 0x0000000709e00000|  0%| F|  |TAMS 0x0000000709c00000, 0x0000000709c00000| Untracked 
|  58|0x0000000709e00000, 0x0000000709e00000, 0x000000070a000000|  0%| F|  |TAMS 0x0000000709e00000, 0x0000000709e00000| Untracked 
|  59|0x000000070a000000, 0x000000070a000000, 0x000000070a200000|  0%| F|  |TAMS 0x000000070a000000, 0x000000070a000000| Untracked 
|  60|0x000000070a200000, 0x000000070a200000, 0x000000070a400000|  0%| F|  |TAMS 0x000000070a200000, 0x000000070a200000| Untracked 
|  61|0x000000070a400000, 0x000000070a400000, 0x000000070a600000|  0%| F|  |TAMS 0x000000070a400000, 0x000000070a400000| Untracked 
|  62|0x000000070a600000, 0x000000070a600000, 0x000000070a800000|  0%| F|  |TAMS 0x000000070a600000, 0x000000070a600000| Untracked 
|  63|0x000000070a800000, 0x000000070a800000, 0x000000070aa00000|  0%| F|  |TAMS 0x000000070a800000, 0x000000070a800000| Untracked 
|  64|0x000000070aa00000, 0x000000070aa00000, 0x000000070ac00000|  0%| F|  |TAMS 0x000000070aa00000, 0x000000070aa00000| Untracked 
|  65|0x000000070ac00000, 0x000000070ac00000, 0x000000070ae00000|  0%| F|  |TAMS 0x000000070ac00000, 0x000000070ac00000| Untracked 
|  66|0x000000070ae00000, 0x000000070ae00000, 0x000000070b000000|  0%| F|  |TAMS 0x000000070ae00000, 0x000000070ae00000| Untracked 
|  67|0x000000070b000000, 0x000000070b000000, 0x000000070b200000|  0%| F|  |TAMS 0x000000070b000000, 0x000000070b000000| Untracked 
|  68|0x000000070b200000, 0x000000070b200000, 0x000000070b400000|  0%| F|  |TAMS 0x000000070b200000, 0x000000070b200000| Untracked 
|  69|0x000000070b400000, 0x000000070b400000, 0x000000070b600000|  0%| F|  |TAMS 0x000000070b400000, 0x000000070b400000| Untracked 
|  70|0x000000070b600000, 0x000000070b600000, 0x000000070b800000|  0%| F|  |TAMS 0x000000070b600000, 0x000000070b600000| Untracked 
|  71|0x000000070b800000, 0x000000070b800000, 0x000000070ba00000|  0%| F|  |TAMS 0x000000070b800000, 0x000000070b800000| Untracked 
|  72|0x000000070ba00000, 0x000000070ba00000, 0x000000070bc00000|  0%| F|  |TAMS 0x000000070ba00000, 0x000000070ba00000| Untracked 
|  73|0x000000070bc00000, 0x000000070bc00000, 0x000000070be00000|  0%| F|  |TAMS 0x000000070bc00000, 0x000000070bc00000| Untracked 
|  74|0x000000070be00000, 0x000000070be00000, 0x000000070c000000|  0%| F|  |TAMS 0x000000070be00000, 0x000000070be00000| Untracked 
|  75|0x000000070c000000, 0x000000070c000000, 0x000000070c200000|  0%| F|  |TAMS 0x000000070c000000, 0x000000070c000000| Untracked 
|  76|0x000000070c200000, 0x000000070c200000, 0x000000070c400000|  0%| F|  |TAMS 0x000000070c200000, 0x000000070c200000| Untracked 
|  77|0x000000070c400000, 0x000000070c400000, 0x000000070c600000|  0%| F|  |TAMS 0x000000070c400000, 0x000000070c400000| Untracked 
|  78|0x000000070c600000, 0x000000070c600000, 0x000000070c800000|  0%| F|  |TAMS 0x000000070c600000, 0x000000070c600000| Untracked 
|  79|0x000000070c800000, 0x000000070c800000, 0x000000070ca00000|  0%| F|  |TAMS 0x000000070c800000, 0x000000070c800000| Untracked 
|  80|0x000000070ca00000, 0x000000070ca00000, 0x000000070cc00000|  0%| F|  |TAMS 0x000000070ca00000, 0x000000070ca00000| Untracked 
|  81|0x000000070cc00000, 0x000000070cc00000, 0x000000070ce00000|  0%| F|  |TAMS 0x000000070cc00000, 0x000000070cc00000| Untracked 
|  82|0x000000070ce00000, 0x000000070ce00000, 0x000000070d000000|  0%| F|  |TAMS 0x000000070ce00000, 0x000000070ce00000| Untracked 
|  83|0x000000070d000000, 0x000000070d000000, 0x000000070d200000|  0%| F|  |TAMS 0x000000070d000000, 0x000000070d000000| Untracked 
|  84|0x000000070d200000, 0x000000070d200000, 0x000000070d400000|  0%| F|  |TAMS 0x000000070d200000, 0x000000070d200000| Untracked 
|  85|0x000000070d400000, 0x000000070d400000, 0x000000070d600000|  0%| F|  |TAMS 0x000000070d400000, 0x000000070d400000| Untracked 
|  86|0x000000070d600000, 0x000000070d600000, 0x000000070d800000|  0%| F|  |TAMS 0x000000070d600000, 0x000000070d600000| Untracked 
|  87|0x000000070d800000, 0x000000070d800000, 0x000000070da00000|  0%| F|  |TAMS 0x000000070d800000, 0x000000070d800000| Untracked 
|  88|0x000000070da00000, 0x000000070da00000, 0x000000070dc00000|  0%| F|  |TAMS 0x000000070da00000, 0x000000070da00000| Untracked 
|  89|0x000000070dc00000, 0x000000070dc00000, 0x000000070de00000|  0%| F|  |TAMS 0x000000070dc00000, 0x000000070dc00000| Untracked 
|  90|0x000000070de00000, 0x000000070de00000, 0x000000070e000000|  0%| F|  |TAMS 0x000000070de00000, 0x000000070de00000| Untracked 
|  91|0x000000070e000000, 0x000000070e000000, 0x000000070e200000|  0%| F|  |TAMS 0x000000070e000000, 0x000000070e000000| Untracked 
|  92|0x000000070e200000, 0x000000070e200000, 0x000000070e400000|  0%| F|  |TAMS 0x000000070e200000, 0x000000070e200000| Untracked 
|  93|0x000000070e400000, 0x000000070e400000, 0x000000070e600000|  0%| F|  |TAMS 0x000000070e400000, 0x000000070e400000| Untracked 
|  94|0x000000070e600000, 0x000000070e600000, 0x000000070e800000|  0%| F|  |TAMS 0x000000070e600000, 0x000000070e600000| Untracked 
|  95|0x000000070e800000, 0x000000070e800000, 0x000000070ea00000|  0%| F|  |TAMS 0x000000070e800000, 0x000000070e800000| Untracked 
|  96|0x000000070ea00000, 0x000000070ea00000, 0x000000070ec00000|  0%| F|  |TAMS 0x000000070ea00000, 0x000000070ea00000| Untracked 
|  97|0x000000070ec00000, 0x000000070ec00000, 0x000000070ee00000|  0%| F|  |TAMS 0x000000070ec00000, 0x000000070ec00000| Untracked 
|  98|0x000000070ee00000, 0x000000070ee00000, 0x000000070f000000|  0%| F|  |TAMS 0x000000070ee00000, 0x000000070ee00000| Untracked 
|  99|0x000000070f000000, 0x000000070f000000, 0x000000070f200000|  0%| F|  |TAMS 0x000000070f000000, 0x000000070f000000| Untracked 
| 100|0x000000070f200000, 0x000000070f200000, 0x000000070f400000|  0%| F|  |TAMS 0x000000070f200000, 0x000000070f200000| Untracked 
| 101|0x000000070f400000, 0x000000070f400000, 0x000000070f600000|  0%| F|  |TAMS 0x000000070f400000, 0x000000070f400000| Untracked 
| 102|0x000000070f600000, 0x000000070f600000, 0x000000070f800000|  0%| F|  |TAMS 0x000000070f600000, 0x000000070f600000| Untracked 
| 103|0x000000070f800000, 0x000000070f800000, 0x000000070fa00000|  0%| F|  |TAMS 0x000000070f800000, 0x000000070f800000| Untracked 
| 104|0x000000070fa00000, 0x000000070fa00000, 0x000000070fc00000|  0%| F|  |TAMS 0x000000070fa00000, 0x000000070fa00000| Untracked 
| 105|0x000000070fc00000, 0x000000070fc00000, 0x000000070fe00000|  0%| F|  |TAMS 0x000000070fc00000, 0x000000070fc00000| Untracked 
| 106|0x000000070fe00000, 0x000000070fe00000, 0x0000000710000000|  0%| F|  |TAMS 0x000000070fe00000, 0x000000070fe00000| Untracked 
| 107|0x0000000710000000, 0x0000000710000000, 0x0000000710200000|  0%| F|  |TAMS 0x0000000710000000, 0x0000000710000000| Untracked 
| 108|0x0000000710200000, 0x0000000710200000, 0x0000000710400000|  0%| F|  |TAMS 0x0000000710200000, 0x0000000710200000| Untracked 
| 109|0x0000000710400000, 0x0000000710400000, 0x0000000710600000|  0%| F|  |TAMS 0x0000000710400000, 0x0000000710400000| Untracked 
| 110|0x0000000710600000, 0x0000000710600000, 0x0000000710800000|  0%| F|  |TAMS 0x0000000710600000, 0x0000000710600000| Untracked 
| 111|0x0000000710800000, 0x0000000710800000, 0x0000000710a00000|  0%| F|  |TAMS 0x0000000710800000, 0x0000000710800000| Untracked 
| 112|0x0000000710a00000, 0x0000000710a00000, 0x0000000710c00000|  0%| F|  |TAMS 0x0000000710a00000, 0x0000000710a00000| Untracked 
| 113|0x0000000710c00000, 0x0000000710c00000, 0x0000000710e00000|  0%| F|  |TAMS 0x0000000710c00000, 0x0000000710c00000| Untracked 
| 114|0x0000000710e00000, 0x0000000710e00000, 0x0000000711000000|  0%| F|  |TAMS 0x0000000710e00000, 0x0000000710e00000| Untracked 
| 115|0x0000000711000000, 0x0000000711000000, 0x0000000711200000|  0%| F|  |TAMS 0x0000000711000000, 0x0000000711000000| Untracked 
| 116|0x0000000711200000, 0x0000000711200000, 0x0000000711400000|  0%| F|  |TAMS 0x0000000711200000, 0x0000000711200000| Untracked 
| 117|0x0000000711400000, 0x0000000711400000, 0x0000000711600000|  0%| F|  |TAMS 0x0000000711400000, 0x0000000711400000| Untracked 
| 118|0x0000000711600000, 0x00000007117c3cc8, 0x0000000711800000| 88%| E|  |TAMS 0x0000000711600000, 0x0000000711600000| Complete 
| 119|0x0000000711800000, 0x0000000711a00000, 0x0000000711a00000|100%| E|CS|TAMS 0x0000000711800000, 0x0000000711800000| Complete 
| 120|0x0000000711a00000, 0x0000000711c00000, 0x0000000711c00000|100%| E|CS|TAMS 0x0000000711a00000, 0x0000000711a00000| Complete 
| 121|0x0000000711c00000, 0x0000000711e00000, 0x0000000711e00000|100%| E|CS|TAMS 0x0000000711c00000, 0x0000000711c00000| Complete 
| 122|0x0000000711e00000, 0x0000000712000000, 0x0000000712000000|100%| E|CS|TAMS 0x0000000711e00000, 0x0000000711e00000| Complete 
| 123|0x0000000712000000, 0x0000000712200000, 0x0000000712200000|100%| E|CS|TAMS 0x0000000712000000, 0x0000000712000000| Complete 
| 124|0x0000000712200000, 0x0000000712400000, 0x0000000712400000|100%| E|CS|TAMS 0x0000000712200000, 0x0000000712200000| Complete 
| 125|0x0000000712400000, 0x0000000712600000, 0x0000000712600000|100%| E|CS|TAMS 0x0000000712400000, 0x0000000712400000| Complete 
| 126|0x0000000712600000, 0x0000000712800000, 0x0000000712800000|100%| E|CS|TAMS 0x0000000712600000, 0x0000000712600000| Complete 

Card table byte_map: [0x000001792f5f0000,0x000001792fde0000] _byte_map_base: 0x000001792bddb000

Marking Bits (Prev, Next): (CMBitMap*) 0x0000017915c9dd90, (CMBitMap*) 0x0000017915c9ddd0
 Prev Bits: [0x00000179305d0000, 0x0000017934528000)
 Next Bits: [0x0000017934530000, 0x0000017938488000)

Polling page: 0x0000017915cf0000

Metaspace:

Usage:
  Non-class:      6.28 MB used.
      Class:    729.51 KB used.
       Both:      7.00 MB used.

Virtual space:
  Non-class space:       64.00 MB reserved,       6.38 MB ( 10%) committed,  1 nodes.
      Class space:        1.00 GB reserved,     832.00 KB ( <1%) committed,  1 nodes.
             Both:        1.06 GB reserved,       7.19 MB ( <1%) committed. 

Chunk freelists:
   Non-Class:  1.00 MB
       Class:  3.24 MB
        Both:  4.24 MB

MaxMetaspaceSize: unlimited
CompressedClassSpaceSize: 1.00 GB
Initial GC threshold: 21.00 MB
Current GC threshold: 21.00 MB
CDS: on
MetaspaceReclaimPolicy: balanced
 - commit_granule_bytes: 65536.
 - commit_granule_words: 8192.
 - virtual_space_node_default_size: 8388608.
 - enlarge_chunks_in_place: 1.
 - new_chunks_are_fully_committed: 0.
 - uncommit_free_chunks: 1.
 - use_allocation_guard: 0.


Internal statistics:

num_allocs_failed_limit: 0.
num_arena_births: 142.
num_arena_deaths: 0.
num_vsnodes_births: 2.
num_vsnodes_deaths: 0.
num_space_committed: 115.
num_space_uncommitted: 0.
num_chunks_returned_to_freelist: 0.
num_chunks_taken_from_freelist: 153.
num_chunk_merges: 0.
num_chunk_splits: 105.
num_chunks_enlarged: 69.
num_inconsistent_stats: 0.

CodeHeap 'non-profiled nmethods': size=120000Kb used=422Kb max_used=422Kb free=119577Kb
 bounds [0x0000017926e50000, 0x00000179270c0000, 0x000001792e380000]
CodeHeap 'profiled nmethods': size=120000Kb used=2109Kb max_used=2109Kb free=117891Kb
 bounds [0x000001791f380000, 0x000001791f5f0000, 0x00000179268b0000]
CodeHeap 'non-nmethods': size=5760Kb used=1350Kb max_used=1411Kb free=4409Kb
 bounds [0x00000179268b0000, 0x0000017926b20000, 0x0000017926e50000]
 total_blobs=1816 nmethods=1227 adapters=500
 compilation: enabled
              stopped_count=0, restarted_count=0
 full_count=0

Compilation events (20 events):
Event: 8.974 Thread 0x000001793af7baf0 nmethod 1216 0x000001791f580710 code [0x000001791f580980, 0x000001791f581ee8]
Event: 9.131 Thread 0x000001793af7baf0 1217       3       java.awt.EventDispatchThread$HierarchyEventFilter::acceptEvent (225 bytes)
Event: 9.132 Thread 0x000001793af7baf0 nmethod 1217 0x000001791f582310 code [0x000001791f5825a0, 0x000001791f5838b8]
Event: 9.180 Thread 0x000001793af7baf0 1218       3       java.util.concurrent.locks.AbstractQueuedSynchronizer$ConditionObject::doSignal (54 bytes)
Event: 9.180 Thread 0x000001793af7baf0 nmethod 1218 0x000001791f583b90 code [0x000001791f583d60, 0x000001791f584138]
Event: 10.911 Thread 0x000001793af7baf0 1219       3       java.awt.Component::dispatchEventImpl (785 bytes)
Event: 10.916 Thread 0x000001793af7baf0 nmethod 1219 0x000001791f584290 code [0x000001791f584b60, 0x000001791f58b758]
Event: 10.916 Thread 0x000001793af7baf0 1220       3       java.awt.LightweightDispatcher::dispatchEvent (73 bytes)
Event: 10.917 Thread 0x000001793af7baf0 nmethod 1220 0x000001791f58cc90 code [0x000001791f58ce80, 0x000001791f58d628]
Event: 1020.197 Thread 0x000001793af7baf0 1221       3       java.util.concurrent.locks.AbstractQueuedSynchronizer$Node::<init> (5 bytes)
Event: 1020.197 Thread 0x000001793af7baf0 nmethod 1221 0x000001791f58d790 code [0x000001791f58d940, 0x000001791f58da98]
Event: 1080.200 Thread 0x000001793af7baf0 1222       3       java.util.concurrent.locks.AbstractQueuedSynchronizer$Node::clearStatus (12 bytes)
Event: 1080.200 Thread 0x000001793af7baf0 nmethod 1222 0x000001791f58db90 code [0x000001791f58dd40, 0x000001791f58dee8]
Event: 1080.200 Thread 0x000001793af7baf0 1223       3       java.util.concurrent.locks.AbstractQueuedSynchronizer$ConditionNode::<init> (5 bytes)
Event: 1080.201 Thread 0x000001793af7baf0 nmethod 1223 0x000001791f58df90 code [0x000001791f58e140, 0x000001791f58e2f8]
Event: 1080.201 Thread 0x000001793af7baf0 1224       3       java.util.concurrent.locks.AbstractQueuedSynchronizer$ConditionObject::enableWait (84 bytes)
Event: 1080.202 Thread 0x000001793af7baf0 nmethod 1224 0x000001791f58e410 code [0x000001791f58e640, 0x000001791f58edc8]
Event: 1080.202 Thread 0x000001793af7baf0 1225       3       java.util.concurrent.locks.AbstractQueuedSynchronizer$Node::setStatusRelaxed (12 bytes)
Event: 1080.202 Thread 0x000001793af7baf0 nmethod 1225 0x000001791f58f090 code [0x000001791f58f220, 0x000001791f58f338]
Event: 3662.693 Thread 0x000001793af77c80 1228       4       java.util.Arrays::binarySearch0 (95 bytes)

GC Heap History (0 events):
No events

Dll operation events (9 events):
Event: 0.006 Loaded shared library C:\Program Files\Java\jdk-19\bin\java.dll
Event: 0.014 Loaded shared library C:\Program Files\Java\jdk-19\bin\jsvml.dll
Event: 0.058 Loaded shared library C:\Program Files\Java\jdk-19\bin\net.dll
Event: 0.060 Loaded shared library C:\Program Files\Java\jdk-19\bin\nio.dll
Event: 0.078 Loaded shared library C:\Program Files\Java\jdk-19\bin\zip.dll
Event: 0.091 Loaded shared library C:\Program Files\Java\jdk-19\bin\jimage.dll
Event: 0.104 Loaded shared library C:\Program Files\Java\jdk-19\bin\awt.dll
Event: 0.260 Loaded shared library C:\Program Files\Java\jdk-19\bin\freetype.dll
Event: 0.261 Loaded shared library C:\Program Files\Java\jdk-19\bin\fontmanager.dll

Deoptimization events (20 events):
Event: 0.521 Thread 0x000001793f4f1770 Uncommon trap: trap_request=0xffffff45 fr.pc=0x0000017926e5a5bc relative=0x000000000000009c
Event: 0.521 Thread 0x000001793f4f1770 Uncommon trap: reason=unstable_if action=reinterpret pc=0x0000017926e5a5bc method=java.lang.String.isLatin1()Z @ 10 c2
Event: 0.521 Thread 0x000001793f4f1770 DEOPT PACKING pc=0x0000017926e5a5bc sp=0x0000003f699fd320
Event: 0.521 Thread 0x000001793f4f1770 DEOPT UNPACKING pc=0x0000017926916da3 sp=0x0000003f699fd250 mode 2
Event: 0.533 Thread 0x000001793f4f1770 Uncommon trap: trap_request=0xffffff45 fr.pc=0x0000017926e95dc0 relative=0x0000000000000400
Event: 0.533 Thread 0x000001793f4f1770 Uncommon trap: reason=unstable_if action=reinterpret pc=0x0000017926e95dc0 method=java.lang.Character.isSurrogate(C)Z @ 3 c2
Event: 0.533 Thread 0x000001793f4f1770 DEOPT PACKING pc=0x0000017926e95dc0 sp=0x0000003f699fcff0
Event: 0.533 Thread 0x000001793f4f1770 DEOPT UNPACKING pc=0x0000017926916da3 sp=0x0000003f699fcf08 mode 2
Event: 0.588 Thread 0x000001793f4f1770 Uncommon trap: trap_request=0xffffffde fr.pc=0x0000017926e842f0 relative=0x00000000000002b0
Event: 0.588 Thread 0x000001793f4f1770 Uncommon trap: reason=class_check action=maybe_recompile pc=0x0000017926e842f0 method=java.util.HashMap.getNode(Ljava/lang/Object;)Ljava/util/HashMap$Node; @ 63 c2
Event: 0.588 Thread 0x000001793f4f1770 DEOPT PACKING pc=0x0000017926e842f0 sp=0x0000003f699fd9c0
Event: 0.588 Thread 0x000001793f4f1770 DEOPT UNPACKING pc=0x0000017926916da3 sp=0x0000003f699fd928 mode 2
Event: 0.593 Thread 0x000001793f4f1770 Uncommon trap: trap_request=0xffffffde fr.pc=0x0000017926e842f0 relative=0x00000000000002b0
Event: 0.593 Thread 0x000001793f4f1770 Uncommon trap: reason=class_check action=maybe_recompile pc=0x0000017926e842f0 method=java.util.HashMap.getNode(Ljava/lang/Object;)Ljava/util/HashMap$Node; @ 63 c2
Event: 0.593 Thread 0x000001793f4f1770 DEOPT PACKING pc=0x0000017926e842f0 sp=0x0000003f699fd9c0
Event: 0.593 Thread 0x000001793f4f1770 DEOPT UNPACKING pc=0x0000017926916da3 sp=0x0000003f699fd928 mode 2
Event: 0.611 Thread 0x000001793f4f1770 Uncommon trap: trap_request=0xffffffde fr.pc=0x0000017926e842f0 relative=0x00000000000002b0
Event: 0.611 Thread 0x000001793f4f1770 Uncommon trap: reason=class_check action=maybe_recompile pc=0x0000017926e842f0 method=java.util.HashMap.getNode(Ljava/lang/Object;)Ljava/util/HashMap$Node; @ 63 c2
Event: 0.611 Thread 0x000001793f4f1770 DEOPT PACKING pc=0x0000017926e842f0 sp=0x0000003f699fe0c0
Event: 0.611 Thread 0x000001793f4f1770 DEOPT UNPACKING pc=0x0000017926916da3 sp=0x0000003f699fe028 mode 2

Classes loaded (20 events):
Event: 0.610 Loading class java/awt/event/ContainerEvent
Event: 0.610 Loading class java/awt/event/ContainerEvent done
Event: 0.610 Loading class javax/swing/JButton
Event: 0.610 Loading class javax/swing/JButton done
Event: 0.610 Loading class java/applet/Applet
Event: 0.610 Loading class java/awt/Panel
Event: 0.610 Loading class java/awt/Panel done
Event: 0.610 Loading class java/applet/Applet done
Event: 3.342 Loading class java/awt/LightweightDispatcher$2
Event: 3.342 Loading class java/awt/LightweightDispatcher$2 done
Event: 10.901 Loading class java/awt/KeyboardFocusManager$2
Event: 10.901 Loading class java/awt/KeyboardFocusManager$2 done
Event: 10.901 Loading class sun/awt/SunToolkit$1
Event: 10.901 Loading class sun/awt/SunToolkit$1 done
Event: 3662.689 Loading class java/util/WeakHashMap$KeyIterator
Event: 3662.689 Loading class java/util/WeakHashMap$HashIterator
Event: 3662.689 Loading class java/util/WeakHashMap$HashIterator done
Event: 3662.689 Loading class java/util/WeakHashMap$KeyIterator done
Event: 3662.689 Loading class javax/swing/RepaintManager$DisplayChangedRunnable
Event: 3662.689 Loading class javax/swing/RepaintManager$DisplayChangedRunnable done

Classes unloaded (0 events):
No events

Classes redefined (0 events):
No events

Internal exceptions (17 events):
Event: 0.061 Thread 0x0000017915c2c9c0 Exception <a 'sun/nio/fs/WindowsException'{0x000000071279cef0}> (0x000000071279cef0) 
thrown [s\open\src\hotspot\share\prims\jni.cpp, line 517]
Event: 0.061 Thread 0x0000017915c2c9c0 Exception <a 'sun/nio/fs/WindowsException'{0x000000071279d4d0}> (0x000000071279d4d0) 
thrown [s\open\src\hotspot\share\prims\jni.cpp, line 517]
Event: 0.063 Thread 0x0000017915c2c9c0 Exception <a 'sun/nio/fs/WindowsException'{0x000000071279fb88}> (0x000000071279fb88) 
thrown [s\open\src\hotspot\share\prims\jni.cpp, line 517]
Event: 0.063 Thread 0x0000017915c2c9c0 Exception <a 'sun/nio/fs/WindowsException'{0x00000007127a0768}> (0x00000007127a0768) 
thrown [s\open\src\hotspot\share\prims\jni.cpp, line 517]
Event: 0.063 Thread 0x0000017915c2c9c0 Exception <a 'sun/nio/fs/WindowsException'{0x00000007127a1348}> (0x00000007127a1348) 
thrown [s\open\src\hotspot\share\prims\jni.cpp, line 517]
Event: 0.097 Thread 0x0000017915c2c9c0 Exception <a 'java/lang/ClassNotFoundException'{0x0000000712514b20}: sun/awt/resources/spi/awtProvider> (0x0000000712514b20) 
thrown [s\open\src\hotspot\share\classfile\systemDictionary.cpp, line 255]
Event: 0.115 Thread 0x0000017915c2c9c0 Exception <a 'java/io/FileNotFoundException'{0x000000071256c740}> (0x000000071256c740) 
thrown [s\open\src\hotspot\share\prims\jni.cpp, line 517]
Event: 0.122 Thread 0x0000017915c2c9c0 Exception <a 'java/io/FileNotFoundException'{0x0000000712598c38}> (0x0000000712598c38) 
thrown [s\open\src\hotspot\share\prims\jni.cpp, line 517]
Event: 0.155 Thread 0x0000017915c2c9c0 Exception <a 'java/lang/NoSuchMethodError'{0x00000007125dda20}: 'java.lang.Object java.lang.invoke.DirectMethodHandle$Holder.invokeStaticInit(java.lang.Object)'> (0x00000007125dda20) 
thrown [s\open\src\hotspot\share\interpreter\linkResolver.cpp, line 774]
Event: 0.187 Thread 0x0000017915c2c9c0 Exception <a 'java/lang/NoSuchMethodError'{0x0000000712314360}: 'void java.lang.invoke.DirectMethodHandle$Holder.invokeSpecial(java.lang.Object, java.lang.Object, java.lang.Object)'> (0x0000000712314360) 
thrown [s\open\src\hotspot\share\interpreter\linkResolver.cpp, line 774]
Event: 0.195 Thread 0x0000017915c2c9c0 Exception <a 'java/lang/NoSuchMethodError'{0x000000071233eea0}: 'java.lang.Object java.lang.invoke.DirectMethodHandle$Holder.newInvokeSpecial(java.lang.Object, java.lang.Object, java.lang.Object, java.lang.Object, java.lang.Object)'> (0x000000071233eea0) 
thrown [s\open\src\hotspot\share\interpreter\linkResolver.cpp, line 774]
Event: 0.200 Thread 0x0000017915c2c9c0 Exception <a 'java/lang/NoSuchMethodError'{0x0000000712370b28}: 'java.lang.Object java.lang.invoke.DirectMethodHandle$Holder.invokeStatic(java.lang.Object, int, java.lang.Object)'> (0x0000000712370b28) 
thrown [s\open\src\hotspot\share\interpreter\linkResolver.cpp, line 774]
Event: 0.224 Thread 0x0000017915c2c9c0 Exception <a 'java/lang/ClassNotFoundException'{0x000000071202c6b8}: com/sun/swing/internal/plaf/metal/resources/spi/metalProvider> (0x000000071202c6b8) 
thrown [s\open\src\hotspot\share\classfile\systemDictionary.cpp, line 255]
Event: 0.224 Thread 0x0000017915c2c9c0 Exception <a 'java/lang/ClassNotFoundException'{0x0000000712030688}: com/sun/swing/internal/plaf/basic/resources/spi/basicProvider> (0x0000000712030688) 
thrown [s\open\src\hotspot\share\classfile\systemDictionary.cpp, line 255]
Event: 0.231 Thread 0x0000017915c2c9c0 Exception <a 'java/lang/NoSuchMethodError'{0x0000000712050348}: 'int java.lang.invoke.Invokers$Holder.invokeExact_MT(java.lang.Object, java.lang.Object)'> (0x0000000712050348) 
thrown [s\open\src\hotspot\share\interpreter\linkResolver.cpp, line 774]
Event: 0.257 Thread 0x0000017915c2c9c0 Exception <a 'java/lang/NoSuchMethodError'{0x00000007120f0010}: 'void java.lang.invoke.DirectMethodHandle$Holder.invokeStaticInit(java.lang.Object)'> (0x00000007120f0010) 
thrown [s\open\src\hotspot\share\interpreter\linkResolver.cpp, line 774]
Event: 0.297 Thread 0x000001793f46adf0 Exception <a 'java/lang/NoSuchMethodError'{0x00000007122815e0}: 'void java.lang.invoke.DirectMethodHandle$Holder.invokeVirtual(java.lang.Object, java.lang.Object)'> (0x00000007122815e0) 
thrown [s\open\src\hotspot\share\interpreter\linkResolver.cpp, line 774]

VM Operations (20 events):
Event: 0.235 Executing VM operation: HandshakeAllThreads
Event: 0.235 Executing VM operation: HandshakeAllThreads done
Event: 0.575 Executing VM operation: HandshakeAllThreads
Event: 0.575 Executing VM operation: HandshakeAllThreads done
Event: 0.575 Executing VM operation: HandshakeAllThreads
Event: 0.575 Executing VM operation: HandshakeAllThreads done
Event: 1.576 Executing VM operation: Cleanup
Event: 1.576 Executing VM operation: Cleanup done
Event: 3.598 Executing VM operation: Cleanup
Event: 3.598 Executing VM operation: Cleanup done
Event: 5.607 Executing VM operation: Cleanup
Event: 5.607 Executing VM operation: Cleanup done
Event: 6.620 Executing VM operation: Cleanup
Event: 6.620 Executing VM operation: Cleanup done
Event: 7.629 Executing VM operation: Cleanup
Event: 7.629 Executing VM operation: Cleanup done
Event: 9.643 Executing VM operation: Cleanup
Event: 9.643 Executing VM operation: Cleanup done
Event: 11.662 Executing VM operation: Cleanup
Event: 11.662 Executing VM operation: Cleanup done

Events (20 events):
Event: 0.014 Thread 0x0000017915c2c9c0 Thread added: 0x0000017915c2c9c0
Event: 0.025 Thread 0x000001793af67250 Thread added: 0x000001793af67250
Event: 0.025 Thread 0x000001793af67e20 Thread added: 0x000001793af67e20
Event: 0.025 Thread 0x000001793af6cf20 Thread added: 0x000001793af6cf20
Event: 0.025 Thread 0x000001793af6f960 Thread added: 0x000001793af6f960
Event: 0.025 Thread 0x000001793af72c90 Thread added: 0x000001793af72c90
Event: 0.025 Thread 0x000001793af70290 Thread added: 0x000001793af70290
Event: 0.025 Thread 0x000001793af77c80 Thread added: 0x000001793af77c80
Event: 0.026 Thread 0x000001793af7baf0 Thread added: 0x000001793af7baf0
Event: 0.026 Thread 0x000001793af84470 Thread added: 0x000001793af84470
Event: 0.047 Thread 0x000001793f1ceea0 Thread added: 0x000001793f1ceea0
Event: 0.074 Thread 0x000001793f237420 Thread added: 0x000001793f237420
Event: 0.081 Thread 0x0000017915b7d990 Thread added: 0x0000017915b7d990
Event: 0.155 Thread 0x000001793f2eaae0 Thread added: 0x000001793f2eaae0
Event: 0.156 Thread 0x000001793f2eb020 Thread added: 0x000001793f2eb020
Event: 0.157 Thread 0x000001793f46adf0 Thread added: 0x000001793f46adf0
Event: 0.246 Thread 0x000001793f4f1770 Thread added: 0x000001793f4f1770
Event: 0.304 Thread 0x0000017915c2c9c0 Thread exited: 0x0000017915c2c9c0
Event: 0.304 Thread 0x0000017915c2c9c0 Thread added: 0x0000017915c2c9c0
Event: 2.566 Thread 0x0000017915b7d990 Thread exited: 0x0000017915b7d990


Dynamic libraries:
0x00007ff72edf0000 - 0x00007ff72ee00000 	C:\Program Files\Java\jdk-19\bin\java.exe
0x00007fff89b90000 - 0x00007fff89da4000 	C:\WINDOWS\SYSTEM32\ntdll.dll
0x00007fff87e80000 - 0x00007fff87f42000 	C:\WINDOWS\System32\KERNEL32.DLL
0x00007fff86f90000 - 0x00007fff87333000 	C:\WINDOWS\System32\KERNELBASE.dll
0x00007fff87700000 - 0x00007fff87811000 	C:\WINDOWS\System32\ucrtbase.dll
0x00007fff772d0000 - 0x00007fff772eb000 	C:\Program Files\Java\jdk-19\bin\VCRUNTIME140.dll
0x00007fff56870000 - 0x00007fff56888000 	C:\Program Files\Java\jdk-19\bin\jli.dll
0x00007fff88540000 - 0x00007fff885ee000 	C:\WINDOWS\System32\ADVAPI32.dll
0x00007fff87cf0000 - 0x00007fff87d97000 	C:\WINDOWS\System32\msvcrt.dll
0x00007fff87c40000 - 0x00007fff87ce4000 	C:\WINDOWS\System32\sechost.dll
0x00007fff88420000 - 0x00007fff88537000 	C:\WINDOWS\System32\RPCRT4.dll
0x00007fff87a30000 - 0x00007fff87bda000 	C:\WINDOWS\System32\USER32.dll
0x00007fff87820000 - 0x00007fff87846000 	C:\WINDOWS\System32\win32u.dll
0x00007fff74a80000 - 0x00007fff74d0e000 	C:\WINDOWS\WinSxS\amd64_microsoft.windows.common-controls_6595b64144ccf1df_6.0.22621.1635_none_270f70857386168e\COMCTL32.dll
0x00007fff87a00000 - 0x00007fff87a29000 	C:\WINDOWS\System32\GDI32.dll
0x00007fff87850000 - 0x00007fff87969000 	C:\WINDOWS\System32\gdi32full.dll
0x00007fff87340000 - 0x00007fff873da000 	C:\WINDOWS\System32\msvcp_win.dll
0x00007fff7fac0000 - 0x00007fff7faca000 	C:\WINDOWS\SYSTEM32\VERSION.dll
0x00007fff87be0000 - 0x00007fff87c11000 	C:\WINDOWS\System32\IMM32.DLL
0x00007fff823a0000 - 0x00007fff823ac000 	C:\Program Files\Java\jdk-19\bin\vcruntime140_1.dll
0x00007fff5fce0000 - 0x00007fff5fd6e000 	C:\Program Files\Java\jdk-19\bin\msvcp140.dll
0x00007fff3d9b0000 - 0x00007fff3e670000 	C:\Program Files\Java\jdk-19\bin\server\jvm.dll
0x00007fff758c0000 - 0x00007fff758f4000 	C:\WINDOWS\SYSTEM32\WINMM.dll
0x00007fff682a0000 - 0x00007fff682a9000 	C:\WINDOWS\SYSTEM32\WSOCK32.dll
0x00007fff88d40000 - 0x00007fff88db1000 	C:\WINDOWS\System32\WS2_32.dll
0x00007fff860c0000 - 0x00007fff860d8000 	C:\WINDOWS\SYSTEM32\kernel.appcore.dll
0x00007fff7f870000 - 0x00007fff7f87a000 	C:\Program Files\Java\jdk-19\bin\jimage.dll
0x00007fff846e0000 - 0x00007fff8490e000 	C:\WINDOWS\SYSTEM32\DBGHELP.DLL
0x00007fff88090000 - 0x00007fff88419000 	C:\WINDOWS\System32\combase.dll
0x00007fff87f50000 - 0x00007fff88027000 	C:\WINDOWS\System32\OLEAUT32.dll
0x00007fff62d60000 - 0x00007fff62d92000 	C:\WINDOWS\SYSTEM32\dbgcore.DLL
0x00007fff87680000 - 0x00007fff876fa000 	C:\WINDOWS\System32\bcryptPrimitives.dll
0x00007fff74ff0000 - 0x00007fff75016000 	C:\Program Files\Java\jdk-19\bin\java.dll
0x00007fff5d6a0000 - 0x00007fff5d777000 	C:\Program Files\Java\jdk-19\bin\jsvml.dll
0x00007fff88f90000 - 0x00007fff89789000 	C:\WINDOWS\System32\SHELL32.dll
0x00007fff84f80000 - 0x00007fff8584e000 	C:\WINDOWS\SYSTEM32\windows.storage.dll
0x00007fff84e40000 - 0x00007fff84f7e000 	C:\WINDOWS\SYSTEM32\wintypes.dll
0x00007fff887c0000 - 0x00007fff888b1000 	C:\WINDOWS\System32\SHCORE.dll
0x00007fff87da0000 - 0x00007fff87dfe000 	C:\WINDOWS\System32\shlwapi.dll
0x00007fff86ec0000 - 0x00007fff86ee6000 	C:\WINDOWS\SYSTEM32\profapi.dll
0x00007fff75dc0000 - 0x00007fff75dd3000 	C:\Program Files\Java\jdk-19\bin\net.dll
0x00007fff809a0000 - 0x00007fff80ad7000 	C:\WINDOWS\SYSTEM32\WINHTTP.dll
0x00007fff86540000 - 0x00007fff865a9000 	C:\WINDOWS\system32\mswsock.dll
0x00007fff734e0000 - 0x00007fff734f6000 	C:\Program Files\Java\jdk-19\bin\nio.dll
0x00007fff71670000 - 0x00007fff71688000 	C:\Program Files\Java\jdk-19\bin\zip.dll
0x00007fff3d810000 - 0x00007fff3d9a1000 	C:\Program Files\Java\jdk-19\bin\awt.dll
0x00007fff83fd0000 - 0x00007fff84067000 	C:\WINDOWS\SYSTEM32\apphelp.dll
0x00007fff84410000 - 0x00007fff8443b000 	C:\WINDOWS\system32\DWMAPI.DLL
0x00007fff841b0000 - 0x00007fff8425b000 	C:\WINDOWS\system32\uxtheme.dll
0x00007fff714e0000 - 0x00007fff715e0000 	C:\WINDOWS\system32\opengl32.dll
0x00007fff760c0000 - 0x00007fff760ed000 	C:\WINDOWS\SYSTEM32\GLU32.dll
0x00007fff842c0000 - 0x00007fff842f8000 	C:\WINDOWS\SYSTEM32\dxcore.dll
0x00007fff897f0000 - 0x00007fff89917000 	C:\WINDOWS\System32\MSCTF.dll
0x00007fff89920000 - 0x00007fff89abc000 	C:\WINDOWS\System32\ole32.dll
0x00007fff565d0000 - 0x00007fff56656000 	C:\Program Files\Java\jdk-19\bin\freetype.dll
0x00007fff430e0000 - 0x00007fff43189000 	C:\Program Files\Java\jdk-19\bin\fontmanager.dll
0x00007fff72af0000 - 0x00007fff72c1d000 	C:\WINDOWS\SYSTEM32\textinputframework.dll
0x00007fff83cf0000 - 0x00007fff83e23000 	C:\WINDOWS\SYSTEM32\CoreMessaging.dll
0x00007fff7fb30000 - 0x00007fff7fe9c000 	C:\WINDOWS\SYSTEM32\CoreUIComponents.dll
0x00007fff867c0000 - 0x00007fff867cc000 	C:\WINDOWS\SYSTEM32\CRYPTBASE.DLL

dbghelp: loaded successfully - version: 4.0.5 - missing functions: none
symbol engine: initialized successfully - sym options: 0x614 - pdb path: .;C:\Program Files\Java\jdk-19\bin;C:\WINDOWS\SYSTEM32;C:\WINDOWS\WinSxS\amd64_microsoft.windows.common-controls_6595b64144ccf1df_6.0.22621.1635_none_270f70857386168e;C:\Program Files\Java\jdk-19\bin\server

VM Arguments:
jvm_args: -Dfile.encoding=UTF-8 --module-path=C:\Users\amitr\OneDrive\Pictures\Documents\NetBeansProjects\Bank Management System\build\classes 
java_command: bank.management.system.SignupThree
java_class_path (initial): C:\Users\amitr\OneDrive\Desktop\Bank management system\jcalendar-tz-1.3.3-4.jar;C:\Users\amitr\OneDrive\Desktop\Bank management system\mysql-connector-java-8.0.28.jar;C:\Users\amitr\OneDrive\Pictures\Documents\NetBeansProjects\Bank Management System\build\classes
Launcher Type: SUN_STANDARD

[Global flags]
     intx CICompilerCount                          = 4                                         {product} {ergonomic}
     uint ConcGCThreads                            = 2                                         {product} {ergonomic}
     uint G1ConcRefinementThreads                  = 8                                         {product} {ergonomic}
   size_t G1HeapRegionSize                         = 2097152                                   {product} {ergonomic}
    uintx GCDrainStackTargetSize                   = 64                                        {product} {ergonomic}
   size_t InitialHeapSize                          = 266338304                                 {product} {ergonomic}
   size_t MarkStackSize                            = 4194304                                   {product} {ergonomic}
   size_t MaxHeapSize                              = 4250927104                                {product} {ergonomic}
   size_t MaxNewSize                               = 2550136832                                {product} {ergonomic}
   size_t MinHeapDeltaBytes                        = 2097152                                   {product} {ergonomic}
   size_t MinHeapSize                              = 8388608                                   {product} {ergonomic}
    uintx NonNMethodCodeHeapSize                   = 5839372                                {pd product} {ergonomic}
    uintx NonProfiledCodeHeapSize                  = 122909434                              {pd product} {ergonomic}
    uintx ProfiledCodeHeapSize                     = 122909434                              {pd product} {ergonomic}
    uintx ReservedCodeCacheSize                    = 251658240                              {pd product} {ergonomic}
     bool SegmentedCodeCache                       = true                                      {product} {ergonomic}
   size_t SoftMaxHeapSize                          = 4250927104                             {manageable} {ergonomic}
     bool UseCompressedClassPointers               = true                           {product lp64_product} {ergonomic}
     bool UseCompressedOops                        = true                           {product lp64_product} {ergonomic}
     bool UseG1GC                                  = true                                      {product} {ergonomic}
     bool UseLargePagesIndividualAllocation        = false                                  {pd product} {ergonomic}

Logging:
Log output configuration:
 #0: stdout all=warning uptime,level,tags foldmultilines=false
 #1: stderr all=off uptime,level,tags foldmultilines=false

Environment Variables:
JAVA_HOME=C:\Program Files\Java\jdk-19
PATH=C:\Python3.11.1\Scripts\;C:\Python3.11.1\;C:\Program Files\Common Files\Oracle\Java\javapath;C:\Windows\system32;C:\Windows;C:\Windows\System32\Wbem;C:\Windows\System32\WindowsPowerShell\v1.0\;C:\Windows\System32\OpenSSH\;C:\Program Files (x86)\NVIDIA Corporation\PhysX\Common;C:\Program Files\NVIDIA Corporation\NVIDIA NvDLISR;C:\Program Files\Microsoft SQL Server\150\Tools\Binn\;C:\msys64\mingw64\bin;C:\WINDOWS\system32;C:\WINDOWS;C:\WINDOWS\System32\Wbem;C:\WINDOWS\System32\WindowsPowerShell\v1.0\;C:\WINDOWS\System32\OpenSSH\;C:\Program Files\Java\jdk-19\bin;C:\msys64\mingw64\bin;C:\Program Files\dotnet\;C:\Program Files\PowerShell\7\;C:\Program Files\MySQL\MySQL Server 8.0\bin;C:\Program Files\MySQL\MySQL Shell 8.0\bin\;C:\Users\amitr\AppData\Local\Microsoft\WindowsApps;C:\Users\amitr\AppData\Local\Programs\Microsoft VS Code\bin;;C:\Program Files\JetBrains\PyCharm Community Edition 2022.2.4\bin;
USERNAME=amitr
OS=Windows_NT
PROCESSOR_IDENTIFIER=Intel64 Family 6 Model 165 Stepping 2, GenuineIntel
TMP=C:\Users\amitr\AppData\Local\Temp
TEMP=C:\Users\amitr\AppData\Local\Temp



---------------  S Y S T E M  ---------------

OS:
 Windows 11 , 64 bit Build 22621 (10.0.22621.1928)
OS uptime: 7 days 0:52 hours

CPU: total 8 (initial active 8) (4 cores per cpu, 2 threads per core) family 6 model 165 stepping 2 microcode 0xea, cx8, cmov, fxsr, ht, mmx, 3dnowpref, sse, sse2, sse3, ssse3, sse4.1, sse4.2, popcnt, lzcnt, tsc, tscinvbit, avx, avx2, aes, erms, clmul, bmi1, bmi2, adx, fma, vzeroupper, clflush, clflushopt, rdtscp

Memory: 4k page, system-wide physical 16215M (4802M free)
TotalPageFile size 46540M (AvailPageFile size 0M)
current process WorkingSet (physical memory assigned to process): 68M, peak: 86M
current process commit charge ("private bytes"): 352M, peak: 371M

vm_info: Java HotSpot(TM) 64-Bit Server VM (19+36-2238) for windows-amd64 JRE (19+36-2238), built on 2022-08-12T20:29:01Z by "mach5one" with MS VC++ 17.1 (VS2022)

END.
