#
# There is insufficient memory for the Java Runtime Environment to continue.
# Native memory allocation (malloc) failed to allocate 32744 bytes for Chunk::new
# Possible reasons:
#   The system is out of physical RAM or swap space
#   The process is running with CompressedOops enabled, and the Java Heap may be blocking the growth of the native heap
# Possible solutions:
#   Reduce memory load on the system
#   Increase physical memory or swap space
#   Check if swap backing store is full
#   Decrease Java heap size (-Xmx/-Xms)
#   Decrease number of Java threads
#   Decrease Java thread stack sizes (-Xss)
#   Set larger code cache with -XX:ReservedCodeCacheSize=
#   JVM is running with Zero Based Compressed Oops mode in which the Java heap is
#     placed in the first 32GB address space. The Java Heap base address is the
#     maximum limit for the native heap growth. Please use -XX:HeapBaseMinAddress
#     to set the Java Heap base and to place the Java Heap above 32GB virtual address.
# This output file may be truncated or incomplete.
#
#  Out of Memory Error (arena.cpp:184), pid=7384, tid=32960
#
# JRE version: Java(TM) SE Runtime Environment (19.0+36) (build 19+36-2238)
# Java VM: Java HotSpot(TM) 64-Bit Server VM (19+36-2238, mixed mode, sharing, tiered, compressed oops, compressed class ptrs, g1 gc, windows-amd64)
# No core dump will be written. Minidumps are not enabled by default on client versions of Windows
#

---------------  S U M M A R Y ------------

Command Line: -Dfile.encoding=UTF-8 --module-path=C:\Users\amitr\OneDrive\Pictures\Documents\NetBeansProjects\Bank Management System\build\classes bank.management.system.SignupThree

Host: Intel(R) Core(TM) i5-10300H CPU @ 2.50GHz, 8 cores, 15G,  Windows 11 , 64 bit Build 22621 (10.0.22621.1928)
Time: Fri Jul 28 02:03:12 2023 India Standard Time elapsed time: 3161.041001 seconds (0d 0h 52m 41s)

---------------  T H R E A D  ---------------

Current thread (0x000001d067d07210):  JavaThread "C2 CompilerThread0" daemon [_thread_in_native, id=32960, stack(0x00000001fbb00000,0x00000001fbc00000)]


Current CompileTask:
C2:3161041 1165       4       java.util.Arrays::binarySearch0 (95 bytes)

Stack: [0x00000001fbb00000,0x00000001fbc00000]
Native frames: (J=compiled Java code, j=interpreted, Vv=VM code, C=native code)
V  [jvm.dll+0x6ee8fa]
V  [jvm.dll+0x857a1e]
V  [jvm.dll+0x85940e]
V  [jvm.dll+0x859ac3]
V  [jvm.dll+0x28291f]
V  [jvm.dll+0xc9b5f]
V  [jvm.dll+0xc9ee5]
V  [jvm.dll+0xc9c84]
V  [jvm.dll+0x6cdeba]
V  [jvm.dll+0x91d48]
V  [jvm.dll+0x39c30d]
V  [jvm.dll+0x3a1a85]
V  [jvm.dll+0x396190]
V  [jvm.dll+0x70b080]
V  [jvm.dll+0x70434c]
V  [jvm.dll+0x705a37]
V  [jvm.dll+0x70920b]
V  [jvm.dll+0x701356]
V  [jvm.dll+0x7009a1]
V  [jvm.dll+0x6fe883]
V  [jvm.dll+0x1d9eec]
V  [jvm.dll+0x24b223]
V  [jvm.dll+0x1d6d61]
V  [jvm.dll+0x25b0fa]
V  [jvm.dll+0x259588]
V  [jvm.dll+0x807928]
V  [jvm.dll+0x8015fa]
V  [jvm.dll+0x6ed5eb]
C  [ucrtbase.dll+0x29363]
C  [KERNEL32.DLL+0x126ad]
C  [ntdll.dll+0x5aa68]


---------------  P R O C E S S  ---------------

Threads class SMR info:
_java_thread_list=0x000001d06dfa49d0, length=16, elements={
0x000001d067cd2540, 0x000001d067cd3180, 0x000001d067cd6860, 0x000001d067cd7b30,
0x000001d067cdac10, 0x000001d067cdec70, 0x000001d067d07210, 0x000001d067d0bb90,
0x000001d067d0c500, 0x000001d06c0b20a0, 0x000001d06c1ab7b0, 0x000001d06c292c40,
0x000001d06c37ed80, 0x000001d06c3849c0, 0x000001d06c3e5d40, 0x000001d044977650
}

Java Threads: ( => current thread )
  0x000001d067cd2540 JavaThread "Reference Handler" daemon [_thread_blocked, id=28320, stack(0x00000001fb500000,0x00000001fb600000)]
  0x000001d067cd3180 JavaThread "Finalizer" daemon [_thread_blocked, id=31788, stack(0x00000001fb600000,0x00000001fb700000)]
  0x000001d067cd6860 JavaThread "Signal Dispatcher" daemon [_thread_blocked, id=29280, stack(0x00000001fb700000,0x00000001fb800000)]
  0x000001d067cd7b30 JavaThread "Attach Listener" daemon [_thread_blocked, id=24608, stack(0x00000001fb800000,0x00000001fb900000)]
  0x000001d067cdac10 JavaThread "Service Thread" daemon [_thread_blocked, id=22780, stack(0x00000001fb900000,0x00000001fba00000)]
  0x000001d067cdec70 JavaThread "Monitor Deflation Thread" daemon [_thread_blocked, id=19660, stack(0x00000001fba00000,0x00000001fbb00000)]
=>0x000001d067d07210 JavaThread "C2 CompilerThread0" daemon [_thread_in_native, id=32960, stack(0x00000001fbb00000,0x00000001fbc00000)]
  0x000001d067d0bb90 JavaThread "C1 CompilerThread0" daemon [_thread_blocked, id=25080, stack(0x00000001fbc00000,0x00000001fbd00000)]
  0x000001d067d0c500 JavaThread "Sweeper thread" daemon [_thread_blocked, id=20112, stack(0x00000001fbd00000,0x00000001fbe00000)]
  0x000001d06c0b20a0 JavaThread "Common-Cleaner" daemon [_thread_blocked, id=15720, stack(0x00000001fbe00000,0x00000001fbf00000)]
  0x000001d06c1ab7b0 JavaThread "Notification Thread" daemon [_thread_blocked, id=30084, stack(0x00000001fbf00000,0x00000001fc000000)]
  0x000001d06c292c40 JavaThread "Java2D Disposer" daemon [_thread_blocked, id=24216, stack(0x00000001fc200000,0x00000001fc300000)]
  0x000001d06c37ed80 JavaThread "AWT-Shutdown" [_thread_blocked, id=35660, stack(0x00000001fc300000,0x00000001fc400000)]
  0x000001d06c3849c0 JavaThread "AWT-Windows" daemon [_thread_in_native, id=24756, stack(0x00000001fc400000,0x00000001fc500000)]
  0x000001d06c3e5d40 JavaThread "AWT-EventQueue-0" [_thread_blocked, id=26120, stack(0x00000001fc500000,0x00000001fc600000)]
  0x000001d044977650 JavaThread "DestroyJavaVM" [_thread_blocked, id=24076, stack(0x00000001fae00000,0x00000001faf00000)]

Other Threads:
  0x000001d067cb9340 VMThread "VM Thread" [stack: 0x00000001fb400000,0x00000001fb500000] [id=3540]
  0x000001d06c1b2110 WatcherThread "VM Periodic Task Thread" [stack: 0x00000001fc000000,0x00000001fc100000] [id=1952]
  0x000001d0449ea3c0 WorkerThread "GC Thread#0" [stack: 0x00000001faf00000,0x00000001fb000000] [id=18664]
  0x000001d0449fb070 ConcurrentGCThread "G1 Main Marker" [stack: 0x00000001fb000000,0x00000001fb100000] [id=21792]
  0x000001d0449fc5b0 WorkerThread "G1 Conc#0" [stack: 0x00000001fb100000,0x00000001fb200000] [id=18220]
  0x000001d044a3e6f0 ConcurrentGCThread "G1 Refine#0" [stack: 0x00000001fb200000,0x00000001fb300000] [id=36632]
  0x000001d067b75680 ConcurrentGCThread "G1 Service" [stack: 0x00000001fb300000,0x00000001fb400000] [id=17152]

Threads with active compile tasks:
C2 CompilerThread0  3161126 1165       4       java.util.Arrays::binarySearch0 (95 bytes)

VM state: not at safepoint (normal execution)

VM Mutex/Monitor currently owned by a thread: None

Heap address: 0x0000000702a00000, size: 4054 MB, Compressed Oops mode: Zero based, Oop shift amount: 3

CDS archive(s) mapped at: [0x0000000800000000-0x0000000800c40000-0x0000000800c40000), size 12845056, SharedBaseAddress: 0x0000000800000000, ArchiveRelocationMode: 0.
Compressed class space mapped at: 0x0000000801000000-0x0000000841000000, reserved size: 1073741824
Narrow klass base: 0x0000000800000000, Narrow klass shift: 0, Narrow klass range: 0x100000000

GC Precious Log:
 CardTable entry size: 512
 Card Set container configuration: InlinePtr #cards 4 size 8 Array Of Cards #cards 8 size 32 Howl #buckets 8 coarsen threshold 3686 Howl Bitmap #cards 512 size 80 coarsen threshold 460 Card regions per heap region 1 cards per card region 4096
 CPUs: 8 total, 8 available
 Memory: 16215M
 Large Page Support: Disabled
 NUMA Support: Disabled
 Compressed Oops: Enabled (Zero based)
 Heap Region Size: 2M
 Heap Min Capacity: 8M
 Heap Initial Capacity: 254M
 Heap Max Capacity: 4054M
 Pre-touch: Disabled
 Parallel Workers: 8
 Concurrent Workers: 2
 Concurrent Refinement Workers: 8
 Periodic GC: Disabled

Heap:
 garbage-first heap   total 260096K, used 20480K [0x0000000702a00000, 0x0000000800000000)
  region size 2048K, 9 young (18432K), 0 survivors (0K)
 Metaspace       used 7046K, committed 7232K, reserved 1114112K
  class space    used 730K, committed 832K, reserved 1048576K

Heap Regions: E=young(eden), S=young(survivor), O=old, HS=humongous(starts), HC=humongous(continues), CS=collection set, F=free, OA=open archive, CA=closed archive, TAMS=top-at-mark-start (previous, next)
|   0|0x0000000702a00000, 0x0000000702c00000, 0x0000000702c00000|100%|HS|  |TAMS 0x0000000702a00000, 0x0000000702a00000| Complete 
|   1|0x0000000702c00000, 0x0000000702e00000, 0x0000000702e00000|100%|HC|  |TAMS 0x0000000702c00000, 0x0000000702c00000| Complete 
|   2|0x0000000702e00000, 0x0000000702e00000, 0x0000000703000000|  0%| F|  |TAMS 0x0000000702e00000, 0x0000000702e00000| Untracked 
|   3|0x0000000703000000, 0x0000000703000000, 0x0000000703200000|  0%| F|  |TAMS 0x0000000703000000, 0x0000000703000000| Untracked 
|   4|0x0000000703200000, 0x0000000703200000, 0x0000000703400000|  0%| F|  |TAMS 0x0000000703200000, 0x0000000703200000| Untracked 
|   5|0x0000000703400000, 0x0000000703400000, 0x0000000703600000|  0%| F|  |TAMS 0x0000000703400000, 0x0000000703400000| Untracked 
|   6|0x0000000703600000, 0x0000000703600000, 0x0000000703800000|  0%| F|  |TAMS 0x0000000703600000, 0x0000000703600000| Untracked 
|   7|0x0000000703800000, 0x0000000703800000, 0x0000000703a00000|  0%| F|  |TAMS 0x0000000703800000, 0x0000000703800000| Untracked 
|   8|0x0000000703a00000, 0x0000000703a00000, 0x0000000703c00000|  0%| F|  |TAMS 0x0000000703a00000, 0x0000000703a00000| Untracked 
|   9|0x0000000703c00000, 0x0000000703c00000, 0x0000000703e00000|  0%| F|  |TAMS 0x0000000703c00000, 0x0000000703c00000| Untracked 
|  10|0x0000000703e00000, 0x0000000703e00000, 0x0000000704000000|  0%| F|  |TAMS 0x0000000703e00000, 0x0000000703e00000| Untracked 
|  11|0x0000000704000000, 0x0000000704000000, 0x0000000704200000|  0%| F|  |TAMS 0x0000000704000000, 0x0000000704000000| Untracked 
|  12|0x0000000704200000, 0x0000000704200000, 0x0000000704400000|  0%| F|  |TAMS 0x0000000704200000, 0x0000000704200000| Untracked 
|  13|0x0000000704400000, 0x0000000704400000, 0x0000000704600000|  0%| F|  |TAMS 0x0000000704400000, 0x0000000704400000| Untracked 
|  14|0x0000000704600000, 0x0000000704600000, 0x0000000704800000|  0%| F|  |TAMS 0x0000000704600000, 0x0000000704600000| Untracked 
|  15|0x0000000704800000, 0x0000000704800000, 0x0000000704a00000|  0%| F|  |TAMS 0x0000000704800000, 0x0000000704800000| Untracked 
|  16|0x0000000704a00000, 0x0000000704a00000, 0x0000000704c00000|  0%| F|  |TAMS 0x0000000704a00000, 0x0000000704a00000| Untracked 
|  17|0x0000000704c00000, 0x0000000704c00000, 0x0000000704e00000|  0%| F|  |TAMS 0x0000000704c00000, 0x0000000704c00000| Untracked 
|  18|0x0000000704e00000, 0x0000000704e00000, 0x0000000705000000|  0%| F|  |TAMS 0x0000000704e00000, 0x0000000704e00000| Untracked 
|  19|0x0000000705000000, 0x0000000705000000, 0x0000000705200000|  0%| F|  |TAMS 0x0000000705000000, 0x0000000705000000| Untracked 
|  20|0x0000000705200000, 0x0000000705200000, 0x0000000705400000|  0%| F|  |TAMS 0x0000000705200000, 0x0000000705200000| Untracked 
|  21|0x0000000705400000, 0x0000000705400000, 0x0000000705600000|  0%| F|  |TAMS 0x0000000705400000, 0x0000000705400000| Untracked 
|  22|0x0000000705600000, 0x0000000705600000, 0x0000000705800000|  0%| F|  |TAMS 0x0000000705600000, 0x0000000705600000| Untracked 
|  23|0x0000000705800000, 0x0000000705800000, 0x0000000705a00000|  0%| F|  |TAMS 0x0000000705800000, 0x0000000705800000| Untracked 
|  24|0x0000000705a00000, 0x0000000705a00000, 0x0000000705c00000|  0%| F|  |TAMS 0x0000000705a00000, 0x0000000705a00000| Untracked 
|  25|0x0000000705c00000, 0x0000000705c00000, 0x0000000705e00000|  0%| F|  |TAMS 0x0000000705c00000, 0x0000000705c00000| Untracked 
|  26|0x0000000705e00000, 0x0000000705e00000, 0x0000000706000000|  0%| F|  |TAMS 0x0000000705e00000, 0x0000000705e00000| Untracked 
|  27|0x0000000706000000, 0x0000000706000000, 0x0000000706200000|  0%| F|  |TAMS 0x0000000706000000, 0x0000000706000000| Untracked 
|  28|0x0000000706200000, 0x0000000706200000, 0x0000000706400000|  0%| F|  |TAMS 0x0000000706200000, 0x0000000706200000| Untracked 
|  29|0x0000000706400000, 0x0000000706400000, 0x0000000706600000|  0%| F|  |TAMS 0x0000000706400000, 0x0000000706400000| Untracked 
|  30|0x0000000706600000, 0x0000000706600000, 0x0000000706800000|  0%| F|  |TAMS 0x0000000706600000, 0x0000000706600000| Untracked 
|  31|0x0000000706800000, 0x0000000706800000, 0x0000000706a00000|  0%| F|  |TAMS 0x0000000706800000, 0x0000000706800000| Untracked 
|  32|0x0000000706a00000, 0x0000000706a00000, 0x0000000706c00000|  0%| F|  |TAMS 0x0000000706a00000, 0x0000000706a00000| Untracked 
|  33|0x0000000706c00000, 0x0000000706c00000, 0x0000000706e00000|  0%| F|  |TAMS 0x0000000706c00000, 0x0000000706c00000| Untracked 
|  34|0x0000000706e00000, 0x0000000706e00000, 0x0000000707000000|  0%| F|  |TAMS 0x0000000706e00000, 0x0000000706e00000| Untracked 
|  35|0x0000000707000000, 0x0000000707000000, 0x0000000707200000|  0%| F|  |TAMS 0x0000000707000000, 0x0000000707000000| Untracked 
|  36|0x0000000707200000, 0x0000000707200000, 0x0000000707400000|  0%| F|  |TAMS 0x0000000707200000, 0x0000000707200000| Untracked 
|  37|0x0000000707400000, 0x0000000707400000, 0x0000000707600000|  0%| F|  |TAMS 0x0000000707400000, 0x0000000707400000| Untracked 
|  38|0x0000000707600000, 0x0000000707600000, 0x0000000707800000|  0%| F|  |TAMS 0x0000000707600000, 0x0000000707600000| Untracked 
|  39|0x0000000707800000, 0x0000000707800000, 0x0000000707a00000|  0%| F|  |TAMS 0x0000000707800000, 0x0000000707800000| Untracked 
|  40|0x0000000707a00000, 0x0000000707a00000, 0x0000000707c00000|  0%| F|  |TAMS 0x0000000707a00000, 0x0000000707a00000| Untracked 
|  41|0x0000000707c00000, 0x0000000707c00000, 0x0000000707e00000|  0%| F|  |TAMS 0x0000000707c00000, 0x0000000707c00000| Untracked 
|  42|0x0000000707e00000, 0x0000000707e00000, 0x0000000708000000|  0%| F|  |TAMS 0x0000000707e00000, 0x0000000707e00000| Untracked 
|  43|0x0000000708000000, 0x0000000708000000, 0x0000000708200000|  0%| F|  |TAMS 0x0000000708000000, 0x0000000708000000| Untracked 
|  44|0x0000000708200000, 0x0000000708200000, 0x0000000708400000|  0%| F|  |TAMS 0x0000000708200000, 0x0000000708200000| Untracked 
|  45|0x0000000708400000, 0x0000000708400000, 0x0000000708600000|  0%| F|  |TAMS 0x0000000708400000, 0x0000000708400000| Untracked 
|  46|0x0000000708600000, 0x0000000708600000, 0x0000000708800000|  0%| F|  |TAMS 0x0000000708600000, 0x0000000708600000| Untracked 
|  47|0x0000000708800000, 0x0000000708800000, 0x0000000708a00000|  0%| F|  |TAMS 0x0000000708800000, 0x0000000708800000| Untracked 
|  48|0x0000000708a00000, 0x0000000708a00000, 0x0000000708c00000|  0%| F|  |TAMS 0x0000000708a00000, 0x0000000708a00000| Untracked 
|  49|0x0000000708c00000, 0x0000000708c00000, 0x0000000708e00000|  0%| F|  |TAMS 0x0000000708c00000, 0x0000000708c00000| Untracked 
|  50|0x0000000708e00000, 0x0000000708e00000, 0x0000000709000000|  0%| F|  |TAMS 0x0000000708e00000, 0x0000000708e00000| Untracked 
|  51|0x0000000709000000, 0x0000000709000000, 0x0000000709200000|  0%| F|  |TAMS 0x0000000709000000, 0x0000000709000000| Untracked 
|  52|0x0000000709200000, 0x0000000709200000, 0x0000000709400000|  0%| F|  |TAMS 0x0000000709200000, 0x0000000709200000| Untracked 
|  53|0x0000000709400000, 0x0000000709400000, 0x0000000709600000|  0%| F|  |TAMS 0x0000000709400000, 0x0000000709400000| Untracked 
|  54|0x0000000709600000, 0x0000000709600000, 0x0000000709800000|  0%| F|  |TAMS 0x0000000709600000, 0x0000000709600000| Untracked 
|  55|0x0000000709800000, 0x0000000709800000, 0x0000000709a00000|  0%| F|  |TAMS 0x0000000709800000, 0x0000000709800000| Untracked 
|  56|0x0000000709a00000, 0x0000000709a00000, 0x0000000709c00000|  0%| F|  |TAMS 0x0000000709a00000, 0x0000000709a00000| Untracked 
|  57|0x0000000709c00000, 0x0000000709c00000, 0x0000000709e00000|  0%| F|  |TAMS 0x0000000709c00000, 0x0000000709c00000| Untracked 
|  58|0x0000000709e00000, 0x0000000709e00000, 0x000000070a000000|  0%| F|  |TAMS 0x0000000709e00000, 0x0000000709e00000| Untracked 
|  59|0x000000070a000000, 0x000000070a000000, 0x000000070a200000|  0%| F|  |TAMS 0x000000070a000000, 0x000000070a000000| Untracked 
|  60|0x000000070a200000, 0x000000070a200000, 0x000000070a400000|  0%| F|  |TAMS 0x000000070a200000, 0x000000070a200000| Untracked 
|  61|0x000000070a400000, 0x000000070a400000, 0x000000070a600000|  0%| F|  |TAMS 0x000000070a400000, 0x000000070a400000| Untracked 
|  62|0x000000070a600000, 0x000000070a600000, 0x000000070a800000|  0%| F|  |TAMS 0x000000070a600000, 0x000000070a600000| Untracked 
|  63|0x000000070a800000, 0x000000070a800000, 0x000000070aa00000|  0%| F|  |TAMS 0x000000070a800000, 0x000000070a800000| Untracked 
|  64|0x000000070aa00000, 0x000000070aa00000, 0x000000070ac00000|  0%| F|  |TAMS 0x000000070aa00000, 0x000000070aa00000| Untracked 
|  65|0x000000070ac00000, 0x000000070ac00000, 0x000000070ae00000|  0%| F|  |TAMS 0x000000070ac00000, 0x000000070ac00000| Untracked 
|  66|0x000000070ae00000, 0x000000070ae00000, 0x000000070b000000|  0%| F|  |TAMS 0x000000070ae00000, 0x000000070ae00000| Untracked 
|  67|0x000000070b000000, 0x000000070b000000, 0x000000070b200000|  0%| F|  |TAMS 0x000000070b000000, 0x000000070b000000| Untracked 
|  68|0x000000070b200000, 0x000000070b200000, 0x000000070b400000|  0%| F|  |TAMS 0x000000070b200000, 0x000000070b200000| Untracked 
|  69|0x000000070b400000, 0x000000070b400000, 0x000000070b600000|  0%| F|  |TAMS 0x000000070b400000, 0x000000070b400000| Untracked 
|  70|0x000000070b600000, 0x000000070b600000, 0x000000070b800000|  0%| F|  |TAMS 0x000000070b600000, 0x000000070b600000| Untracked 
|  71|0x000000070b800000, 0x000000070b800000, 0x000000070ba00000|  0%| F|  |TAMS 0x000000070b800000, 0x000000070b800000| Untracked 
|  72|0x000000070ba00000, 0x000000070ba00000, 0x000000070bc00000|  0%| F|  |TAMS 0x000000070ba00000, 0x000000070ba00000| Untracked 
|  73|0x000000070bc00000, 0x000000070bc00000, 0x000000070be00000|  0%| F|  |TAMS 0x000000070bc00000, 0x000000070bc00000| Untracked 
|  74|0x000000070be00000, 0x000000070be00000, 0x000000070c000000|  0%| F|  |TAMS 0x000000070be00000, 0x000000070be00000| Untracked 
|  75|0x000000070c000000, 0x000000070c000000, 0x000000070c200000|  0%| F|  |TAMS 0x000000070c000000, 0x000000070c000000| Untracked 
|  76|0x000000070c200000, 0x000000070c200000, 0x000000070c400000|  0%| F|  |TAMS 0x000000070c200000, 0x000000070c200000| Untracked 
|  77|0x000000070c400000, 0x000000070c400000, 0x000000070c600000|  0%| F|  |TAMS 0x000000070c400000, 0x000000070c400000| Untracked 
|  78|0x000000070c600000, 0x000000070c600000, 0x000000070c800000|  0%| F|  |TAMS 0x000000070c600000, 0x000000070c600000| Untracked 
|  79|0x000000070c800000, 0x000000070c800000, 0x000000070ca00000|  0%| F|  |TAMS 0x000000070c800000, 0x000000070c800000| Untracked 
|  80|0x000000070ca00000, 0x000000070ca00000, 0x000000070cc00000|  0%| F|  |TAMS 0x000000070ca00000, 0x000000070ca00000| Untracked 
|  81|0x000000070cc00000, 0x000000070cc00000, 0x000000070ce00000|  0%| F|  |TAMS 0x000000070cc00000, 0x000000070cc00000| Untracked 
|  82|0x000000070ce00000, 0x000000070ce00000, 0x000000070d000000|  0%| F|  |TAMS 0x000000070ce00000, 0x000000070ce00000| Untracked 
|  83|0x000000070d000000, 0x000000070d000000, 0x000000070d200000|  0%| F|  |TAMS 0x000000070d000000, 0x000000070d000000| Untracked 
|  84|0x000000070d200000, 0x000000070d200000, 0x000000070d400000|  0%| F|  |TAMS 0x000000070d200000, 0x000000070d200000| Untracked 
|  85|0x000000070d400000, 0x000000070d400000, 0x000000070d600000|  0%| F|  |TAMS 0x000000070d400000, 0x000000070d400000| Untracked 
|  86|0x000000070d600000, 0x000000070d600000, 0x000000070d800000|  0%| F|  |TAMS 0x000000070d600000, 0x000000070d600000| Untracked 
|  87|0x000000070d800000, 0x000000070d800000, 0x000000070da00000|  0%| F|  |TAMS 0x000000070d800000, 0x000000070d800000| Untracked 
|  88|0x000000070da00000, 0x000000070da00000, 0x000000070dc00000|  0%| F|  |TAMS 0x000000070da00000, 0x000000070da00000| Untracked 
|  89|0x000000070dc00000, 0x000000070dc00000, 0x000000070de00000|  0%| F|  |TAMS 0x000000070dc00000, 0x000000070dc00000| Untracked 
|  90|0x000000070de00000, 0x000000070de00000, 0x000000070e000000|  0%| F|  |TAMS 0x000000070de00000, 0x000000070de00000| Untracked 
|  91|0x000000070e000000, 0x000000070e000000, 0x000000070e200000|  0%| F|  |TAMS 0x000000070e000000, 0x000000070e000000| Untracked 
|  92|0x000000070e200000, 0x000000070e200000, 0x000000070e400000|  0%| F|  |TAMS 0x000000070e200000, 0x000000070e200000| Untracked 
|  93|0x000000070e400000, 0x000000070e400000, 0x000000070e600000|  0%| F|  |TAMS 0x000000070e400000, 0x000000070e400000| Untracked 
|  94|0x000000070e600000, 0x000000070e600000, 0x000000070e800000|  0%| F|  |TAMS 0x000000070e600000, 0x000000070e600000| Untracked 
|  95|0x000000070e800000, 0x000000070e800000, 0x000000070ea00000|  0%| F|  |TAMS 0x000000070e800000, 0x000000070e800000| Untracked 
|  96|0x000000070ea00000, 0x000000070ea00000, 0x000000070ec00000|  0%| F|  |TAMS 0x000000070ea00000, 0x000000070ea00000| Untracked 
|  97|0x000000070ec00000, 0x000000070ec00000, 0x000000070ee00000|  0%| F|  |TAMS 0x000000070ec00000, 0x000000070ec00000| Untracked 
|  98|0x000000070ee00000, 0x000000070ee00000, 0x000000070f000000|  0%| F|  |TAMS 0x000000070ee00000, 0x000000070ee00000| Untracked 
|  99|0x000000070f000000, 0x000000070f000000, 0x000000070f200000|  0%| F|  |TAMS 0x000000070f000000, 0x000000070f000000| Untracked 
| 100|0x000000070f200000, 0x000000070f200000, 0x000000070f400000|  0%| F|  |TAMS 0x000000070f200000, 0x000000070f200000| Untracked 
| 101|0x000000070f400000, 0x000000070f400000, 0x000000070f600000|  0%| F|  |TAMS 0x000000070f400000, 0x000000070f400000| Untracked 
| 102|0x000000070f600000, 0x000000070f600000, 0x000000070f800000|  0%| F|  |TAMS 0x000000070f600000, 0x000000070f600000| Untracked 
| 103|0x000000070f800000, 0x000000070f800000, 0x000000070fa00000|  0%| F|  |TAMS 0x000000070f800000, 0x000000070f800000| Untracked 
| 104|0x000000070fa00000, 0x000000070fa00000, 0x000000070fc00000|  0%| F|  |TAMS 0x000000070fa00000, 0x000000070fa00000| Untracked 
| 105|0x000000070fc00000, 0x000000070fc00000, 0x000000070fe00000|  0%| F|  |TAMS 0x000000070fc00000, 0x000000070fc00000| Untracked 
| 106|0x000000070fe00000, 0x000000070fe00000, 0x0000000710000000|  0%| F|  |TAMS 0x000000070fe00000, 0x000000070fe00000| Untracked 
| 107|0x0000000710000000, 0x0000000710000000, 0x0000000710200000|  0%| F|  |TAMS 0x0000000710000000, 0x0000000710000000| Untracked 
| 108|0x0000000710200000, 0x0000000710200000, 0x0000000710400000|  0%| F|  |TAMS 0x0000000710200000, 0x0000000710200000| Untracked 
| 109|0x0000000710400000, 0x0000000710400000, 0x0000000710600000|  0%| F|  |TAMS 0x0000000710400000, 0x0000000710400000| Untracked 
| 110|0x0000000710600000, 0x0000000710600000, 0x0000000710800000|  0%| F|  |TAMS 0x0000000710600000, 0x0000000710600000| Untracked 
| 111|0x0000000710800000, 0x0000000710800000, 0x0000000710a00000|  0%| F|  |TAMS 0x0000000710800000, 0x0000000710800000| Untracked 
| 112|0x0000000710a00000, 0x0000000710a00000, 0x0000000710c00000|  0%| F|  |TAMS 0x0000000710a00000, 0x0000000710a00000| Untracked 
| 113|0x0000000710c00000, 0x0000000710c00000, 0x0000000710e00000|  0%| F|  |TAMS 0x0000000710c00000, 0x0000000710c00000| Untracked 
| 114|0x0000000710e00000, 0x0000000710e00000, 0x0000000711000000|  0%| F|  |TAMS 0x0000000710e00000, 0x0000000710e00000| Untracked 
| 115|0x0000000711000000, 0x0000000711000000, 0x0000000711200000|  0%| F|  |TAMS 0x0000000711000000, 0x0000000711000000| Untracked 
| 116|0x0000000711200000, 0x0000000711200000, 0x0000000711400000|  0%| F|  |TAMS 0x0000000711200000, 0x0000000711200000| Untracked 
| 117|0x0000000711400000, 0x0000000711400000, 0x0000000711600000|  0%| F|  |TAMS 0x0000000711400000, 0x0000000711400000| Untracked 
| 118|0x0000000711600000, 0x00000007117c42b0, 0x0000000711800000| 88%| E|  |TAMS 0x0000000711600000, 0x0000000711600000| Complete 
| 119|0x0000000711800000, 0x0000000711a00000, 0x0000000711a00000|100%| E|CS|TAMS 0x0000000711800000, 0x0000000711800000| Complete 
| 120|0x0000000711a00000, 0x0000000711c00000, 0x0000000711c00000|100%| E|CS|TAMS 0x0000000711a00000, 0x0000000711a00000| Complete 
| 121|0x0000000711c00000, 0x0000000711e00000, 0x0000000711e00000|100%| E|CS|TAMS 0x0000000711c00000, 0x0000000711c00000| Complete 
| 122|0x0000000711e00000, 0x0000000712000000, 0x0000000712000000|100%| E|CS|TAMS 0x0000000711e00000, 0x0000000711e00000| Complete 
| 123|0x0000000712000000, 0x0000000712200000, 0x0000000712200000|100%| E|CS|TAMS 0x0000000712000000, 0x0000000712000000| Complete 
| 124|0x0000000712200000, 0x0000000712400000, 0x0000000712400000|100%| E|CS|TAMS 0x0000000712200000, 0x0000000712200000| Complete 
| 125|0x0000000712400000, 0x0000000712600000, 0x0000000712600000|100%| E|CS|TAMS 0x0000000712400000, 0x0000000712400000| Complete 
| 126|0x0000000712600000, 0x0000000712800000, 0x0000000712800000|100%| E|CS|TAMS 0x0000000712600000, 0x0000000712600000| Complete 

Card table byte_map: [0x000001d05c400000,0x000001d05cbf0000] _byte_map_base: 0x000001d058beb000

Marking Bits (Prev, Next): (CMBitMap*) 0x000001d0449ea9f0, (CMBitMap*) 0x000001d0449eaa30
 Prev Bits: [0x000001d05d3e0000, 0x000001d061338000)
 Next Bits: [0x000001d061340000, 0x000001d065298000)

Polling page: 0x000001d0428c0000

Metaspace:

Usage:
  Non-class:      6.17 MB used.
      Class:    730.01 KB used.
       Both:      6.88 MB used.

Virtual space:
  Non-class space:       64.00 MB reserved,       6.25 MB ( 10%) committed,  1 nodes.
      Class space:        1.00 GB reserved,     832.00 KB ( <1%) committed,  1 nodes.
             Both:        1.06 GB reserved,       7.06 MB ( <1%) committed. 

Chunk freelists:
   Non-Class:  1.00 MB
       Class:  3.24 MB
        Both:  4.24 MB

MaxMetaspaceSize: unlimited
CompressedClassSpaceSize: 1.00 GB
Initial GC threshold: 21.00 MB
Current GC threshold: 21.00 MB
CDS: on
MetaspaceReclaimPolicy: balanced
 - commit_granule_bytes: 65536.
 - commit_granule_words: 8192.
 - virtual_space_node_default_size: 8388608.
 - enlarge_chunks_in_place: 1.
 - new_chunks_are_fully_committed: 0.
 - uncommit_free_chunks: 1.
 - use_allocation_guard: 0.


Internal statistics:

num_allocs_failed_limit: 0.
num_arena_births: 142.
num_arena_deaths: 0.
num_vsnodes_births: 2.
num_vsnodes_deaths: 0.
num_space_committed: 113.
num_space_uncommitted: 0.
num_chunks_returned_to_freelist: 0.
num_chunks_taken_from_freelist: 154.
num_chunk_merges: 0.
num_chunk_splits: 105.
num_chunks_enlarged: 69.
num_inconsistent_stats: 0.

CodeHeap 'non-profiled nmethods': size=120000Kb used=417Kb max_used=417Kb free=119582Kb
 bounds [0x000001d0543a0000, 0x000001d054610000, 0x000001d05b8d0000]
CodeHeap 'profiled nmethods': size=120000Kb used=1897Kb max_used=1897Kb free=118102Kb
 bounds [0x000001d04c8d0000, 0x000001d04cb40000, 0x000001d053e00000]
CodeHeap 'non-nmethods': size=5760Kb used=1347Kb max_used=1407Kb free=4412Kb
 bounds [0x000001d053e00000, 0x000001d054070000, 0x000001d0543a0000]
 total_blobs=1753 nmethods=1164 adapters=500
 compilation: enabled
              stopped_count=0, restarted_count=0
 full_count=0

Compilation events (20 events):
Event: 1.838 Thread 0x000001d067d0bb90 nmethod 1152 0x000001d04caa4690 code [0x000001d04caa4820, 0x000001d04caa4978]
Event: 1.839 Thread 0x000001d067d0bb90 1153   !   3       sun.awt.GlobalCursorManager::_updateCursor (165 bytes)
Event: 1.841 Thread 0x000001d067d0bb90 nmethod 1153 0x000001d04caa4a10 code [0x000001d04caa4e60, 0x000001d04caa6b48]
Event: 1.841 Thread 0x000001d067d0bb90 1155       3       java.awt.Component$1::getLocation (5 bytes)
Event: 1.841 Thread 0x000001d067d0bb90 nmethod 1155 0x000001d04caa7b10 code [0x000001d04caa7cc0, 0x000001d04caa7fb8]
Event: 1.841 Thread 0x000001d067d0bb90 1156       3       java.awt.Component::location_NoClientCode (16 bytes)
Event: 1.841 Thread 0x000001d067d0bb90 nmethod 1156 0x000001d04caa8110 code [0x000001d04caa82c0, 0x000001d04caa8558]
Event: 1.844 Thread 0x000001d067d0bb90 1157       3       jdk.internal.misc.Unsafe::getAndBitwiseAndInt (27 bytes)
Event: 1.844 Thread 0x000001d067d0bb90 nmethod 1157 0x000001d04caa8690 code [0x000001d04caa8840, 0x000001d04caa8a88]
Event: 1.844 Thread 0x000001d067d0bb90 1158       3       java.lang.Thread::interrupted (7 bytes)
Event: 1.845 Thread 0x000001d067d0bb90 nmethod 1158 0x000001d04caa8b90 code [0x000001d04caa8d40, 0x000001d04caa8fa8]
Event: 1.845 Thread 0x000001d067d0bb90 1159       3       java.lang.Thread::getAndClearInterrupt (19 bytes)
Event: 1.845 Thread 0x000001d067d0bb90 nmethod 1159 0x000001d04caa9090 code [0x000001d04caa9240, 0x000001d04caa93c8]
Event: 1.876 Thread 0x000001d067d07210 1160       4       javax.swing.JComponent::contains (27 bytes)
Event: 1.877 Thread 0x000001d067d07210 nmethod 1160 0x000001d054407a90 code [0x000001d054407c00, 0x000001d054407cd8]
Event: 2.052 Thread 0x000001d067d0bb90 1161       3       java.awt.EventQueue::uncacheEQItem (53 bytes)
Event: 2.053 Thread 0x000001d067d0bb90 nmethod 1161 0x000001d04caa9490 code [0x000001d04caa9680, 0x000001d04caa9da8]
Event: 2.068 Thread 0x000001d067d0bb90 1162       3       java.util.concurrent.locks.AbstractQueuedSynchronizer$Node::getAndUnsetStatus (14 bytes)
Event: 2.069 Thread 0x000001d067d0bb90 nmethod 1162 0x000001d04caa9f90 code [0x000001d04caaa140, 0x000001d04caaa448]
Event: 3161.026 Thread 0x000001d067d07210 1165       4       java.util.Arrays::binarySearch0 (95 bytes)

GC Heap History (0 events):
No events

Dll operation events (9 events):
Event: 0.007 Loaded shared library C:\Program Files\Java\jdk-19\bin\java.dll
Event: 0.014 Loaded shared library C:\Program Files\Java\jdk-19\bin\jsvml.dll
Event: 0.059 Loaded shared library C:\Program Files\Java\jdk-19\bin\net.dll
Event: 0.060 Loaded shared library C:\Program Files\Java\jdk-19\bin\nio.dll
Event: 0.078 Loaded shared library C:\Program Files\Java\jdk-19\bin\zip.dll
Event: 0.092 Loaded shared library C:\Program Files\Java\jdk-19\bin\jimage.dll
Event: 0.103 Loaded shared library C:\Program Files\Java\jdk-19\bin\awt.dll
Event: 0.259 Loaded shared library C:\Program Files\Java\jdk-19\bin\freetype.dll
Event: 0.260 Loaded shared library C:\Program Files\Java\jdk-19\bin\fontmanager.dll

Deoptimization events (20 events):
Event: 0.281 Thread 0x000001d044977650 Uncommon trap: trap_request=0xffffff45 fr.pc=0x000001d0543c94d0 relative=0x0000000000000510
Event: 0.281 Thread 0x000001d044977650 Uncommon trap: reason=unstable_if action=reinterpret pc=0x000001d0543c94d0 method=java.lang.StringLatin1.replace([BCC)Ljava/lang/String; @ 19 c2
Event: 0.281 Thread 0x000001d044977650 DEOPT PACKING pc=0x000001d0543c94d0 sp=0x00000001faefe990
Event: 0.281 Thread 0x000001d044977650 DEOPT UNPACKING pc=0x000001d053e66da3 sp=0x00000001faefe910 mode 2
Event: 0.340 Thread 0x000001d06c3e5d40 Uncommon trap: trap_request=0xffffff45 fr.pc=0x000001d0543d411c relative=0x00000000000004dc
Event: 0.340 Thread 0x000001d06c3e5d40 Uncommon trap: reason=unstable_if action=reinterpret pc=0x000001d0543d411c method=java.lang.StringLatin1.toLowerCase(Ljava/lang/String;[BLjava/util/Locale;)Ljava/lang/String; @ 43 c2
Event: 0.340 Thread 0x000001d06c3e5d40 DEOPT PACKING pc=0x000001d0543d411c sp=0x00000001fc5fd250
Event: 0.340 Thread 0x000001d06c3e5d40 DEOPT UNPACKING pc=0x000001d053e66da3 sp=0x00000001fc5fd1c0 mode 2
Event: 0.376 Thread 0x000001d06c3e5d40 DEOPT PACKING pc=0x000001d04c8dd367 sp=0x00000001fc5fce20
Event: 0.376 Thread 0x000001d06c3e5d40 DEOPT UNPACKING pc=0x000001d053e67543 sp=0x00000001fc5fc240 mode 0
Event: 0.409 Thread 0x000001d06c3e5d40 DEOPT PACKING pc=0x000001d04c8d81d1 sp=0x00000001fc5fce70
Event: 0.409 Thread 0x000001d06c3e5d40 DEOPT UNPACKING pc=0x000001d053e67543 sp=0x00000001fc5fc2e8 mode 0
Event: 0.514 Thread 0x000001d06c3e5d40 Uncommon trap: trap_request=0xffffff45 fr.pc=0x000001d0543aa2bc relative=0x000000000000009c
Event: 0.514 Thread 0x000001d06c3e5d40 Uncommon trap: reason=unstable_if action=reinterpret pc=0x000001d0543aa2bc method=java.lang.String.isLatin1()Z @ 10 c2
Event: 0.514 Thread 0x000001d06c3e5d40 DEOPT PACKING pc=0x000001d0543aa2bc sp=0x00000001fc5fd060
Event: 0.514 Thread 0x000001d06c3e5d40 DEOPT UNPACKING pc=0x000001d053e66da3 sp=0x00000001fc5fcf90 mode 2
Event: 0.533 Thread 0x000001d06c3e5d40 Uncommon trap: trap_request=0xffffff45 fr.pc=0x000001d0543e67cc relative=0x000000000000040c
Event: 0.533 Thread 0x000001d06c3e5d40 Uncommon trap: reason=unstable_if action=reinterpret pc=0x000001d0543e67cc method=java.lang.Character.isSurrogate(C)Z @ 3 c2
Event: 0.533 Thread 0x000001d06c3e5d40 DEOPT PACKING pc=0x000001d0543e67cc sp=0x00000001fc5fcd30
Event: 0.533 Thread 0x000001d06c3e5d40 DEOPT UNPACKING pc=0x000001d053e66da3 sp=0x00000001fc5fcc48 mode 2

Classes loaded (20 events):
Event: 0.626 Loading class java/awt/Toolkit$SelectiveAWTEventListener
Event: 0.626 Loading class java/awt/Toolkit$SelectiveAWTEventListener done
Event: 0.626 Loading class java/awt/Toolkit$ToolkitEventMulticaster
Event: 0.626 Loading class java/awt/Toolkit$ToolkitEventMulticaster done
Event: 0.626 Loading class java/awt/event/MouseWheelEvent
Event: 0.626 Loading class java/awt/event/MouseWheelEvent done
Event: 1.252 Loading class javax/swing/event/ChangeEvent
Event: 1.252 Loading class javax/swing/event/ChangeEvent done
Event: 2.517 Loading class java/awt/LightweightDispatcher$2
Event: 2.517 Loading class java/awt/LightweightDispatcher$2 done
Event: 2.876 Loading class java/awt/KeyboardFocusManager$2
Event: 2.876 Loading class java/awt/KeyboardFocusManager$2 done
Event: 2.876 Loading class sun/awt/SunToolkit$1
Event: 2.877 Loading class sun/awt/SunToolkit$1 done
Event: 3161.016 Loading class java/util/WeakHashMap$KeyIterator
Event: 3161.016 Loading class java/util/WeakHashMap$HashIterator
Event: 3161.016 Loading class java/util/WeakHashMap$HashIterator done
Event: 3161.016 Loading class java/util/WeakHashMap$KeyIterator done
Event: 3161.017 Loading class javax/swing/RepaintManager$DisplayChangedRunnable
Event: 3161.017 Loading class javax/swing/RepaintManager$DisplayChangedRunnable done

Classes unloaded (0 events):
No events

Classes redefined (0 events):
No events

Internal exceptions (17 events):
Event: 0.061 Thread 0x000001d044977650 Exception <a 'sun/nio/fs/WindowsException'{0x000000071279cef0}> (0x000000071279cef0) 
thrown [s\open\src\hotspot\share\prims\jni.cpp, line 517]
Event: 0.061 Thread 0x000001d044977650 Exception <a 'sun/nio/fs/WindowsException'{0x000000071279d4d0}> (0x000000071279d4d0) 
thrown [s\open\src\hotspot\share\prims\jni.cpp, line 517]
Event: 0.063 Thread 0x000001d044977650 Exception <a 'sun/nio/fs/WindowsException'{0x000000071279fb88}> (0x000000071279fb88) 
thrown [s\open\src\hotspot\share\prims\jni.cpp, line 517]
Event: 0.063 Thread 0x000001d044977650 Exception <a 'sun/nio/fs/WindowsException'{0x00000007127a0768}> (0x00000007127a0768) 
thrown [s\open\src\hotspot\share\prims\jni.cpp, line 517]
Event: 0.063 Thread 0x000001d044977650 Exception <a 'sun/nio/fs/WindowsException'{0x00000007127a1348}> (0x00000007127a1348) 
thrown [s\open\src\hotspot\share\prims\jni.cpp, line 517]
Event: 0.096 Thread 0x000001d044977650 Exception <a 'java/lang/ClassNotFoundException'{0x0000000712514ba0}: sun/awt/resources/spi/awtProvider> (0x0000000712514ba0) 
thrown [s\open\src\hotspot\share\classfile\systemDictionary.cpp, line 255]
Event: 0.113 Thread 0x000001d044977650 Exception <a 'java/io/FileNotFoundException'{0x000000071256c740}> (0x000000071256c740) 
thrown [s\open\src\hotspot\share\prims\jni.cpp, line 517]
Event: 0.119 Thread 0x000001d044977650 Exception <a 'java/io/FileNotFoundException'{0x0000000712598c38}> (0x0000000712598c38) 
thrown [s\open\src\hotspot\share\prims\jni.cpp, line 517]
Event: 0.154 Thread 0x000001d044977650 Exception <a 'java/lang/NoSuchMethodError'{0x00000007125dda20}: 'java.lang.Object java.lang.invoke.DirectMethodHandle$Holder.invokeStaticInit(java.lang.Object)'> (0x00000007125dda20) 
thrown [s\open\src\hotspot\share\interpreter\linkResolver.cpp, line 774]
Event: 0.185 Thread 0x000001d044977650 Exception <a 'java/lang/NoSuchMethodError'{0x0000000712314360}: 'void java.lang.invoke.DirectMethodHandle$Holder.invokeSpecial(java.lang.Object, java.lang.Object, java.lang.Object)'> (0x0000000712314360) 
thrown [s\open\src\hotspot\share\interpreter\linkResolver.cpp, line 774]
Event: 0.193 Thread 0x000001d044977650 Exception <a 'java/lang/NoSuchMethodError'{0x000000071233eea0}: 'java.lang.Object java.lang.invoke.DirectMethodHandle$Holder.newInvokeSpecial(java.lang.Object, java.lang.Object, java.lang.Object, java.lang.Object, java.lang.Object)'> (0x000000071233eea0) 
thrown [s\open\src\hotspot\share\interpreter\linkResolver.cpp, line 774]
Event: 0.199 Thread 0x000001d044977650 Exception <a 'java/lang/NoSuchMethodError'{0x0000000712370b28}: 'java.lang.Object java.lang.invoke.DirectMethodHandle$Holder.invokeStatic(java.lang.Object, int, java.lang.Object)'> (0x0000000712370b28) 
thrown [s\open\src\hotspot\share\interpreter\linkResolver.cpp, line 774]
Event: 0.222 Thread 0x000001d044977650 Exception <a 'java/lang/ClassNotFoundException'{0x000000071202cb70}: com/sun/swing/internal/plaf/metal/resources/spi/metalProvider> (0x000000071202cb70) 
thrown [s\open\src\hotspot\share\classfile\systemDictionary.cpp, line 255]
Event: 0.223 Thread 0x000001d044977650 Exception <a 'java/lang/ClassNotFoundException'{0x0000000712030b40}: com/sun/swing/internal/plaf/basic/resources/spi/basicProvider> (0x0000000712030b40) 
thrown [s\open\src\hotspot\share\classfile\systemDictionary.cpp, line 255]
Event: 0.230 Thread 0x000001d044977650 Exception <a 'java/lang/NoSuchMethodError'{0x0000000712050800}: 'int java.lang.invoke.Invokers$Holder.invokeExact_MT(java.lang.Object, java.lang.Object)'> (0x0000000712050800) 
thrown [s\open\src\hotspot\share\interpreter\linkResolver.cpp, line 774]
Event: 0.256 Thread 0x000001d044977650 Exception <a 'java/lang/NoSuchMethodError'{0x00000007120f2f20}: 'void java.lang.invoke.DirectMethodHandle$Holder.invokeStaticInit(java.lang.Object)'> (0x00000007120f2f20) 
thrown [s\open\src\hotspot\share\interpreter\linkResolver.cpp, line 774]
Event: 0.296 Thread 0x000001d06c3849c0 Exception <a 'java/lang/NoSuchMethodError'{0x00000007122815e0}: 'void java.lang.invoke.DirectMethodHandle$Holder.invokeVirtual(java.lang.Object, java.lang.Object)'> (0x00000007122815e0) 
thrown [s\open\src\hotspot\share\interpreter\linkResolver.cpp, line 774]

VM Operations (16 events):
Event: 0.064 Executing VM operation: HandshakeAllThreads
Event: 0.064 Executing VM operation: HandshakeAllThreads done
Event: 0.126 Executing VM operation: HandshakeAllThreads
Event: 0.126 Executing VM operation: HandshakeAllThreads done
Event: 0.233 Executing VM operation: HandshakeAllThreads
Event: 0.233 Executing VM operation: HandshakeAllThreads done
Event: 0.584 Executing VM operation: HandshakeAllThreads
Event: 0.584 Executing VM operation: HandshakeAllThreads done
Event: 0.584 Executing VM operation: HandshakeAllThreads
Event: 0.584 Executing VM operation: HandshakeAllThreads done
Event: 0.597 Executing VM operation: ICBufferFull
Event: 0.597 Executing VM operation: ICBufferFull done
Event: 1.607 Executing VM operation: Cleanup
Event: 1.607 Executing VM operation: Cleanup done
Event: 2.618 Executing VM operation: Cleanup
Event: 2.618 Executing VM operation: Cleanup done

Events (20 events):
Event: 0.015 Thread 0x000001d044977650 Thread added: 0x000001d044977650
Event: 0.026 Thread 0x000001d067cd2540 Thread added: 0x000001d067cd2540
Event: 0.026 Thread 0x000001d067cd3180 Thread added: 0x000001d067cd3180
Event: 0.026 Thread 0x000001d067cd6860 Thread added: 0x000001d067cd6860
Event: 0.026 Thread 0x000001d067cd7b30 Thread added: 0x000001d067cd7b30
Event: 0.026 Thread 0x000001d067cdac10 Thread added: 0x000001d067cdac10
Event: 0.026 Thread 0x000001d067cdec70 Thread added: 0x000001d067cdec70
Event: 0.026 Thread 0x000001d067d07210 Thread added: 0x000001d067d07210
Event: 0.026 Thread 0x000001d067d0bb90 Thread added: 0x000001d067d0bb90
Event: 0.027 Thread 0x000001d067d0c500 Thread added: 0x000001d067d0c500
Event: 0.048 Thread 0x000001d06c0b20a0 Thread added: 0x000001d06c0b20a0
Event: 0.075 Thread 0x000001d06c1ab7b0 Thread added: 0x000001d06c1ab7b0
Event: 0.080 Thread 0x000001d044978530 Thread added: 0x000001d044978530
Event: 0.155 Thread 0x000001d06c292c40 Thread added: 0x000001d06c292c40
Event: 0.155 Thread 0x000001d06c37ed80 Thread added: 0x000001d06c37ed80
Event: 0.156 Thread 0x000001d06c3849c0 Thread added: 0x000001d06c3849c0
Event: 0.244 Thread 0x000001d06c3e5d40 Thread added: 0x000001d06c3e5d40
Event: 0.301 Thread 0x000001d044977650 Thread exited: 0x000001d044977650
Event: 0.301 Thread 0x000001d044977650 Thread added: 0x000001d044977650
Event: 0.958 Thread 0x000001d044978530 Thread exited: 0x000001d044978530


Dynamic libraries:
0x00007ff72edf0000 - 0x00007ff72ee00000 	C:\Program Files\Java\jdk-19\bin\java.exe
0x00007fff89b90000 - 0x00007fff89da4000 	C:\WINDOWS\SYSTEM32\ntdll.dll
0x00007fff87e80000 - 0x00007fff87f42000 	C:\WINDOWS\System32\KERNEL32.DLL
0x00007fff86f90000 - 0x00007fff87333000 	C:\WINDOWS\System32\KERNELBASE.dll
0x00007fff87700000 - 0x00007fff87811000 	C:\WINDOWS\System32\ucrtbase.dll
0x00007fff772d0000 - 0x00007fff772eb000 	C:\Program Files\Java\jdk-19\bin\VCRUNTIME140.dll
0x00007fff56870000 - 0x00007fff56888000 	C:\Program Files\Java\jdk-19\bin\jli.dll
0x00007fff88540000 - 0x00007fff885ee000 	C:\WINDOWS\System32\ADVAPI32.dll
0x00007fff87cf0000 - 0x00007fff87d97000 	C:\WINDOWS\System32\msvcrt.dll
0x00007fff87c40000 - 0x00007fff87ce4000 	C:\WINDOWS\System32\sechost.dll
0x00007fff88420000 - 0x00007fff88537000 	C:\WINDOWS\System32\RPCRT4.dll
0x00007fff87a30000 - 0x00007fff87bda000 	C:\WINDOWS\System32\USER32.dll
0x00007fff87820000 - 0x00007fff87846000 	C:\WINDOWS\System32\win32u.dll
0x00007fff74a80000 - 0x00007fff74d0e000 	C:\WINDOWS\WinSxS\amd64_microsoft.windows.common-controls_6595b64144ccf1df_6.0.22621.1635_none_270f70857386168e\COMCTL32.dll
0x00007fff87a00000 - 0x00007fff87a29000 	C:\WINDOWS\System32\GDI32.dll
0x00007fff87850000 - 0x00007fff87969000 	C:\WINDOWS\System32\gdi32full.dll
0x00007fff87340000 - 0x00007fff873da000 	C:\WINDOWS\System32\msvcp_win.dll
0x00007fff7fac0000 - 0x00007fff7faca000 	C:\WINDOWS\SYSTEM32\VERSION.dll
0x00007fff87be0000 - 0x00007fff87c11000 	C:\WINDOWS\System32\IMM32.DLL
0x00007fff823a0000 - 0x00007fff823ac000 	C:\Program Files\Java\jdk-19\bin\vcruntime140_1.dll
0x00007fff5fce0000 - 0x00007fff5fd6e000 	C:\Program Files\Java\jdk-19\bin\msvcp140.dll
0x00007fff3d9b0000 - 0x00007fff3e670000 	C:\Program Files\Java\jdk-19\bin\server\jvm.dll
0x00007fff682a0000 - 0x00007fff682a9000 	C:\WINDOWS\SYSTEM32\WSOCK32.dll
0x00007fff758c0000 - 0x00007fff758f4000 	C:\WINDOWS\SYSTEM32\WINMM.dll
0x00007fff88d40000 - 0x00007fff88db1000 	C:\WINDOWS\System32\WS2_32.dll
0x00007fff860c0000 - 0x00007fff860d8000 	C:\WINDOWS\SYSTEM32\kernel.appcore.dll
0x00007fff7f870000 - 0x00007fff7f87a000 	C:\Program Files\Java\jdk-19\bin\jimage.dll
0x00007fff846e0000 - 0x00007fff8490e000 	C:\WINDOWS\SYSTEM32\DBGHELP.DLL
0x00007fff88090000 - 0x00007fff88419000 	C:\WINDOWS\System32\combase.dll
0x00007fff87f50000 - 0x00007fff88027000 	C:\WINDOWS\System32\OLEAUT32.dll
0x00007fff62d60000 - 0x00007fff62d92000 	C:\WINDOWS\SYSTEM32\dbgcore.DLL
0x00007fff87680000 - 0x00007fff876fa000 	C:\WINDOWS\System32\bcryptPrimitives.dll
0x00007fff74ff0000 - 0x00007fff75016000 	C:\Program Files\Java\jdk-19\bin\java.dll
0x00007fff5d6a0000 - 0x00007fff5d777000 	C:\Program Files\Java\jdk-19\bin\jsvml.dll
0x00007fff88f90000 - 0x00007fff89789000 	C:\WINDOWS\System32\SHELL32.dll
0x00007fff84f80000 - 0x00007fff8584e000 	C:\WINDOWS\SYSTEM32\windows.storage.dll
0x00007fff84e40000 - 0x00007fff84f7e000 	C:\WINDOWS\SYSTEM32\wintypes.dll
0x00007fff887c0000 - 0x00007fff888b1000 	C:\WINDOWS\System32\SHCORE.dll
0x00007fff87da0000 - 0x00007fff87dfe000 	C:\WINDOWS\System32\shlwapi.dll
0x00007fff86ec0000 - 0x00007fff86ee6000 	C:\WINDOWS\SYSTEM32\profapi.dll
0x00007fff75dc0000 - 0x00007fff75dd3000 	C:\Program Files\Java\jdk-19\bin\net.dll
0x00007fff809a0000 - 0x00007fff80ad7000 	C:\WINDOWS\SYSTEM32\WINHTTP.dll
0x00007fff86540000 - 0x00007fff865a9000 	C:\WINDOWS\system32\mswsock.dll
0x00007fff734e0000 - 0x00007fff734f6000 	C:\Program Files\Java\jdk-19\bin\nio.dll
0x00007fff71670000 - 0x00007fff71688000 	C:\Program Files\Java\jdk-19\bin\zip.dll
0x00007fff3d810000 - 0x00007fff3d9a1000 	C:\Program Files\Java\jdk-19\bin\awt.dll
0x00007fff83fd0000 - 0x00007fff84067000 	C:\WINDOWS\SYSTEM32\apphelp.dll
0x00007fff84410000 - 0x00007fff8443b000 	C:\WINDOWS\system32\DWMAPI.DLL
0x00007fff841b0000 - 0x00007fff8425b000 	C:\WINDOWS\system32\uxtheme.dll
0x00007fff714e0000 - 0x00007fff715e0000 	C:\WINDOWS\system32\opengl32.dll
0x00007fff760c0000 - 0x00007fff760ed000 	C:\WINDOWS\SYSTEM32\GLU32.dll
0x00007fff842c0000 - 0x00007fff842f8000 	C:\WINDOWS\SYSTEM32\dxcore.dll
0x00007fff897f0000 - 0x00007fff89917000 	C:\WINDOWS\System32\MSCTF.dll
0x00007fff89920000 - 0x00007fff89abc000 	C:\WINDOWS\System32\ole32.dll
0x00007fff565d0000 - 0x00007fff56656000 	C:\Program Files\Java\jdk-19\bin\freetype.dll
0x00007fff430e0000 - 0x00007fff43189000 	C:\Program Files\Java\jdk-19\bin\fontmanager.dll
0x00007fff72af0000 - 0x00007fff72c1d000 	C:\WINDOWS\SYSTEM32\textinputframework.dll
0x00007fff83cf0000 - 0x00007fff83e23000 	C:\WINDOWS\SYSTEM32\CoreMessaging.dll
0x00007fff7fb30000 - 0x00007fff7fe9c000 	C:\WINDOWS\SYSTEM32\CoreUIComponents.dll
0x00007fff867c0000 - 0x00007fff867cc000 	C:\WINDOWS\SYSTEM32\CRYPTBASE.DLL

dbghelp: loaded successfully - version: 4.0.5 - missing functions: none
symbol engine: initialized successfully - sym options: 0x614 - pdb path: .;C:\Program Files\Java\jdk-19\bin;C:\WINDOWS\SYSTEM32;C:\WINDOWS\WinSxS\amd64_microsoft.windows.common-controls_6595b64144ccf1df_6.0.22621.1635_none_270f70857386168e;C:\Program Files\Java\jdk-19\bin\server

VM Arguments:
jvm_args: -Dfile.encoding=UTF-8 --module-path=C:\Users\amitr\OneDrive\Pictures\Documents\NetBeansProjects\Bank Management System\build\classes 
java_command: bank.management.system.SignupThree
java_class_path (initial): C:\Users\amitr\OneDrive\Desktop\Bank management system\jcalendar-tz-1.3.3-4.jar;C:\Users\amitr\OneDrive\Desktop\Bank management system\mysql-connector-java-8.0.28.jar;C:\Users\amitr\OneDrive\Pictures\Documents\NetBeansProjects\Bank Management System\build\classes
Launcher Type: SUN_STANDARD

[Global flags]
     intx CICompilerCount                          = 4                                         {product} {ergonomic}
     uint ConcGCThreads                            = 2                                         {product} {ergonomic}
     uint G1ConcRefinementThreads                  = 8                                         {product} {ergonomic}
   size_t G1HeapRegionSize                         = 2097152                                   {product} {ergonomic}
    uintx GCDrainStackTargetSize                   = 64                                        {product} {ergonomic}
   size_t InitialHeapSize                          = 266338304                                 {product} {ergonomic}
   size_t MarkStackSize                            = 4194304                                   {product} {ergonomic}
   size_t MaxHeapSize                              = 4250927104                                {product} {ergonomic}
   size_t MaxNewSize                               = 2550136832                                {product} {ergonomic}
   size_t MinHeapDeltaBytes                        = 2097152                                   {product} {ergonomic}
   size_t MinHeapSize                              = 8388608                                   {product} {ergonomic}
    uintx NonNMethodCodeHeapSize                   = 5839372                                {pd product} {ergonomic}
    uintx NonProfiledCodeHeapSize                  = 122909434                              {pd product} {ergonomic}
    uintx ProfiledCodeHeapSize                     = 122909434                              {pd product} {ergonomic}
    uintx ReservedCodeCacheSize                    = 251658240                              {pd product} {ergonomic}
     bool SegmentedCodeCache                       = true                                      {product} {ergonomic}
   size_t SoftMaxHeapSize                          = 4250927104                             {manageable} {ergonomic}
     bool UseCompressedClassPointers               = true                           {product lp64_product} {ergonomic}
     bool UseCompressedOops                        = true                           {product lp64_product} {ergonomic}
     bool UseG1GC                                  = true                                      {product} {ergonomic}
     bool UseLargePagesIndividualAllocation        = false                                  {pd product} {ergonomic}

Logging:
Log output configuration:
 #0: stdout all=warning uptime,level,tags foldmultilines=false
 #1: stderr all=off uptime,level,tags foldmultilines=false

Environment Variables:
JAVA_HOME=C:\Program Files\Java\jdk-19
PATH=C:\Python3.11.1\Scripts\;C:\Python3.11.1\;C:\Program Files\Common Files\Oracle\Java\javapath;C:\Windows\system32;C:\Windows;C:\Windows\System32\Wbem;C:\Windows\System32\WindowsPowerShell\v1.0\;C:\Windows\System32\OpenSSH\;C:\Program Files (x86)\NVIDIA Corporation\PhysX\Common;C:\Program Files\NVIDIA Corporation\NVIDIA NvDLISR;C:\Program Files\Microsoft SQL Server\150\Tools\Binn\;C:\msys64\mingw64\bin;C:\WINDOWS\system32;C:\WINDOWS;C:\WINDOWS\System32\Wbem;C:\WINDOWS\System32\WindowsPowerShell\v1.0\;C:\WINDOWS\System32\OpenSSH\;C:\Program Files\Java\jdk-19\bin;C:\msys64\mingw64\bin;C:\Program Files\dotnet\;C:\Program Files\PowerShell\7\;C:\Program Files\MySQL\MySQL Server 8.0\bin;C:\Program Files\MySQL\MySQL Shell 8.0\bin\;C:\Users\amitr\AppData\Local\Microsoft\WindowsApps;C:\Users\amitr\AppData\Local\Programs\Microsoft VS Code\bin;;C:\Program Files\JetBrains\PyCharm Community Edition 2022.2.4\bin;
USERNAME=amitr
OS=Windows_NT
PROCESSOR_IDENTIFIER=Intel64 Family 6 Model 165 Stepping 2, GenuineIntel
TMP=C:\Users\amitr\AppData\Local\Temp
TEMP=C:\Users\amitr\AppData\Local\Temp



---------------  S Y S T E M  ---------------

OS:
 Windows 11 , 64 bit Build 22621 (10.0.22621.1928)
OS uptime: 7 days 0:52 hours

CPU: total 8 (initial active 8) (4 cores per cpu, 2 threads per core) family 6 model 165 stepping 2 microcode 0xea, cx8, cmov, fxsr, ht, mmx, 3dnowpref, sse, sse2, sse3, ssse3, sse4.1, sse4.2, popcnt, lzcnt, tsc, tscinvbit, avx, avx2, aes, erms, clmul, bmi1, bmi2, adx, fma, vzeroupper, clflush, clflushopt, rdtscp

Memory: 4k page, system-wide physical 16215M (4806M free)
TotalPageFile size 46540M (AvailPageFile size 0M)
current process WorkingSet (physical memory assigned to process): 68M, peak: 85M
current process commit charge ("private bytes"): 353M, peak: 370M

vm_info: Java HotSpot(TM) 64-Bit Server VM (19+36-2238) for windows-amd64 JRE (19+36-2238), built on 2022-08-12T20:29:01Z by "mach5one" with MS VC++ 17.1 (VS2022)

END.
